<?xml version="1.0" encoding="UTF-8"?>
<testsuite xmlns:xsi="http://www.w3.org/2001/XMLSchema-instance" xsi:noNamespaceSchemaLocation="https://maven.apache.org/surefire/maven-surefire-plugin/xsd/surefire-test-report-3.0.xsd" version="3.0" name="jenkins.plugins.logstash.LogstashIntegrationTest" time="39.363" tests="12" errors="0" skipped="0" failures="0">
  <properties>
    <property name="java.specification.version" value="21"/>
    <property name="sun.cpu.isalist" value="amd64"/>
    <property name="sun.jnu.encoding" value="Cp1252"/>
    <property name="java.class.path" value="C:\Users\david\Desktop\david\logstash-plugin\target\test-classes;C:\Users\david\Desktop\david\logstash-plugin\target\classes;C:\Users\david\.m2\repository\org\jenkins-ci\plugins\apache-httpcomponents-client-4-api\4.5.14-150.v7a_b_9d17134a_5\apache-httpcomponents-client-4-api-4.5.14-150.v7a_b_9d17134a_5.jar;C:\Users\david\.m2\repository\org\apache\httpcomponents\httpcore\4.4.16\httpcore-4.4.16.jar;C:\Users\david\.m2\repository\org\apache\httpcomponents\httpcore-nio\4.4.16\httpcore-nio-4.4.16.jar;C:\Users\david\.m2\repository\org\apache\httpcomponents\httpclient\4.5.14\httpclient-4.5.14.jar;C:\Users\david\.m2\repository\org\apache\httpcomponents\httpmime\4.5.14\httpmime-4.5.14.jar;C:\Users\david\.m2\repository\org\apache\httpcomponents\fluent-hc\4.5.14\fluent-hc-4.5.14.jar;C:\Users\david\.m2\repository\org\apache\httpcomponents\httpclient-cache\4.5.14\httpclient-cache-4.5.14.jar;C:\Users\david\.m2\repository\org\apache\httpcomponents\httpasyncclient\4.1.5\httpasyncclient-4.1.5.jar;C:\Users\david\.m2\repository\org\apache\httpcomponents\httpasyncclient-cache\4.1.5\httpasyncclient-cache-4.1.5.jar;C:\Users\david\.m2\repository\redis\clients\jedis\2.6.0\jedis-2.6.0.jar;C:\Users\david\.m2\repository\org\apache\commons\commons-pool2\2.0\commons-pool2-2.0.jar;C:\Users\david\.m2\repository\com\rabbitmq\amqp-client\3.3.5\amqp-client-3.3.5.jar;C:\Users\david\.m2\repository\com\google\code\gson\gson\2.8.9\gson-2.8.9.jar;C:\Users\david\.m2\repository\com\cloudbees\syslog-java-client\1.0.6\syslog-java-client-1.0.6.jar;C:\Users\david\.m2\repository\org\jenkins-ci\plugins\junit\1217.v4297208a_a_b_ce\junit-1217.v4297208a_a_b_ce.jar;C:\Users\david\.m2\repository\io\jenkins\plugins\echarts-api\5.4.0-5\echarts-api-5.4.0-5.jar;C:\Users\david\.m2\repository\io\jenkins\plugins\font-awesome-api\6.4.0-2\font-awesome-api-6.4.0-2.jar;C:\Users\david\.m2\repository\io\jenkins\plugins\jquery3-api\3.7.0-1\jquery3-api-3.7.0-1.jar;C:\Users\david\.m2\repository\io\jenkins\plugins\ionicons-api\56.v1b_1c8c49374e\ionicons-api-56.v1b_1c8c49374e.jar;C:\Users\david\.m2\repository\io\jenkins\plugins\checks-api\2.0.0\checks-api-2.0.0.jar;C:\Users\david\.m2\repository\io\jenkins\plugins\commons-lang3-api\3.13.0-62.v7d18e55f51e2\commons-lang3-api-3.13.0-62.v7d18e55f51e2.jar;C:\Users\david\.m2\repository\org\apache\commons\commons-lang3\3.13.0\commons-lang3-3.13.0.jar;C:\Users\david\.m2\repository\io\jenkins\plugins\plugin-util-api\3.3.0\plugin-util-api-3.3.0.jar;C:\Users\david\.m2\repository\org\jenkins-ci\plugins\display-url-api\2.3.9\display-url-api-2.3.9.jar;C:\Users\david\.m2\repository\io\jenkins\plugins\bootstrap5-api\5.3.0-1\bootstrap5-api-5.3.0-1.jar;C:\Users\david\.m2\repository\org\jenkins-ci\plugins\workflow\workflow-api\1259.vb_47f14fffc8a_\workflow-api-1259.vb_47f14fffc8a_.jar;C:\Users\david\.m2\repository\org\jenkins-ci\plugins\jackson2-api\2.15.2-350.v0c2f3f8fc595\jackson2-api-2.15.2-350.v0c2f3f8fc595.jar;C:\Users\david\.m2\repository\com\fasterxml\jackson\core\jackson-databind\2.15.2\jackson-databind-2.15.2.jar;C:\Users\david\.m2\repository\com\fasterxml\jackson\datatype\jackson-datatype-jsr310\2.15.2\jackson-datatype-jsr310-2.15.2.jar;C:\Users\david\.m2\repository\com\fasterxml\jackson\datatype\jackson-datatype-jdk8\2.15.2\jackson-datatype-jdk8-2.15.2.jar;C:\Users\david\.m2\repository\com\fasterxml\jackson\datatype\jackson-datatype-json-org\2.15.2\jackson-datatype-json-org-2.15.2.jar;C:\Users\david\.m2\repository\com\fasterxml\jackson\module\jackson-module-parameter-names\2.15.2\jackson-module-parameter-names-2.15.2.jar;C:\Users\david\.m2\repository\com\fasterxml\jackson\core\jackson-core\2.15.2\jackson-core-2.15.2.jar;C:\Users\david\.m2\repository\com\fasterxml\jackson\core\jackson-annotations\2.15.2\jackson-annotations-2.15.2.jar;C:\Users\david\.m2\repository\com\fasterxml\jackson\module\jackson-module-jaxb-annotations\2.15.2\jackson-module-jaxb-annotations-2.15.2.jar;C:\Users\david\.m2\repository\com\fasterxml\jackson\dataformat\jackson-dataformat-cbor\2.15.2\jackson-dataformat-cbor-2.15.2.jar;C:\Users\david\.m2\repository\com\fasterxml\jackson\dataformat\jackson-dataformat-xml\2.15.2\jackson-dataformat-xml-2.15.2.jar;C:\Users\david\.m2\repository\org\codehaus\woodstox\stax2-api\4.2.1\stax2-api-4.2.1.jar;C:\Users\david\.m2\repository\com\fasterxml\woodstox\woodstox-core\6.5.1\woodstox-core-6.5.1.jar;C:\Users\david\.m2\repository\com\fasterxml\jackson\dataformat\jackson-dataformat-yaml\2.15.2\jackson-dataformat-yaml-2.15.2.jar;C:\Users\david\.m2\repository\io\jenkins\plugins\javax-activation-api\1.2.0-6\javax-activation-api-1.2.0-6.jar;C:\Users\david\.m2\repository\com\sun\activation\javax.activation\1.2.0\javax.activation-1.2.0.jar;C:\Users\david\.m2\repository\io\jenkins\plugins\jaxb\2.3.8-1\jaxb-2.3.8-1.jar;C:\Users\david\.m2\repository\com\sun\xml\bind\jaxb-impl\2.3.8\jaxb-impl-2.3.8.jar;C:\Users\david\.m2\repository\javax\xml\bind\jaxb-api\2.3.1\jaxb-api-2.3.1.jar;C:\Users\david\.m2\repository\org\jenkins-ci\plugins\credentials\1271.v54b_1c2c6388a_\credentials-1271.v54b_1c2c6388a_.jar;C:\Users\david\.m2\repository\org\jenkins-ci\plugins\structs\325.vcb_307d2a_2782\structs-325.vcb_307d2a_2782.jar;C:\Users\david\.m2\repository\org\jenkins-ci\plugins\workflow\workflow-step-api\639.v6eca_cd8c04a_a_\workflow-step-api-639.v6eca_cd8c04a_a_.jar;C:\Users\david\.m2\repository\org\jenkins-ci\plugins\pipeline-stage-step\305.ve96d0205c1c6\pipeline-stage-step-305.ve96d0205c1c6.jar;C:\Users\david\.m2\repository\org\jenkins-ci\plugins\workflow\workflow-durable-task-step\1284.v4fcd365b_75b_e\workflow-durable-task-step-1284.v4fcd365b_75b_e.jar;C:\Users\david\.m2\repository\org\jenkins-ci\plugins\durable-task\523.va_a_22cf15d5e0\durable-task-523.va_a_22cf15d5e0.jar;C:\Users\david\.m2\repository\io\jenkins\plugins\lib-durable-task\40.vc66cf8fb_4613\lib-durable-task-40.vc66cf8fb_4613.jar;C:\Users\david\.m2\repository\org\jenkins-ci\plugins\workflow\workflow-support\848.v5a_383b_d14921\workflow-support-848.v5a_383b_d14921.jar;C:\Users\david\.m2\repository\org\jboss\marshalling\jboss-marshalling-river\2.1.0.Final\jboss-marshalling-river-2.1.0.Final.jar;C:\Users\david\.m2\repository\org\jboss\marshalling\jboss-marshalling\2.1.0.Final\jboss-marshalling-2.1.0.Final.jar;C:\Users\david\.m2\repository\org\jenkins-ci\plugins\scm-api\676.v886669a_199a_a_\scm-api-676.v886669a_199a_a_.jar;C:\Users\david\.m2\repository\org\jenkins-ci\plugins\workflow\workflow-job\1326.ve643e00e9220\workflow-job-1326.ve643e00e9220.jar;C:\Users\david\.m2\repository\io\jenkins\configuration-as-code\1670.v564dc8b_982d0\configuration-as-code-1670.v564dc8b_982d0.jar;C:\Users\david\.m2\repository\com\google\code\findbugs\jsr305\3.0.1\jsr305-3.0.1.jar;C:\Users\david\.m2\repository\io\jenkins\plugins\caffeine-api\3.1.8-133.v17b_1ff2e0599\caffeine-api-3.1.8-133.v17b_1ff2e0599.jar;C:\Users\david\.m2\repository\com\github\ben-manes\caffeine\caffeine\3.1.8\caffeine-3.1.8.jar;C:\Users\david\.m2\repository\io\jenkins\plugins\commons-text-api\1.10.0-68.v0d0b_c439292b_\commons-text-api-1.10.0-68.v0d0b_c439292b_.jar;C:\Users\david\.m2\repository\org\apache\commons\commons-text\1.10.0\commons-text-1.10.0.jar;C:\Users\david\.m2\repository\io\jenkins\plugins\snakeyaml-api\1.33-95.va_b_a_e3e47b_fa_4\snakeyaml-api-1.33-95.va_b_a_e3e47b_fa_4.jar;C:\Users\david\.m2\repository\org\yaml\snakeyaml\1.33\snakeyaml-1.33.jar;C:\Users\david\.m2\repository\io\vavr\vavr\0.10.4\vavr-0.10.4.jar;C:\Users\david\.m2\repository\io\vavr\vavr-match\0.10.4\vavr-match-0.10.4.jar;C:\Users\david\.m2\repository\org\json\json\20230227\json-20230227.jar;C:\Users\david\.m2\repository\org\mockito\mockito-core\5.4.0\mockito-core-5.4.0.jar;C:\Users\david\.m2\repository\net\bytebuddy\byte-buddy\1.14.5\byte-buddy-1.14.5.jar;C:\Users\david\.m2\repository\net\bytebuddy\byte-buddy-agent\1.14.5\byte-buddy-agent-1.14.5.jar;C:\Users\david\.m2\repository\org\objenesis\objenesis\3.3\objenesis-3.3.jar;C:\Users\david\.m2\repository\org\awaitility\awaitility\4.0.3\awaitility-4.0.3.jar;C:\Users\david\.m2\repository\org\jenkins-ci\plugins\script-security\1269.v639888f5e366\script-security-1269.v639888f5e366.jar;C:\Users\david\.m2\repository\org\kohsuke\groovy-sandbox\1.33\groovy-sandbox-1.33.jar;C:\Users\david\.m2\repository\org\jenkins-ci\plugins\mask-passwords\2.13\mask-passwords-2.13.jar;C:\Users\david\.m2\repository\org\jenkins-ci\plugins\envinject\2.1.5\envinject-2.1.5.jar;C:\Users\david\.m2\repository\org\jenkins-ci\plugins\envinject-api\1.3\envinject-api-1.3.jar;C:\Users\david\.m2\repository\org\jenkins-ci\lib\envinject-lib\1.27\envinject-lib-1.27.jar;C:\Users\david\.m2\repository\org\jenkins-ci\plugins\matrix-project\808.v5a_b_5f56d6966\matrix-project-808.v5a_b_5f56d6966.jar;C:\Users\david\.m2\repository\org\jenkins-ci\plugins\ansicolor\1.0.3\ansicolor-1.0.3.jar;C:\Users\david\.m2\repository\org\jenkins-ci\plugins\workflow\workflow-cps\3769.v8b_e595e4d40d\workflow-cps-3769.v8b_e595e4d40d.jar;C:\Users\david\.m2\repository\com\cloudbees\groovy-cps\3769.v8b_e595e4d40d\groovy-cps-3769.v8b_e595e4d40d.jar;C:\Users\david\.m2\repository\com\cloudbees\diff4j\1.3\diff4j-1.3.jar;C:\Users\david\.m2\repository\org\jenkins-ci\plugins\workflow\workflow-basic-steps\1042.ve7b_140c4a_e0c\workflow-basic-steps-1042.ve7b_140c4a_e0c.jar;C:\Users\david\.m2\repository\org\jenkins-ci\plugins\mailer\463.vedf8358e006b_\mailer-463.vedf8358e006b_.jar;C:\Users\david\.m2\repository\org\jenkins-ci\modules\instance-identity\173.va_37c494ec4e5\instance-identity-173.va_37c494ec4e5.jar;C:\Users\david\.m2\repository\org\jenkins-ci\plugins\bouncycastle-api\2.29\bouncycastle-api-2.29.jar;C:\Users\david\.m2\repository\org\bouncycastle\bcpkix-jdk18on\1.75\bcpkix-jdk18on-1.75.jar;C:\Users\david\.m2\repository\org\bouncycastle\bcprov-jdk18on\1.75\bcprov-jdk18on-1.75.jar;C:\Users\david\.m2\repository\org\bouncycastle\bcutil-jdk18on\1.75\bcutil-jdk18on-1.75.jar;C:\Users\david\.m2\repository\io\jenkins\plugins\jakarta-mail-api\2.0.1-3\jakarta-mail-api-2.0.1-3.jar;C:\Users\david\.m2\repository\com\sun\mail\jakarta.mail\2.0.1\jakarta.mail-2.0.1.jar;C:\Users\david\.m2\repository\io\jenkins\plugins\jakarta-activation-api\2.0.1-3\jakarta-activation-api-2.0.1-3.jar;C:\Users\david\.m2\repository\com\sun\activation\jakarta.activation\2.0.1\jakarta.activation-2.0.1.jar;C:\Users\david\.m2\repository\org\jenkins-ci\plugins\workflow\workflow-scm-step\415.v434365564324\workflow-scm-step-415.v434365564324.jar;C:\Users\david\.m2\repository\org\jenkins-ci\main\jenkins-core\2.387.3\jenkins-core-2.387.3.jar;C:\Users\david\.m2\repository\org\jenkins-ci\main\cli\2.387.3\cli-2.387.3.jar;C:\Users\david\.m2\repository\org\jenkins-ci\main\remoting\3107.v665000b_51092\remoting-3107.v665000b_51092.jar;C:\Users\david\.m2\repository\args4j\args4j\2.33\args4j-2.33.jar;C:\Users\david\.m2\repository\com\github\spotbugs\spotbugs-annotations\4.7.3\spotbugs-annotations-4.7.3.jar;C:\Users\david\.m2\repository\com\google\guava\guava\31.1-jre\guava-31.1-jre.jar;C:\Users\david\.m2\repository\com\google\guava\failureaccess\1.0.1\failureaccess-1.0.1.jar;C:\Users\david\.m2\repository\com\google\guava\listenablefuture\9999.0-empty-to-avoid-conflict-with-guava\listenablefuture-9999.0-empty-to-avoid-conflict-with-guava.jar;C:\Users\david\.m2\repository\com\google\inject\guice\5.1.0\guice-5.1.0.jar;C:\Users\david\.m2\repository\javax\inject\javax.inject\1\javax.inject-1.jar;C:\Users\david\.m2\repository\com\infradna\tool\bridge-method-annotation\1.25\bridge-method-annotation-1.25.jar;C:\Users\david\.m2\repository\com\jcraft\jzlib\1.1.3-kohsuke-1\jzlib-1.1.3-kohsuke-1.jar;C:\Users\david\.m2\repository\com\sun\solaris\embedded_su4j\1.1\embedded_su4j-1.1.jar;C:\Users\david\.m2\repository\com\sun\xml\txw2\txw2\20110809\txw2-20110809.jar;C:\Users\david\.m2\repository\relaxngDatatype\relaxngDatatype\20020414\relaxngDatatype-20020414.jar;C:\Users\david\.m2\repository\com\thoughtworks\xstream\xstream\1.4.20\xstream-1.4.20.jar;C:\Users\david\.m2\repository\io\github\x-stream\mxparser\1.2.2\mxparser-1.2.2.jar;C:\Users\david\.m2\repository\commons-beanutils\commons-beanutils\1.9.4\commons-beanutils-1.9.4.jar;C:\Users\david\.m2\repository\commons-codec\commons-codec\1.15\commons-codec-1.15.jar;C:\Users\david\.m2\repository\commons-collections\commons-collections\3.2.2\commons-collections-3.2.2.jar;C:\Users\david\.m2\repository\commons-fileupload\commons-fileupload\1.5\commons-fileupload-1.5.jar;C:\Users\david\.m2\repository\commons-io\commons-io\2.11.0\commons-io-2.11.0.jar;C:\Users\david\.m2\repository\commons-jelly\commons-jelly-tags-fmt\1.0\commons-jelly-tags-fmt-1.0.jar;C:\Users\david\.m2\repository\commons-jelly\commons-jelly-tags-xml\1.1\commons-jelly-tags-xml-1.1.jar;C:\Users\david\.m2\repository\commons-lang\commons-lang\2.6\commons-lang-2.6.jar;C:\Users\david\.m2\repository\io\jenkins\stapler\jenkins-stapler-support\1.1\jenkins-stapler-support-1.1.jar;C:\Users\david\.m2\repository\jakarta\servlet\jsp\jstl\jakarta.servlet.jsp.jstl-api\1.2.7\jakarta.servlet.jsp.jstl-api-1.2.7.jar;C:\Users\david\.m2\repository\jaxen\jaxen\2.0.0\jaxen-2.0.0.jar;C:\Users\david\.m2\repository\jline\jline\2.14.6\jline-2.14.6.jar;C:\Users\david\.m2\repository\net\java\dev\jna\jna\5.12.1\jna-5.12.1.jar;C:\Users\david\.m2\repository\net\java\sezpoz\sezpoz\1.13\sezpoz-1.13.jar;C:\Users\david\.m2\repository\net\jcip\jcip-annotations\1.0\jcip-annotations-1.0.jar;C:\Users\david\.m2\repository\net\sf\kxml\kxml2\2.3.0\kxml2-2.3.0.jar;C:\Users\david\.m2\repository\org\antlr\antlr4-runtime\4.11.1\antlr4-runtime-4.11.1.jar;C:\Users\david\.m2\repository\org\apache\ant\ant\1.10.12\ant-1.10.12.jar;C:\Users\david\.m2\repository\org\apache\ant\ant-launcher\1.10.12\ant-launcher-1.10.12.jar;C:\Users\david\.m2\repository\org\apache\commons\commons-compress\1.22\commons-compress-1.22.jar;C:\Users\david\.m2\repository\org\codehaus\groovy\groovy-all\2.4.21\groovy-all-2.4.21.jar;C:\Users\david\.m2\repository\org\connectbot\jbcrypt\jbcrypt\1.0.0\jbcrypt-1.0.0.jar;C:\Users\david\.m2\repository\org\fusesource\jansi\jansi\1.11\jansi-1.11.jar;C:\Users\david\.m2\repository\org\jenkins-ci\annotation-indexer\1.17\annotation-indexer-1.17.jar;C:\Users\david\.m2\repository\org\jenkins-ci\commons-jexl\1.1-jenkins-20111212\commons-jexl-1.1-jenkins-20111212.jar;C:\Users\david\.m2\repository\org\jenkins-ci\crypto-util\1.8\crypto-util-1.8.jar;C:\Users\david\.m2\repository\org\jenkins-ci\memory-monitor\1.12\memory-monitor-1.12.jar;C:\Users\david\.m2\repository\org\jenkins-ci\symbol-annotation\1.24\symbol-annotation-1.24.jar;C:\Users\david\.m2\repository\org\jenkins-ci\task-reactor\1.8\task-reactor-1.8.jar;C:\Users\david\.m2\repository\org\jenkins-ci\version-number\1.11\version-number-1.11.jar;C:\Users\david\.m2\repository\org\jenkins-ci\main\websocket-spi\2.387.3\websocket-spi-2.387.3.jar;C:\Users\david\.m2\repository\org\jfree\jfreechart\1.0.19\jfreechart-1.0.19.jar;C:\Users\david\.m2\repository\org\jfree\jcommon\1.0.23\jcommon-1.0.23.jar;C:\Users\david\.m2\repository\org\jvnet\hudson\commons-jelly-tags-define\1.0.1-hudson-20071021\commons-jelly-tags-define-1.0.1-hudson-20071021.jar;C:\Users\david\.m2\repository\org\jvnet\localizer\localizer\1.31\localizer-1.31.jar;C:\Users\david\.m2\repository\org\jvnet\robust-http-client\robust-http-client\1.2\robust-http-client-1.2.jar;C:\Users\david\.m2\repository\org\jvnet\winp\winp\1.30\winp-1.30.jar;C:\Users\david\.m2\repository\org\kohsuke\access-modifier-annotation\1.30\access-modifier-annotation-1.30.jar;C:\Users\david\.m2\repository\org\kohsuke\windows-package-checker\1.2\windows-package-checker-1.2.jar;C:\Users\david\.m2\repository\org\kohsuke\jinterop\j-interop\2.0.8-kohsuke-1\j-interop-2.0.8-kohsuke-1.jar;C:\Users\david\.m2\repository\org\kohsuke\jinterop\j-interopdeps\2.0.8-kohsuke-1\j-interopdeps-2.0.8-kohsuke-1.jar;C:\Users\david\.m2\repository\org\samba\jcifs\jcifs\1.3.18-kohsuke-1\jcifs-1.3.18-kohsuke-1.jar;C:\Users\david\.m2\repository\org\kohsuke\stapler\json-lib\2.4-jenkins-3\json-lib-2.4-jenkins-3.jar;C:\Users\david\.m2\repository\net\sf\ezmorph\ezmorph\1.0.6\ezmorph-1.0.6.jar;C:\Users\david\.m2\repository\org\kohsuke\stapler\stapler\1756.1758.v13fcdc2c8c34\stapler-1756.1758.v13fcdc2c8c34.jar;C:\Users\david\.m2\repository\commons-discovery\commons-discovery\0.5\commons-discovery-0.5.jar;C:\Users\david\.m2\repository\jakarta\annotation\jakarta.annotation-api\2.1.1\jakarta.annotation-api-2.1.1.jar;C:\Users\david\.m2\repository\javax\annotation\javax.annotation-api\1.3.2\javax.annotation-api-1.3.2.jar;C:\Users\david\.m2\repository\org\jvnet\tiger-types\2.2\tiger-types-2.2.jar;C:\Users\david\.m2\repository\org\kohsuke\stapler\stapler-adjunct-codemirror\1.3\stapler-adjunct-codemirror-1.3.jar;C:\Users\david\.m2\repository\org\kohsuke\stapler\stapler-adjunct-timeline\1.5\stapler-adjunct-timeline-1.5.jar;C:\Users\david\.m2\repository\org\kohsuke\stapler\stapler-groovy\1756.1758.v13fcdc2c8c34\stapler-groovy-1756.1758.v13fcdc2c8c34.jar;C:\Users\david\.m2\repository\org\kohsuke\stapler\stapler-jelly\1756.1758.v13fcdc2c8c34\stapler-jelly-1756.1758.v13fcdc2c8c34.jar;C:\Users\david\.m2\repository\org\dom4j\dom4j\2.1.3\dom4j-2.1.3.jar;C:\Users\david\.m2\repository\org\jenkins-ci\commons-jelly\1.1-jenkins-20220630\commons-jelly-1.1-jenkins-20220630.jar;C:\Users\david\.m2\repository\org\ow2\asm\asm\9.4\asm-9.4.jar;C:\Users\david\.m2\repository\org\ow2\asm\asm-analysis\9.4\asm-analysis-9.4.jar;C:\Users\david\.m2\repository\org\ow2\asm\asm-commons\9.4\asm-commons-9.4.jar;C:\Users\david\.m2\repository\org\ow2\asm\asm-tree\9.4\asm-tree-9.4.jar;C:\Users\david\.m2\repository\org\ow2\asm\asm-util\9.4\asm-util-9.4.jar;C:\Users\david\.m2\repository\org\slf4j\jcl-over-slf4j\2.0.6\jcl-over-slf4j-2.0.6.jar;C:\Users\david\.m2\repository\org\slf4j\slf4j-api\2.0.6\slf4j-api-2.0.6.jar;C:\Users\david\.m2\repository\org\slf4j\log4j-over-slf4j\2.0.6\log4j-over-slf4j-2.0.6.jar;C:\Users\david\.m2\repository\org\springframework\security\spring-security-web\5.8.1\spring-security-web-5.8.1.jar;C:\Users\david\.m2\repository\org\springframework\security\spring-security-core\5.8.1\spring-security-core-5.8.1.jar;C:\Users\david\.m2\repository\org\springframework\security\spring-security-crypto\5.8.1\spring-security-crypto-5.8.1.jar;C:\Users\david\.m2\repository\org\springframework\spring-core\5.3.24\spring-core-5.3.24.jar;C:\Users\david\.m2\repository\org\springframework\spring-aop\5.3.24\spring-aop-5.3.24.jar;C:\Users\david\.m2\repository\org\springframework\spring-beans\5.3.24\spring-beans-5.3.24.jar;C:\Users\david\.m2\repository\org\springframework\spring-context\5.3.24\spring-context-5.3.24.jar;C:\Users\david\.m2\repository\org\springframework\spring-expression\5.3.24\spring-expression-5.3.24.jar;C:\Users\david\.m2\repository\org\springframework\spring-web\5.3.24\spring-web-5.3.24.jar;C:\Users\david\.m2\repository\xpp3\xpp3\1.1.4c\xpp3-1.1.4c.jar;C:\Users\david\.m2\repository\org\jenkins-ci\main\jenkins-war\2.387.3\jenkins-war-2.387.3.war;C:\Users\david\.m2\repository\org\jenkins-ci\main\websocket-jetty10\2.387.3\websocket-jetty10-2.387.3.jar;C:\Users\david\.m2\repository\org\kohsuke\metainf-services\metainf-services\1.9\metainf-services-1.9.jar;C:\Users\david\.m2\repository\org\jenkins-ci\main\websocket-jetty9\2.387.3\websocket-jetty9-2.387.3.jar;C:\Users\david\.m2\repository\org\slf4j\slf4j-jdk14\2.0.6\slf4j-jdk14-2.0.6.jar;C:\Users\david\.m2\repository\jakarta\servlet\jakarta.servlet-api\4.0.4\jakarta.servlet-api-4.0.4.jar;C:\Users\david\.m2\repository\commons-logging\commons-logging\1.2\commons-logging-1.2.jar;C:\Users\david\.m2\repository\org\jenkins-ci\main\jenkins-test-harness\2044.v03c87927ff5c\jenkins-test-harness-2044.v03c87927ff5c.jar;C:\Users\david\.m2\repository\io\jenkins\lib\support-log-formatter\1.2\support-log-formatter-1.2.jar;C:\Users\david\.m2\repository\junit\junit\4.13.2\junit-4.13.2.jar;C:\Users\david\.m2\repository\org\hamcrest\hamcrest-core\2.2\hamcrest-core-2.2.jar;C:\Users\david\.m2\repository\org\eclipse\jetty\jetty-security\10.0.15\jetty-security-10.0.15.jar;C:\Users\david\.m2\repository\org\eclipse\jetty\jetty-server\10.0.15\jetty-server-10.0.15.jar;C:\Users\david\.m2\repository\org\eclipse\jetty\jetty-http\10.0.15\jetty-http-10.0.15.jar;C:\Users\david\.m2\repository\org\eclipse\jetty\jetty-io\10.0.15\jetty-io-10.0.15.jar;C:\Users\david\.m2\repository\org\eclipse\jetty\jetty-webapp\10.0.15\jetty-webapp-10.0.15.jar;C:\Users\david\.m2\repository\org\eclipse\jetty\jetty-servlet\10.0.15\jetty-servlet-10.0.15.jar;C:\Users\david\.m2\repository\org\eclipse\jetty\jetty-xml\10.0.15\jetty-xml-10.0.15.jar;C:\Users\david\.m2\repository\org\eclipse\jetty\jetty-util\10.0.15\jetty-util-10.0.15.jar;C:\Users\david\.m2\repository\org\eclipse\jetty\websocket\websocket-jetty-server\10.0.15\websocket-jetty-server-10.0.15.jar;C:\Users\david\.m2\repository\org\eclipse\jetty\websocket\websocket-jetty-api\10.0.15\websocket-jetty-api-10.0.15.jar;C:\Users\david\.m2\repository\org\eclipse\jetty\websocket\websocket-jetty-common\10.0.15\websocket-jetty-common-10.0.15.jar;C:\Users\david\.m2\repository\org\eclipse\jetty\websocket\websocket-core-common\10.0.15\websocket-core-common-10.0.15.jar;C:\Users\david\.m2\repository\org\eclipse\jetty\websocket\websocket-servlet\10.0.15\websocket-servlet-10.0.15.jar;C:\Users\david\.m2\repository\org\eclipse\jetty\websocket\websocket-core-server\10.0.15\websocket-core-server-10.0.15.jar;C:\Users\david\.m2\repository\org\eclipse\jetty\toolchain\jetty-servlet-api\4.0.6\jetty-servlet-api-4.0.6.jar;C:\Users\david\.m2\repository\org\hamcrest\hamcrest\2.2\hamcrest-2.2.jar;C:\Users\david\.m2\repository\org\jenkins-ci\main\jenkins-test-harness-htmlunit\152.vb_7b_348664557\jenkins-test-harness-htmlunit-152.vb_7b_348664557.jar;C:\Users\david\.m2\repository\org\junit\jupiter\junit-jupiter-api\5.10.0\junit-jupiter-api-5.10.0.jar;C:\Users\david\.m2\repository\org\opentest4j\opentest4j\1.3.0\opentest4j-1.3.0.jar;C:\Users\david\.m2\repository\org\junit\platform\junit-platform-commons\1.10.0\junit-platform-commons-1.10.0.jar;C:\Users\david\.m2\repository\org\netbeans\modules\org-netbeans-insane\RELEASE180\org-netbeans-insane-RELEASE180.jar;C:\Users\david\.m2\repository\org\openjdk\jmh\jmh-core\1.36\jmh-core-1.36.jar;C:\Users\david\.m2\repository\net\sf\jopt-simple\jopt-simple\5.0.4\jopt-simple-5.0.4.jar;C:\Users\david\.m2\repository\org\apache\commons\commons-math3\3.2\commons-math3-3.2.jar;C:\Users\david\.m2\repository\org\openjdk\jmh\jmh-generator-annprocess\1.36\jmh-generator-annprocess-1.36.jar;C:\Users\david\.m2\repository\org\jenkins-ci\test-annotations\1.4\test-annotations-1.4.jar;C:\Users\david\.m2\repository\org\junit\jupiter\junit-jupiter\5.10.0\junit-jupiter-5.10.0.jar;C:\Users\david\.m2\repository\org\junit\jupiter\junit-jupiter-params\5.10.0\junit-jupiter-params-5.10.0.jar;C:\Users\david\.m2\repository\org\junit\jupiter\junit-jupiter-engine\5.10.0\junit-jupiter-engine-5.10.0.jar;C:\Users\david\.m2\repository\org\junit\vintage\junit-vintage-engine\5.10.0\junit-vintage-engine-5.10.0.jar;C:\Users\david\.m2\repository\org\junit\platform\junit-platform-engine\1.10.0\junit-platform-engine-1.10.0.jar;C:\Users\david\.m2\repository\org\apiguardian\apiguardian-api\1.1.2\apiguardian-api-1.1.2.jar;"/>
    <property name="java.vm.vendor" value="Oracle Corporation"/>
    <property name="sun.arch.data.model" value="64"/>
    <property name="user.variant" value=""/>
    <property name="java.vendor.url" value="https://java.oracle.com/"/>
    <property name="user.timezone" value="America/Sao_Paulo"/>
    <property name="os.name" value="Windows 11"/>
    <property name="java.vm.specification.version" value="21"/>
    <property name="user.country" value="ES"/>
    <property name="sun.java.launcher" value="SUN_STANDARD"/>
    <property name="sun.boot.library.path" value="C:\Program Files\Java\jdk-21\bin"/>
    <property name="sun.java.command" value="C:\Users\david\AppData\Local\Temp\surefire8864842614533228975\surefirebooter-20250206180327047_69.jar C:\Users\david\AppData\Local\Temp\surefire8864842614533228975 2025-02-06T18-03-25_373-jvmRun1 surefire-20250206180327047_67tmp surefire_6-20250206180327047_68tmp"/>
    <property name="jdk.debug" value="release"/>
    <property name="surefire.test.class.path" value="C:\Users\david\Desktop\david\logstash-plugin\target\test-classes;C:\Users\david\Desktop\david\logstash-plugin\target\classes;C:\Users\david\.m2\repository\org\jenkins-ci\plugins\apache-httpcomponents-client-4-api\4.5.14-150.v7a_b_9d17134a_5\apache-httpcomponents-client-4-api-4.5.14-150.v7a_b_9d17134a_5.jar;C:\Users\david\.m2\repository\org\apache\httpcomponents\httpcore\4.4.16\httpcore-4.4.16.jar;C:\Users\david\.m2\repository\org\apache\httpcomponents\httpcore-nio\4.4.16\httpcore-nio-4.4.16.jar;C:\Users\david\.m2\repository\org\apache\httpcomponents\httpclient\4.5.14\httpclient-4.5.14.jar;C:\Users\david\.m2\repository\org\apache\httpcomponents\httpmime\4.5.14\httpmime-4.5.14.jar;C:\Users\david\.m2\repository\org\apache\httpcomponents\fluent-hc\4.5.14\fluent-hc-4.5.14.jar;C:\Users\david\.m2\repository\org\apache\httpcomponents\httpclient-cache\4.5.14\httpclient-cache-4.5.14.jar;C:\Users\david\.m2\repository\org\apache\httpcomponents\httpasyncclient\4.1.5\httpasyncclient-4.1.5.jar;C:\Users\david\.m2\repository\org\apache\httpcomponents\httpasyncclient-cache\4.1.5\httpasyncclient-cache-4.1.5.jar;C:\Users\david\.m2\repository\redis\clients\jedis\2.6.0\jedis-2.6.0.jar;C:\Users\david\.m2\repository\org\apache\commons\commons-pool2\2.0\commons-pool2-2.0.jar;C:\Users\david\.m2\repository\com\rabbitmq\amqp-client\3.3.5\amqp-client-3.3.5.jar;C:\Users\david\.m2\repository\com\google\code\gson\gson\2.8.9\gson-2.8.9.jar;C:\Users\david\.m2\repository\com\cloudbees\syslog-java-client\1.0.6\syslog-java-client-1.0.6.jar;C:\Users\david\.m2\repository\org\jenkins-ci\plugins\junit\1217.v4297208a_a_b_ce\junit-1217.v4297208a_a_b_ce.jar;C:\Users\david\.m2\repository\io\jenkins\plugins\echarts-api\5.4.0-5\echarts-api-5.4.0-5.jar;C:\Users\david\.m2\repository\io\jenkins\plugins\font-awesome-api\6.4.0-2\font-awesome-api-6.4.0-2.jar;C:\Users\david\.m2\repository\io\jenkins\plugins\jquery3-api\3.7.0-1\jquery3-api-3.7.0-1.jar;C:\Users\david\.m2\repository\io\jenkins\plugins\ionicons-api\56.v1b_1c8c49374e\ionicons-api-56.v1b_1c8c49374e.jar;C:\Users\david\.m2\repository\io\jenkins\plugins\checks-api\2.0.0\checks-api-2.0.0.jar;C:\Users\david\.m2\repository\io\jenkins\plugins\commons-lang3-api\3.13.0-62.v7d18e55f51e2\commons-lang3-api-3.13.0-62.v7d18e55f51e2.jar;C:\Users\david\.m2\repository\org\apache\commons\commons-lang3\3.13.0\commons-lang3-3.13.0.jar;C:\Users\david\.m2\repository\io\jenkins\plugins\plugin-util-api\3.3.0\plugin-util-api-3.3.0.jar;C:\Users\david\.m2\repository\org\jenkins-ci\plugins\display-url-api\2.3.9\display-url-api-2.3.9.jar;C:\Users\david\.m2\repository\io\jenkins\plugins\bootstrap5-api\5.3.0-1\bootstrap5-api-5.3.0-1.jar;C:\Users\david\.m2\repository\org\jenkins-ci\plugins\workflow\workflow-api\1259.vb_47f14fffc8a_\workflow-api-1259.vb_47f14fffc8a_.jar;C:\Users\david\.m2\repository\org\jenkins-ci\plugins\jackson2-api\2.15.2-350.v0c2f3f8fc595\jackson2-api-2.15.2-350.v0c2f3f8fc595.jar;C:\Users\david\.m2\repository\com\fasterxml\jackson\core\jackson-databind\2.15.2\jackson-databind-2.15.2.jar;C:\Users\david\.m2\repository\com\fasterxml\jackson\datatype\jackson-datatype-jsr310\2.15.2\jackson-datatype-jsr310-2.15.2.jar;C:\Users\david\.m2\repository\com\fasterxml\jackson\datatype\jackson-datatype-jdk8\2.15.2\jackson-datatype-jdk8-2.15.2.jar;C:\Users\david\.m2\repository\com\fasterxml\jackson\datatype\jackson-datatype-json-org\2.15.2\jackson-datatype-json-org-2.15.2.jar;C:\Users\david\.m2\repository\com\fasterxml\jackson\module\jackson-module-parameter-names\2.15.2\jackson-module-parameter-names-2.15.2.jar;C:\Users\david\.m2\repository\com\fasterxml\jackson\core\jackson-core\2.15.2\jackson-core-2.15.2.jar;C:\Users\david\.m2\repository\com\fasterxml\jackson\core\jackson-annotations\2.15.2\jackson-annotations-2.15.2.jar;C:\Users\david\.m2\repository\com\fasterxml\jackson\module\jackson-module-jaxb-annotations\2.15.2\jackson-module-jaxb-annotations-2.15.2.jar;C:\Users\david\.m2\repository\com\fasterxml\jackson\dataformat\jackson-dataformat-cbor\2.15.2\jackson-dataformat-cbor-2.15.2.jar;C:\Users\david\.m2\repository\com\fasterxml\jackson\dataformat\jackson-dataformat-xml\2.15.2\jackson-dataformat-xml-2.15.2.jar;C:\Users\david\.m2\repository\org\codehaus\woodstox\stax2-api\4.2.1\stax2-api-4.2.1.jar;C:\Users\david\.m2\repository\com\fasterxml\woodstox\woodstox-core\6.5.1\woodstox-core-6.5.1.jar;C:\Users\david\.m2\repository\com\fasterxml\jackson\dataformat\jackson-dataformat-yaml\2.15.2\jackson-dataformat-yaml-2.15.2.jar;C:\Users\david\.m2\repository\io\jenkins\plugins\javax-activation-api\1.2.0-6\javax-activation-api-1.2.0-6.jar;C:\Users\david\.m2\repository\com\sun\activation\javax.activation\1.2.0\javax.activation-1.2.0.jar;C:\Users\david\.m2\repository\io\jenkins\plugins\jaxb\2.3.8-1\jaxb-2.3.8-1.jar;C:\Users\david\.m2\repository\com\sun\xml\bind\jaxb-impl\2.3.8\jaxb-impl-2.3.8.jar;C:\Users\david\.m2\repository\javax\xml\bind\jaxb-api\2.3.1\jaxb-api-2.3.1.jar;C:\Users\david\.m2\repository\org\jenkins-ci\plugins\credentials\1271.v54b_1c2c6388a_\credentials-1271.v54b_1c2c6388a_.jar;C:\Users\david\.m2\repository\org\jenkins-ci\plugins\structs\325.vcb_307d2a_2782\structs-325.vcb_307d2a_2782.jar;C:\Users\david\.m2\repository\org\jenkins-ci\plugins\workflow\workflow-step-api\639.v6eca_cd8c04a_a_\workflow-step-api-639.v6eca_cd8c04a_a_.jar;C:\Users\david\.m2\repository\org\jenkins-ci\plugins\pipeline-stage-step\305.ve96d0205c1c6\pipeline-stage-step-305.ve96d0205c1c6.jar;C:\Users\david\.m2\repository\org\jenkins-ci\plugins\workflow\workflow-durable-task-step\1284.v4fcd365b_75b_e\workflow-durable-task-step-1284.v4fcd365b_75b_e.jar;C:\Users\david\.m2\repository\org\jenkins-ci\plugins\durable-task\523.va_a_22cf15d5e0\durable-task-523.va_a_22cf15d5e0.jar;C:\Users\david\.m2\repository\io\jenkins\plugins\lib-durable-task\40.vc66cf8fb_4613\lib-durable-task-40.vc66cf8fb_4613.jar;C:\Users\david\.m2\repository\org\jenkins-ci\plugins\workflow\workflow-support\848.v5a_383b_d14921\workflow-support-848.v5a_383b_d14921.jar;C:\Users\david\.m2\repository\org\jboss\marshalling\jboss-marshalling-river\2.1.0.Final\jboss-marshalling-river-2.1.0.Final.jar;C:\Users\david\.m2\repository\org\jboss\marshalling\jboss-marshalling\2.1.0.Final\jboss-marshalling-2.1.0.Final.jar;C:\Users\david\.m2\repository\org\jenkins-ci\plugins\scm-api\676.v886669a_199a_a_\scm-api-676.v886669a_199a_a_.jar;C:\Users\david\.m2\repository\org\jenkins-ci\plugins\workflow\workflow-job\1326.ve643e00e9220\workflow-job-1326.ve643e00e9220.jar;C:\Users\david\.m2\repository\io\jenkins\configuration-as-code\1670.v564dc8b_982d0\configuration-as-code-1670.v564dc8b_982d0.jar;C:\Users\david\.m2\repository\com\google\code\findbugs\jsr305\3.0.1\jsr305-3.0.1.jar;C:\Users\david\.m2\repository\io\jenkins\plugins\caffeine-api\3.1.8-133.v17b_1ff2e0599\caffeine-api-3.1.8-133.v17b_1ff2e0599.jar;C:\Users\david\.m2\repository\com\github\ben-manes\caffeine\caffeine\3.1.8\caffeine-3.1.8.jar;C:\Users\david\.m2\repository\io\jenkins\plugins\commons-text-api\1.10.0-68.v0d0b_c439292b_\commons-text-api-1.10.0-68.v0d0b_c439292b_.jar;C:\Users\david\.m2\repository\org\apache\commons\commons-text\1.10.0\commons-text-1.10.0.jar;C:\Users\david\.m2\repository\io\jenkins\plugins\snakeyaml-api\1.33-95.va_b_a_e3e47b_fa_4\snakeyaml-api-1.33-95.va_b_a_e3e47b_fa_4.jar;C:\Users\david\.m2\repository\org\yaml\snakeyaml\1.33\snakeyaml-1.33.jar;C:\Users\david\.m2\repository\io\vavr\vavr\0.10.4\vavr-0.10.4.jar;C:\Users\david\.m2\repository\io\vavr\vavr-match\0.10.4\vavr-match-0.10.4.jar;C:\Users\david\.m2\repository\org\json\json\20230227\json-20230227.jar;C:\Users\david\.m2\repository\org\mockito\mockito-core\5.4.0\mockito-core-5.4.0.jar;C:\Users\david\.m2\repository\net\bytebuddy\byte-buddy\1.14.5\byte-buddy-1.14.5.jar;C:\Users\david\.m2\repository\net\bytebuddy\byte-buddy-agent\1.14.5\byte-buddy-agent-1.14.5.jar;C:\Users\david\.m2\repository\org\objenesis\objenesis\3.3\objenesis-3.3.jar;C:\Users\david\.m2\repository\org\awaitility\awaitility\4.0.3\awaitility-4.0.3.jar;C:\Users\david\.m2\repository\org\jenkins-ci\plugins\script-security\1269.v639888f5e366\script-security-1269.v639888f5e366.jar;C:\Users\david\.m2\repository\org\kohsuke\groovy-sandbox\1.33\groovy-sandbox-1.33.jar;C:\Users\david\.m2\repository\org\jenkins-ci\plugins\mask-passwords\2.13\mask-passwords-2.13.jar;C:\Users\david\.m2\repository\org\jenkins-ci\plugins\envinject\2.1.5\envinject-2.1.5.jar;C:\Users\david\.m2\repository\org\jenkins-ci\plugins\envinject-api\1.3\envinject-api-1.3.jar;C:\Users\david\.m2\repository\org\jenkins-ci\lib\envinject-lib\1.27\envinject-lib-1.27.jar;C:\Users\david\.m2\repository\org\jenkins-ci\plugins\matrix-project\808.v5a_b_5f56d6966\matrix-project-808.v5a_b_5f56d6966.jar;C:\Users\david\.m2\repository\org\jenkins-ci\plugins\ansicolor\1.0.3\ansicolor-1.0.3.jar;C:\Users\david\.m2\repository\org\jenkins-ci\plugins\workflow\workflow-cps\3769.v8b_e595e4d40d\workflow-cps-3769.v8b_e595e4d40d.jar;C:\Users\david\.m2\repository\com\cloudbees\groovy-cps\3769.v8b_e595e4d40d\groovy-cps-3769.v8b_e595e4d40d.jar;C:\Users\david\.m2\repository\com\cloudbees\diff4j\1.3\diff4j-1.3.jar;C:\Users\david\.m2\repository\org\jenkins-ci\plugins\workflow\workflow-basic-steps\1042.ve7b_140c4a_e0c\workflow-basic-steps-1042.ve7b_140c4a_e0c.jar;C:\Users\david\.m2\repository\org\jenkins-ci\plugins\mailer\463.vedf8358e006b_\mailer-463.vedf8358e006b_.jar;C:\Users\david\.m2\repository\org\jenkins-ci\modules\instance-identity\173.va_37c494ec4e5\instance-identity-173.va_37c494ec4e5.jar;C:\Users\david\.m2\repository\org\jenkins-ci\plugins\bouncycastle-api\2.29\bouncycastle-api-2.29.jar;C:\Users\david\.m2\repository\org\bouncycastle\bcpkix-jdk18on\1.75\bcpkix-jdk18on-1.75.jar;C:\Users\david\.m2\repository\org\bouncycastle\bcprov-jdk18on\1.75\bcprov-jdk18on-1.75.jar;C:\Users\david\.m2\repository\org\bouncycastle\bcutil-jdk18on\1.75\bcutil-jdk18on-1.75.jar;C:\Users\david\.m2\repository\io\jenkins\plugins\jakarta-mail-api\2.0.1-3\jakarta-mail-api-2.0.1-3.jar;C:\Users\david\.m2\repository\com\sun\mail\jakarta.mail\2.0.1\jakarta.mail-2.0.1.jar;C:\Users\david\.m2\repository\io\jenkins\plugins\jakarta-activation-api\2.0.1-3\jakarta-activation-api-2.0.1-3.jar;C:\Users\david\.m2\repository\com\sun\activation\jakarta.activation\2.0.1\jakarta.activation-2.0.1.jar;C:\Users\david\.m2\repository\org\jenkins-ci\plugins\workflow\workflow-scm-step\415.v434365564324\workflow-scm-step-415.v434365564324.jar;C:\Users\david\.m2\repository\org\jenkins-ci\main\jenkins-core\2.387.3\jenkins-core-2.387.3.jar;C:\Users\david\.m2\repository\org\jenkins-ci\main\cli\2.387.3\cli-2.387.3.jar;C:\Users\david\.m2\repository\org\jenkins-ci\main\remoting\3107.v665000b_51092\remoting-3107.v665000b_51092.jar;C:\Users\david\.m2\repository\args4j\args4j\2.33\args4j-2.33.jar;C:\Users\david\.m2\repository\com\github\spotbugs\spotbugs-annotations\4.7.3\spotbugs-annotations-4.7.3.jar;C:\Users\david\.m2\repository\com\google\guava\guava\31.1-jre\guava-31.1-jre.jar;C:\Users\david\.m2\repository\com\google\guava\failureaccess\1.0.1\failureaccess-1.0.1.jar;C:\Users\david\.m2\repository\com\google\guava\listenablefuture\9999.0-empty-to-avoid-conflict-with-guava\listenablefuture-9999.0-empty-to-avoid-conflict-with-guava.jar;C:\Users\david\.m2\repository\com\google\inject\guice\5.1.0\guice-5.1.0.jar;C:\Users\david\.m2\repository\javax\inject\javax.inject\1\javax.inject-1.jar;C:\Users\david\.m2\repository\com\infradna\tool\bridge-method-annotation\1.25\bridge-method-annotation-1.25.jar;C:\Users\david\.m2\repository\com\jcraft\jzlib\1.1.3-kohsuke-1\jzlib-1.1.3-kohsuke-1.jar;C:\Users\david\.m2\repository\com\sun\solaris\embedded_su4j\1.1\embedded_su4j-1.1.jar;C:\Users\david\.m2\repository\com\sun\xml\txw2\txw2\20110809\txw2-20110809.jar;C:\Users\david\.m2\repository\relaxngDatatype\relaxngDatatype\20020414\relaxngDatatype-20020414.jar;C:\Users\david\.m2\repository\com\thoughtworks\xstream\xstream\1.4.20\xstream-1.4.20.jar;C:\Users\david\.m2\repository\io\github\x-stream\mxparser\1.2.2\mxparser-1.2.2.jar;C:\Users\david\.m2\repository\commons-beanutils\commons-beanutils\1.9.4\commons-beanutils-1.9.4.jar;C:\Users\david\.m2\repository\commons-codec\commons-codec\1.15\commons-codec-1.15.jar;C:\Users\david\.m2\repository\commons-collections\commons-collections\3.2.2\commons-collections-3.2.2.jar;C:\Users\david\.m2\repository\commons-fileupload\commons-fileupload\1.5\commons-fileupload-1.5.jar;C:\Users\david\.m2\repository\commons-io\commons-io\2.11.0\commons-io-2.11.0.jar;C:\Users\david\.m2\repository\commons-jelly\commons-jelly-tags-fmt\1.0\commons-jelly-tags-fmt-1.0.jar;C:\Users\david\.m2\repository\commons-jelly\commons-jelly-tags-xml\1.1\commons-jelly-tags-xml-1.1.jar;C:\Users\david\.m2\repository\commons-lang\commons-lang\2.6\commons-lang-2.6.jar;C:\Users\david\.m2\repository\io\jenkins\stapler\jenkins-stapler-support\1.1\jenkins-stapler-support-1.1.jar;C:\Users\david\.m2\repository\jakarta\servlet\jsp\jstl\jakarta.servlet.jsp.jstl-api\1.2.7\jakarta.servlet.jsp.jstl-api-1.2.7.jar;C:\Users\david\.m2\repository\jaxen\jaxen\2.0.0\jaxen-2.0.0.jar;C:\Users\david\.m2\repository\jline\jline\2.14.6\jline-2.14.6.jar;C:\Users\david\.m2\repository\net\java\dev\jna\jna\5.12.1\jna-5.12.1.jar;C:\Users\david\.m2\repository\net\java\sezpoz\sezpoz\1.13\sezpoz-1.13.jar;C:\Users\david\.m2\repository\net\jcip\jcip-annotations\1.0\jcip-annotations-1.0.jar;C:\Users\david\.m2\repository\net\sf\kxml\kxml2\2.3.0\kxml2-2.3.0.jar;C:\Users\david\.m2\repository\org\antlr\antlr4-runtime\4.11.1\antlr4-runtime-4.11.1.jar;C:\Users\david\.m2\repository\org\apache\ant\ant\1.10.12\ant-1.10.12.jar;C:\Users\david\.m2\repository\org\apache\ant\ant-launcher\1.10.12\ant-launcher-1.10.12.jar;C:\Users\david\.m2\repository\org\apache\commons\commons-compress\1.22\commons-compress-1.22.jar;C:\Users\david\.m2\repository\org\codehaus\groovy\groovy-all\2.4.21\groovy-all-2.4.21.jar;C:\Users\david\.m2\repository\org\connectbot\jbcrypt\jbcrypt\1.0.0\jbcrypt-1.0.0.jar;C:\Users\david\.m2\repository\org\fusesource\jansi\jansi\1.11\jansi-1.11.jar;C:\Users\david\.m2\repository\org\jenkins-ci\annotation-indexer\1.17\annotation-indexer-1.17.jar;C:\Users\david\.m2\repository\org\jenkins-ci\commons-jexl\1.1-jenkins-20111212\commons-jexl-1.1-jenkins-20111212.jar;C:\Users\david\.m2\repository\org\jenkins-ci\crypto-util\1.8\crypto-util-1.8.jar;C:\Users\david\.m2\repository\org\jenkins-ci\memory-monitor\1.12\memory-monitor-1.12.jar;C:\Users\david\.m2\repository\org\jenkins-ci\symbol-annotation\1.24\symbol-annotation-1.24.jar;C:\Users\david\.m2\repository\org\jenkins-ci\task-reactor\1.8\task-reactor-1.8.jar;C:\Users\david\.m2\repository\org\jenkins-ci\version-number\1.11\version-number-1.11.jar;C:\Users\david\.m2\repository\org\jenkins-ci\main\websocket-spi\2.387.3\websocket-spi-2.387.3.jar;C:\Users\david\.m2\repository\org\jfree\jfreechart\1.0.19\jfreechart-1.0.19.jar;C:\Users\david\.m2\repository\org\jfree\jcommon\1.0.23\jcommon-1.0.23.jar;C:\Users\david\.m2\repository\org\jvnet\hudson\commons-jelly-tags-define\1.0.1-hudson-20071021\commons-jelly-tags-define-1.0.1-hudson-20071021.jar;C:\Users\david\.m2\repository\org\jvnet\localizer\localizer\1.31\localizer-1.31.jar;C:\Users\david\.m2\repository\org\jvnet\robust-http-client\robust-http-client\1.2\robust-http-client-1.2.jar;C:\Users\david\.m2\repository\org\jvnet\winp\winp\1.30\winp-1.30.jar;C:\Users\david\.m2\repository\org\kohsuke\access-modifier-annotation\1.30\access-modifier-annotation-1.30.jar;C:\Users\david\.m2\repository\org\kohsuke\windows-package-checker\1.2\windows-package-checker-1.2.jar;C:\Users\david\.m2\repository\org\kohsuke\jinterop\j-interop\2.0.8-kohsuke-1\j-interop-2.0.8-kohsuke-1.jar;C:\Users\david\.m2\repository\org\kohsuke\jinterop\j-interopdeps\2.0.8-kohsuke-1\j-interopdeps-2.0.8-kohsuke-1.jar;C:\Users\david\.m2\repository\org\samba\jcifs\jcifs\1.3.18-kohsuke-1\jcifs-1.3.18-kohsuke-1.jar;C:\Users\david\.m2\repository\org\kohsuke\stapler\json-lib\2.4-jenkins-3\json-lib-2.4-jenkins-3.jar;C:\Users\david\.m2\repository\net\sf\ezmorph\ezmorph\1.0.6\ezmorph-1.0.6.jar;C:\Users\david\.m2\repository\org\kohsuke\stapler\stapler\1756.1758.v13fcdc2c8c34\stapler-1756.1758.v13fcdc2c8c34.jar;C:\Users\david\.m2\repository\commons-discovery\commons-discovery\0.5\commons-discovery-0.5.jar;C:\Users\david\.m2\repository\jakarta\annotation\jakarta.annotation-api\2.1.1\jakarta.annotation-api-2.1.1.jar;C:\Users\david\.m2\repository\javax\annotation\javax.annotation-api\1.3.2\javax.annotation-api-1.3.2.jar;C:\Users\david\.m2\repository\org\jvnet\tiger-types\2.2\tiger-types-2.2.jar;C:\Users\david\.m2\repository\org\kohsuke\stapler\stapler-adjunct-codemirror\1.3\stapler-adjunct-codemirror-1.3.jar;C:\Users\david\.m2\repository\org\kohsuke\stapler\stapler-adjunct-timeline\1.5\stapler-adjunct-timeline-1.5.jar;C:\Users\david\.m2\repository\org\kohsuke\stapler\stapler-groovy\1756.1758.v13fcdc2c8c34\stapler-groovy-1756.1758.v13fcdc2c8c34.jar;C:\Users\david\.m2\repository\org\kohsuke\stapler\stapler-jelly\1756.1758.v13fcdc2c8c34\stapler-jelly-1756.1758.v13fcdc2c8c34.jar;C:\Users\david\.m2\repository\org\dom4j\dom4j\2.1.3\dom4j-2.1.3.jar;C:\Users\david\.m2\repository\org\jenkins-ci\commons-jelly\1.1-jenkins-20220630\commons-jelly-1.1-jenkins-20220630.jar;C:\Users\david\.m2\repository\org\ow2\asm\asm\9.4\asm-9.4.jar;C:\Users\david\.m2\repository\org\ow2\asm\asm-analysis\9.4\asm-analysis-9.4.jar;C:\Users\david\.m2\repository\org\ow2\asm\asm-commons\9.4\asm-commons-9.4.jar;C:\Users\david\.m2\repository\org\ow2\asm\asm-tree\9.4\asm-tree-9.4.jar;C:\Users\david\.m2\repository\org\ow2\asm\asm-util\9.4\asm-util-9.4.jar;C:\Users\david\.m2\repository\org\slf4j\jcl-over-slf4j\2.0.6\jcl-over-slf4j-2.0.6.jar;C:\Users\david\.m2\repository\org\slf4j\slf4j-api\2.0.6\slf4j-api-2.0.6.jar;C:\Users\david\.m2\repository\org\slf4j\log4j-over-slf4j\2.0.6\log4j-over-slf4j-2.0.6.jar;C:\Users\david\.m2\repository\org\springframework\security\spring-security-web\5.8.1\spring-security-web-5.8.1.jar;C:\Users\david\.m2\repository\org\springframework\security\spring-security-core\5.8.1\spring-security-core-5.8.1.jar;C:\Users\david\.m2\repository\org\springframework\security\spring-security-crypto\5.8.1\spring-security-crypto-5.8.1.jar;C:\Users\david\.m2\repository\org\springframework\spring-core\5.3.24\spring-core-5.3.24.jar;C:\Users\david\.m2\repository\org\springframework\spring-aop\5.3.24\spring-aop-5.3.24.jar;C:\Users\david\.m2\repository\org\springframework\spring-beans\5.3.24\spring-beans-5.3.24.jar;C:\Users\david\.m2\repository\org\springframework\spring-context\5.3.24\spring-context-5.3.24.jar;C:\Users\david\.m2\repository\org\springframework\spring-expression\5.3.24\spring-expression-5.3.24.jar;C:\Users\david\.m2\repository\org\springframework\spring-web\5.3.24\spring-web-5.3.24.jar;C:\Users\david\.m2\repository\xpp3\xpp3\1.1.4c\xpp3-1.1.4c.jar;C:\Users\david\.m2\repository\org\jenkins-ci\main\jenkins-war\2.387.3\jenkins-war-2.387.3.war;C:\Users\david\.m2\repository\org\jenkins-ci\main\websocket-jetty10\2.387.3\websocket-jetty10-2.387.3.jar;C:\Users\david\.m2\repository\org\kohsuke\metainf-services\metainf-services\1.9\metainf-services-1.9.jar;C:\Users\david\.m2\repository\org\jenkins-ci\main\websocket-jetty9\2.387.3\websocket-jetty9-2.387.3.jar;C:\Users\david\.m2\repository\org\slf4j\slf4j-jdk14\2.0.6\slf4j-jdk14-2.0.6.jar;C:\Users\david\.m2\repository\jakarta\servlet\jakarta.servlet-api\4.0.4\jakarta.servlet-api-4.0.4.jar;C:\Users\david\.m2\repository\commons-logging\commons-logging\1.2\commons-logging-1.2.jar;C:\Users\david\.m2\repository\org\jenkins-ci\main\jenkins-test-harness\2044.v03c87927ff5c\jenkins-test-harness-2044.v03c87927ff5c.jar;C:\Users\david\.m2\repository\io\jenkins\lib\support-log-formatter\1.2\support-log-formatter-1.2.jar;C:\Users\david\.m2\repository\junit\junit\4.13.2\junit-4.13.2.jar;C:\Users\david\.m2\repository\org\hamcrest\hamcrest-core\2.2\hamcrest-core-2.2.jar;C:\Users\david\.m2\repository\org\eclipse\jetty\jetty-security\10.0.15\jetty-security-10.0.15.jar;C:\Users\david\.m2\repository\org\eclipse\jetty\jetty-server\10.0.15\jetty-server-10.0.15.jar;C:\Users\david\.m2\repository\org\eclipse\jetty\jetty-http\10.0.15\jetty-http-10.0.15.jar;C:\Users\david\.m2\repository\org\eclipse\jetty\jetty-io\10.0.15\jetty-io-10.0.15.jar;C:\Users\david\.m2\repository\org\eclipse\jetty\jetty-webapp\10.0.15\jetty-webapp-10.0.15.jar;C:\Users\david\.m2\repository\org\eclipse\jetty\jetty-servlet\10.0.15\jetty-servlet-10.0.15.jar;C:\Users\david\.m2\repository\org\eclipse\jetty\jetty-xml\10.0.15\jetty-xml-10.0.15.jar;C:\Users\david\.m2\repository\org\eclipse\jetty\jetty-util\10.0.15\jetty-util-10.0.15.jar;C:\Users\david\.m2\repository\org\eclipse\jetty\websocket\websocket-jetty-server\10.0.15\websocket-jetty-server-10.0.15.jar;C:\Users\david\.m2\repository\org\eclipse\jetty\websocket\websocket-jetty-api\10.0.15\websocket-jetty-api-10.0.15.jar;C:\Users\david\.m2\repository\org\eclipse\jetty\websocket\websocket-jetty-common\10.0.15\websocket-jetty-common-10.0.15.jar;C:\Users\david\.m2\repository\org\eclipse\jetty\websocket\websocket-core-common\10.0.15\websocket-core-common-10.0.15.jar;C:\Users\david\.m2\repository\org\eclipse\jetty\websocket\websocket-servlet\10.0.15\websocket-servlet-10.0.15.jar;C:\Users\david\.m2\repository\org\eclipse\jetty\websocket\websocket-core-server\10.0.15\websocket-core-server-10.0.15.jar;C:\Users\david\.m2\repository\org\eclipse\jetty\toolchain\jetty-servlet-api\4.0.6\jetty-servlet-api-4.0.6.jar;C:\Users\david\.m2\repository\org\hamcrest\hamcrest\2.2\hamcrest-2.2.jar;C:\Users\david\.m2\repository\org\jenkins-ci\main\jenkins-test-harness-htmlunit\152.vb_7b_348664557\jenkins-test-harness-htmlunit-152.vb_7b_348664557.jar;C:\Users\david\.m2\repository\org\junit\jupiter\junit-jupiter-api\5.10.0\junit-jupiter-api-5.10.0.jar;C:\Users\david\.m2\repository\org\opentest4j\opentest4j\1.3.0\opentest4j-1.3.0.jar;C:\Users\david\.m2\repository\org\junit\platform\junit-platform-commons\1.10.0\junit-platform-commons-1.10.0.jar;C:\Users\david\.m2\repository\org\netbeans\modules\org-netbeans-insane\RELEASE180\org-netbeans-insane-RELEASE180.jar;C:\Users\david\.m2\repository\org\openjdk\jmh\jmh-core\1.36\jmh-core-1.36.jar;C:\Users\david\.m2\repository\net\sf\jopt-simple\jopt-simple\5.0.4\jopt-simple-5.0.4.jar;C:\Users\david\.m2\repository\org\apache\commons\commons-math3\3.2\commons-math3-3.2.jar;C:\Users\david\.m2\repository\org\openjdk\jmh\jmh-generator-annprocess\1.36\jmh-generator-annprocess-1.36.jar;C:\Users\david\.m2\repository\org\jenkins-ci\test-annotations\1.4\test-annotations-1.4.jar;C:\Users\david\.m2\repository\org\junit\jupiter\junit-jupiter\5.10.0\junit-jupiter-5.10.0.jar;C:\Users\david\.m2\repository\org\junit\jupiter\junit-jupiter-params\5.10.0\junit-jupiter-params-5.10.0.jar;C:\Users\david\.m2\repository\org\junit\jupiter\junit-jupiter-engine\5.10.0\junit-jupiter-engine-5.10.0.jar;C:\Users\david\.m2\repository\org\junit\vintage\junit-vintage-engine\5.10.0\junit-vintage-engine-5.10.0.jar;C:\Users\david\.m2\repository\org\junit\platform\junit-platform-engine\1.10.0\junit-platform-engine-1.10.0.jar;C:\Users\david\.m2\repository\org\apiguardian\apiguardian-api\1.1.2\apiguardian-api-1.1.2.jar;"/>
    <property name="sun.cpu.endian" value="little"/>
    <property name="mail.smtps.sendpartial" value="true"/>
    <property name="user.home" value="C:\Users\david"/>
    <property name="user.language" value="es"/>
    <property name="java.specification.vendor" value="Oracle Corporation"/>
    <property name="java.version.date" value="2024-04-16"/>
    <property name="java.home" value="C:\Program Files\Java\jdk-21"/>
    <property name="surefire.forkNumber" value="1"/>
    <property name="file.separator" value="\"/>
    <property name="basedir" value="C:\Users\david\Desktop\david\logstash-plugin"/>
    <property name="java.vm.compressedOopsMode" value="32-bit"/>
    <property name="line.separator" value="&#10;"/>
    <property name="java.vm.specification.vendor" value="Oracle Corporation"/>
    <property name="java.specification.name" value="Java Platform API Specification"/>
    <property name="java.awt.headless" value="true"/>
    <property name="org.eclipse.jetty.server.Request.maxFormContentSize" value="-1"/>
    <property name="surefire.real.class.path" value="C:\Users\david\AppData\Local\Temp\surefire8864842614533228975\surefirebooter-20250206180327047_69.jar"/>
    <property name="user.script" value=""/>
    <property name="sun.management.compiler" value="HotSpot 64-Bit Tiered Compilers"/>
    <property name="changelist.format" value="%d.v%s"/>
    <property name="java.runtime.version" value="21.0.3+7-LTS-152"/>
    <property name="user.name" value="david"/>
    <property name="stdout.encoding" value="Cp1252"/>
    <property name="path.separator" value=";"/>
    <property name="os.version" value="10.0"/>
    <property name="java.runtime.name" value="Java(TM) SE Runtime Environment"/>
    <property name="file.encoding" value="UTF-8"/>
    <property name="jnidispatch.path" value="C:\Users\david\Desktop\david\logstash-plugin\target\tmp\jna-95358580\jna10661551673951175888.dll"/>
    <property name="java.vm.name" value="Java HotSpot(TM) 64-Bit Server VM"/>
    <property name="mail.smtp.sendpartial" value="true"/>
    <property name="localRepository" value="C:\Users\david\.m2\repository"/>
    <property name="jna.loaded" value="true"/>
    <property name="java.vendor.url.bug" value="https://bugreport.java.com/bugreport/"/>
    <property name="jetty.git.hash" value="68017dbd00236bb7e187330d7585a059610f661d"/>
    <property name="java.io.tmpdir" value="C:\Users\david\Desktop\david\logstash-plugin\target/tmp"/>
    <property name="idea.version" value="2024.2.1"/>
    <property name="java.version" value="21.0.3"/>
    <property name="user.dir" value="C:\Users\david\Desktop\david\logstash-plugin"/>
    <property name="os.arch" value="amd64"/>
    <property name="jenkins.model.Jenkins.SHOW_STACK_TRACE" value="true"/>
    <property name="java.vm.specification.name" value="Java Virtual Machine Specification"/>
    <property name="sun.os.patch.level" value=""/>
    <property name="native.encoding" value="Cp1252"/>
    <property name="java.library.path" value="C:\Program Files\Java\jdk-21\bin;C:\WINDOWS\Sun\Java\bin;C:\WINDOWS\system32;C:\WINDOWS;C:\Users\david\miniconda3\condabin;C:\Program Files\Common Files\Oracle\Java\javapath;C:\Program Files\Java\jdk-21\bin;C:\Program Files\NVIDIA GPU Computing Toolkit\CUDA\v12.6\bin;C:\Program Files\NVIDIA GPU Computing Toolkit\CUDA\v12.6\libnvvp;C:\WINDOWS\system32;C:\WINDOWS;C:\WINDOWS\System32\Wbem;C:\WINDOWS\System32\WindowsPowerShell\v1.0\;C:\WINDOWS\System32\OpenSSH\;C:\Program Files (x86)\NVIDIA Corporation\PhysX\Common;C:\Program Files\Microsoft VS Code\bin;C:\Program Files\Go\bin;C:\ProgramData\chocolatey\bin;C:\Program Files\nodejs\;C:\Program Files\Docker\Docker\resources\bin;C:\Program Files\PowerShell\7\;C:\Program Files\NVIDIA Corporation\NVIDIA app\NvDLISR;C:\Program Files\PuTTY\;C:\Program Files\Git\cmd;C:\Users\david\AppData\Local\Programs\Python\Python312\Scripts\;C:\Users\david\AppData\Local\Programs\Python\Python312\;C:\Users\david\AppData\Local\Microsoft\WindowsApps;C:\Users\david\AppData\Local\Android\Sdk\platform-tools;C:\Users\david\go\bin;C:\Program Files\Go\bin;C:\Users\david\Desktop\go-stp\FreeCAD\bin;C:\Program Files\JetBrains\IntelliJ IDEA 2024.2.1\bin;;C:\Program Files (x86)\Nmap;C:\Users\david\AppData\Roaming\npm;C:\Users\david\AppData\Local\Microsoft\WinGet\Links;C:\Program Files\mitmproxy\bin;C:\Users\david\AppData\Local\Android\Sdk\build-tools\35.0.0;C:\Program Files\Java\jdk-21\bin;;."/>
    <property name="java.vm.info" value="mixed mode, emulated-client"/>
    <property name="stderr.encoding" value="Cp1252"/>
    <property name="java.vendor" value="Oracle Corporation"/>
    <property name="java.vm.version" value="21.0.3+7-LTS-152"/>
    <property name="sun.io.unicode.encoding" value="UnicodeLittle"/>
    <property name="java.class.version" value="65.0"/>
  </properties>
  <testcase name="dataIsSetForNotifierOnMaster" classname="jenkins.plugins.logstash.LogstashIntegrationTest" time="11.066">
    <system-out><![CDATA[=== Starting dataIsSetForNotifierOnMaster(jenkins.plugins.logstash.LogstashIntegrationTest)
]]></system-out>
    <system-err><![CDATA[   0.106 [id=28]	INFO	o.jvnet.hudson.test.WarExploder#explode: Picking up existing exploded jenkins.war at C:\Users\david\Desktop\david\logstash-plugin\target\jenkins-for-test
   0.375 [id=28]	INFO	o.jvnet.hudson.test.JenkinsRule#createWebServer: Running on http://localhost:30127/jenkins/
   0.701 [id=42]	INFO	jenkins.InitReactorRunner$1#onAttained: Started initialization
   3.204 [id=44]	INFO	hudson.PluginManager#considerDetachedPlugin: Loading a detached plugin as a dependency: C:\Users\david\AppData\Local\Temp\jenkins4011091865781867842\plugins\command-launcher.jpi
   3.309 [id=44]	INFO	hudson.PluginManager#considerDetachedPlugin: Loading a detached plugin as a dependency: C:\Users\david\AppData\Local\Temp\jenkins4011091865781867842\plugins\jdk-tool.jpi
   3.413 [id=44]	INFO	hudson.PluginManager#considerDetachedPlugin: Loading a detached plugin as a dependency: C:\Users\david\AppData\Local\Temp\jenkins4011091865781867842\plugins\trilead-api.jpi
   3.565 [id=44]	INFO	hudson.PluginManager#considerDetachedPlugin: Loading a detached plugin as a dependency: C:\Users\david\AppData\Local\Temp\jenkins4011091865781867842\plugins\mina-sshd-api-common.jpi
   3.664 [id=44]	INFO	hudson.PluginManager#considerDetachedPlugin: Loading a detached plugin as a dependency: C:\Users\david\AppData\Local\Temp\jenkins4011091865781867842\plugins\javax-mail-api.jpi
   3.715 [id=44]	INFO	hudson.PluginManager#considerDetachedPlugin: Loading a detached plugin as a dependency: C:\Users\david\AppData\Local\Temp\jenkins4011091865781867842\plugins\mina-sshd-api-core.jpi
   3.770 [id=44]	INFO	hudson.PluginManager#considerDetachedPlugin: Loading a detached plugin as a dependency: C:\Users\david\AppData\Local\Temp\jenkins4011091865781867842\plugins\sshd.jpi
   5.159 [id=40]	INFO	jenkins.InitReactorRunner$1#onAttained: Listed all plugins
   5.166 [id=43]	INFO	j.b.api.BouncyCastlePlugin#start: C:\Users\david\Desktop\david\logstash-plugin\target\tmp\j h17832210753881053213\plugins\bouncycastle-api\WEB-INF\optional-lib not found; for non RealJenkinsRule this is fine and can be ignored.
   5.397 [id=40]	INFO	j.plugins.logstash.PluginImpl#start: Logstash: a logstash agent to send jenkins logs to a logstash indexer.
   6.525 [id=40]	INFO	jenkins.InitReactorRunner$1#onAttained: Prepared all plugins
   6.537 [id=45]	INFO	jenkins.InitReactorRunner$1#onAttained: Started all plugins
   6.539 [id=45]	INFO	jenkins.InitReactorRunner$1#onAttained: Augmented all extensions
   9.161 [id=46]	INFO	jenkins.InitReactorRunner$1#onAttained: System config loaded
   9.284 [id=45]	INFO	jenkins.InitReactorRunner$1#onAttained: System config adapted
   9.284 [id=45]	INFO	jenkins.InitReactorRunner$1#onAttained: Loaded all jobs
   9.300 [id=42]	INFO	jenkins.InitReactorRunner$1#onAttained: Configuration for all jobs updated
   9.749 [id=42]	INFO	jenkins.InitReactorRunner$1#onAttained: Completed initialization
   9.963 [id=51]	WARNING	c.m.c.h.p.m.MaskPasswordsConfig#load: Unable to load Mask Passwords plugin configuration from com.michelin.cio.hudson.plugins.maskpasswords.MaskPasswordsConfig.xml
java.nio.file.NoSuchFileException: C:\Users\david\Desktop\david\logstash-plugin\target\tmp\j h17832210753881053213\com.michelin.cio.hudson.plugins.maskpasswords.MaskPasswordsConfig.xml
	at java.base/sun.nio.fs.WindowsException.translateToIOException(WindowsException.java:85)
	at java.base/sun.nio.fs.WindowsException.rethrowAsIOException(WindowsException.java:103)
	at java.base/sun.nio.fs.WindowsException.rethrowAsIOException(WindowsException.java:108)
	at java.base/sun.nio.fs.WindowsFileSystemProvider.newByteChannel(WindowsFileSystemProvider.java:234)
	at java.base/java.nio.file.Files.newByteChannel(Files.java:379)
	at java.base/java.nio.file.Files.newByteChannel(Files.java:431)
	at java.base/java.nio.file.spi.FileSystemProvider.newInputStream(FileSystemProvider.java:420)
	at java.base/java.nio.file.Files.newInputStream(Files.java:159)
	at hudson.XmlFile.read(XmlFile.java:164)
	at com.michelin.cio.hudson.plugins.maskpasswords.MaskPasswordsConfig.load(MaskPasswordsConfig.java:480)
	at com.michelin.cio.hudson.plugins.maskpasswords.MaskPasswordsConfig.getInstance(MaskPasswordsConfig.java:221)
	at com.michelin.cio.hudson.plugins.maskpasswords.MaskPasswordsConsoleLogFilter.decorateLogger(MaskPasswordsConsoleLogFilter.java:60)
	at hudson.model.Run.createBuildListener(Run.java:1996)
	at hudson.model.Run.execute(Run.java:1881)
	at hudson.model.FreeStyleBuild.run(FreeStyleBuild.java:44)
	at hudson.model.ResourceController.execute(ResourceController.java:101)
	at hudson.model.Executor.run(Executor.java:442)
  10.417 [id=28]	INFO	hudson.lifecycle.Lifecycle#onStatusUpdate: Stopping Jenkins
  10.472 [id=28]	INFO	hudson.lifecycle.Lifecycle#onStatusUpdate: Jenkins stopped
  10.527 [id=28]	INFO	o.j.h.t.TemporaryDirectoryAllocator#dispose: deleting C:\Users\david\Desktop\david\logstash-plugin\target\tmp\j h17832210753881053213
]]></system-err>
  </testcase>
  <testcase name="dataIsSetWhenEnabledViaJobPropertyOnSlave" classname="jenkins.plugins.logstash.LogstashIntegrationTest" time="4.555">
    <system-out><![CDATA[=== Starting dataIsSetWhenEnabledViaJobPropertyOnSlave(jenkins.plugins.logstash.LogstashIntegrationTest)
]]></system-out>
    <system-err><![CDATA[   0.029 [id=89]	INFO	o.jvnet.hudson.test.JenkinsRule#createWebServer: Running on http://localhost:30131/jenkins/
   0.130 [id=62]	WARNING	o.j.h.test.SimpleCommandLauncher#launch
java.io.IOException: Node slave0 has been deleted during the channel setup
	at hudson.slaves.SlaveComputer.setChannel(SlaveComputer.java:696)
	at hudson.slaves.SlaveComputer.setChannel(SlaveComputer.java:438)
	at org.jvnet.hudson.test.SimpleCommandLauncher.launch(SimpleCommandLauncher.java:82)
	at hudson.slaves.SlaveComputer.lambda$_connect$0(SlaveComputer.java:298)
	at jenkins.util.ContextResettingExecutorService$2.call(ContextResettingExecutorService.java:46)
	at jenkins.security.ImpersonatingExecutorService$2.call(ImpersonatingExecutorService.java:80)
	at java.base/java.util.concurrent.FutureTask.run(FutureTask.java:317)
	at java.base/java.util.concurrent.ThreadPoolExecutor.runWorker(ThreadPoolExecutor.java:1144)
	at java.base/java.util.concurrent.ThreadPoolExecutor$Worker.run(ThreadPoolExecutor.java:642)
	at java.base/java.lang.Thread.run(Thread.java:1583)
   0.151 [id=102]	INFO	jenkins.InitReactorRunner$1#onAttained: Started initialization
   0.151 [id=105]	INFO	jenkins.InitReactorRunner$1#onAttained: Listed all plugins
   0.153 [id=102]	INFO	j.b.api.BouncyCastlePlugin#start: C:\Users\david\Desktop\david\logstash-plugin\target\tmp\j h5311924503078198818\plugins\bouncycastle-api\WEB-INF\optional-lib not found; for non RealJenkinsRule this is fine and can be ignored.
   0.168 [id=102]	INFO	j.plugins.logstash.PluginImpl#start: Logstash: a logstash agent to send jenkins logs to a logstash indexer.
   0.336 [id=107]	INFO	jenkins.InitReactorRunner$1#onAttained: Prepared all plugins
   0.339 [id=103]	INFO	jenkins.InitReactorRunner$1#onAttained: Started all plugins
   0.340 [id=103]	INFO	jenkins.InitReactorRunner$1#onAttained: Augmented all extensions
   2.166 [id=108]	INFO	jenkins.InitReactorRunner$1#onAttained: System config loaded
   2.181 [id=108]	INFO	jenkins.InitReactorRunner$1#onAttained: System config adapted
   2.181 [id=101]	INFO	jenkins.InitReactorRunner$1#onAttained: Loaded all jobs
   2.183 [id=102]	INFO	jenkins.InitReactorRunner$1#onAttained: Configuration for all jobs updated
   2.218 [id=103]	INFO	jenkins.InitReactorRunner$1#onAttained: Completed initialization
   3.279 [id=83]	WARNING	o.j.r.u.AnonymousClassWarnings#warn: Attempt to (de-)serialize anonymous class org.jenkinsci.plugins.envinject.EnvInjectComputerListener$2 in file:/C:/Users/david/.m2/repository/org/jenkins-ci/plugins/envinject/2.1.5/envinject-2.1.5.jar; see: https://jenkins.io/redirect/serialization-of-anonymous-classes/
   3.581 [id=62]	INFO	o.j.h.test.SimpleCommandLauncher#launch: agent launched for slave0
   3.645 [id=62]	WARNING	o.j.r.u.AnonymousClassWarnings#warn: Attempt to (de-)serialize anonymous class org.jenkinsci.plugins.envinject.service.EnvironmentVariablesNodeLoader$1 in file:/C:/Users/david/.m2/repository/org/jenkins-ci/plugins/envinject/2.1.5/envinject-2.1.5.jar; see: https://jenkins.io/redirect/serialization-of-anonymous-classes/
   3.658 [id=62]	WARNING	o.j.r.u.AnonymousClassWarnings#warn: Attempt to (de-)serialize anonymous class org.jenkinsci.plugins.envinject.service.EnvInjectActionSetter$1 in file:/C:/Users/david/.m2/repository/org/jenkins-ci/plugins/envinject/2.1.5/envinject-2.1.5.jar; see: https://jenkins.io/redirect/serialization-of-anonymous-classes/
   4.448 [id=89]	INFO	hudson.lifecycle.Lifecycle#onStatusUpdate: Stopping Jenkins
   4.467 [id=89]	INFO	hudson.lifecycle.Lifecycle#onStatusUpdate: Jenkins stopped
   4.525 [id=89]	INFO	o.j.h.t.TemporaryDirectoryAllocator#dispose: deleting C:\Users\david\Desktop\david\logstash-plugin\target\tmp\j h5311924503078198818
]]></system-err>
  </testcase>
  <testcase name="dataIsSetForNotifierOnSlave" classname="jenkins.plugins.logstash.LogstashIntegrationTest" time="3.043">
    <system-out><![CDATA[=== Starting dataIsSetForNotifierOnSlave(jenkins.plugins.logstash.LogstashIntegrationTest)
]]></system-out>
    <system-err><![CDATA[   0.020 [id=138]	INFO	o.jvnet.hudson.test.JenkinsRule#createWebServer: Running on http://localhost:30140/jenkins/
   0.176 [id=151]	INFO	jenkins.InitReactorRunner$1#onAttained: Started initialization
   0.177 [id=151]	INFO	jenkins.InitReactorRunner$1#onAttained: Listed all plugins
   0.179 [id=155]	INFO	j.b.api.BouncyCastlePlugin#start: C:\Users\david\Desktop\david\logstash-plugin\target\tmp\j h15120687610161604002\plugins\bouncycastle-api\WEB-INF\optional-lib not found; for non RealJenkinsRule this is fine and can be ignored.
   0.192 [id=153]	INFO	j.plugins.logstash.PluginImpl#start: Logstash: a logstash agent to send jenkins logs to a logstash indexer.
   0.387 [id=150]	INFO	jenkins.InitReactorRunner$1#onAttained: Prepared all plugins
   0.390 [id=151]	INFO	jenkins.InitReactorRunner$1#onAttained: Started all plugins
   0.391 [id=151]	INFO	jenkins.InitReactorRunner$1#onAttained: Augmented all extensions
   0.964 [id=154]	INFO	jenkins.InitReactorRunner$1#onAttained: System config loaded
   0.976 [id=153]	INFO	jenkins.InitReactorRunner$1#onAttained: System config adapted
   0.976 [id=152]	INFO	jenkins.InitReactorRunner$1#onAttained: Loaded all jobs
   0.977 [id=150]	INFO	jenkins.InitReactorRunner$1#onAttained: Configuration for all jobs updated
   1.011 [id=156]	INFO	jenkins.InitReactorRunner$1#onAttained: Completed initialization
   2.330 [id=79]	INFO	o.j.h.test.SimpleCommandLauncher#launch: agent launched for slave0
   2.900 [id=138]	INFO	hudson.lifecycle.Lifecycle#onStatusUpdate: Stopping Jenkins
   2.934 [id=138]	INFO	hudson.lifecycle.Lifecycle#onStatusUpdate: Jenkins stopped
   2.999 [id=138]	INFO	o.j.h.t.TemporaryDirectoryAllocator#dispose: deleting C:\Users\david\Desktop\david\logstash-plugin\target\tmp\j h15120687610161604002
]]></system-err>
  </testcase>
  <testcase name="milliSecondTimestamps" classname="jenkins.plugins.logstash.LogstashIntegrationTest" time="2.902">
    <system-out><![CDATA[=== Starting milliSecondTimestamps(jenkins.plugins.logstash.LogstashIntegrationTest)
]]></system-out>
    <system-err><![CDATA[   0.019 [id=187]	INFO	o.jvnet.hudson.test.JenkinsRule#createWebServer: Running on http://localhost:30145/jenkins/
   0.113 [id=200]	INFO	jenkins.InitReactorRunner$1#onAttained: Started initialization
   0.114 [id=206]	INFO	jenkins.InitReactorRunner$1#onAttained: Listed all plugins
   0.115 [id=200]	INFO	j.b.api.BouncyCastlePlugin#start: C:\Users\david\Desktop\david\logstash-plugin\target\tmp\j h17626299724895475161\plugins\bouncycastle-api\WEB-INF\optional-lib not found; for non RealJenkinsRule this is fine and can be ignored.
   0.126 [id=204]	INFO	j.plugins.logstash.PluginImpl#start: Logstash: a logstash agent to send jenkins logs to a logstash indexer.
   0.294 [id=204]	INFO	jenkins.InitReactorRunner$1#onAttained: Prepared all plugins
   0.297 [id=203]	INFO	jenkins.InitReactorRunner$1#onAttained: Started all plugins
   0.298 [id=201]	INFO	jenkins.InitReactorRunner$1#onAttained: Augmented all extensions
   2.154 [id=205]	INFO	jenkins.InitReactorRunner$1#onAttained: System config loaded
   2.167 [id=205]	INFO	jenkins.InitReactorRunner$1#onAttained: System config adapted
   2.168 [id=200]	INFO	jenkins.InitReactorRunner$1#onAttained: Loaded all jobs
   2.168 [id=204]	INFO	jenkins.InitReactorRunner$1#onAttained: Configuration for all jobs updated
   2.200 [id=202]	INFO	jenkins.InitReactorRunner$1#onAttained: Completed initialization
   2.772 [id=187]	INFO	hudson.lifecycle.Lifecycle#onStatusUpdate: Stopping Jenkins
   2.797 [id=187]	INFO	hudson.lifecycle.Lifecycle#onStatusUpdate: Jenkins stopped
   2.850 [id=187]	INFO	o.j.h.t.TemporaryDirectoryAllocator#dispose: deleting C:\Users\david\Desktop\david\logstash-plugin\target\tmp\j h17626299724895475161
   2.896 [id=79]	WARNING	o.j.h.test.SimpleCommandLauncher#launch
java.io.IOException: Node slave0 has been deleted during the channel setup
	at hudson.slaves.SlaveComputer.setChannel(SlaveComputer.java:696)
	at hudson.slaves.SlaveComputer.setChannel(SlaveComputer.java:438)
	at org.jvnet.hudson.test.SimpleCommandLauncher.launch(SimpleCommandLauncher.java:82)
	at hudson.slaves.SlaveComputer.lambda$_connect$0(SlaveComputer.java:298)
	at jenkins.util.ContextResettingExecutorService$2.call(ContextResettingExecutorService.java:46)
	at jenkins.security.ImpersonatingExecutorService$2.call(ImpersonatingExecutorService.java:80)
	at java.base/java.util.concurrent.FutureTask.run(FutureTask.java:317)
	at java.base/java.util.concurrent.ThreadPoolExecutor.runWorker(ThreadPoolExecutor.java:1144)
	at java.base/java.util.concurrent.ThreadPoolExecutor$Worker.run(ThreadPoolExecutor.java:642)
	at java.base/java.lang.Thread.run(Thread.java:1583)
]]></system-err>
  </testcase>
  <testcase name="secondTimestamps" classname="jenkins.plugins.logstash.LogstashIntegrationTest" time="1.874">
    <system-out><![CDATA[=== Starting secondTimestamps(jenkins.plugins.logstash.LogstashIntegrationTest)
]]></system-out>
    <system-err><![CDATA[   0.022 [id=233]	INFO	o.jvnet.hudson.test.JenkinsRule#createWebServer: Running on http://localhost:30152/jenkins/
   0.128 [id=246]	INFO	jenkins.InitReactorRunner$1#onAttained: Started initialization
   0.129 [id=245]	INFO	jenkins.InitReactorRunner$1#onAttained: Listed all plugins
   0.130 [id=246]	INFO	j.b.api.BouncyCastlePlugin#start: C:\Users\david\Desktop\david\logstash-plugin\target\tmp\j h6631478279774671706\plugins\bouncycastle-api\WEB-INF\optional-lib not found; for non RealJenkinsRule this is fine and can be ignored.
   0.147 [id=245]	INFO	j.plugins.logstash.PluginImpl#start: Logstash: a logstash agent to send jenkins logs to a logstash indexer.
   0.314 [id=247]	INFO	jenkins.InitReactorRunner$1#onAttained: Prepared all plugins
   0.316 [id=249]	INFO	jenkins.InitReactorRunner$1#onAttained: Started all plugins
   0.318 [id=246]	INFO	jenkins.InitReactorRunner$1#onAttained: Augmented all extensions
   1.140 [id=247]	INFO	jenkins.InitReactorRunner$1#onAttained: System config loaded
   1.149 [id=247]	INFO	jenkins.InitReactorRunner$1#onAttained: System config adapted
   1.149 [id=245]	INFO	jenkins.InitReactorRunner$1#onAttained: Loaded all jobs
   1.150 [id=245]	INFO	jenkins.InitReactorRunner$1#onAttained: Configuration for all jobs updated
   1.183 [id=251]	INFO	jenkins.InitReactorRunner$1#onAttained: Completed initialization
   1.753 [id=233]	INFO	hudson.lifecycle.Lifecycle#onStatusUpdate: Stopping Jenkins
   1.780 [id=233]	INFO	hudson.lifecycle.Lifecycle#onStatusUpdate: Jenkins stopped
   1.829 [id=233]	INFO	o.j.h.t.TemporaryDirectoryAllocator#dispose: deleting C:\Users\david\Desktop\david\logstash-plugin\target\tmp\j h6631478279774671706
]]></system-err>
  </testcase>
  <testcase name="disabledWillNotWrite" classname="jenkins.plugins.logstash.LogstashIntegrationTest" time="2.721">
    <system-out><![CDATA[=== Starting disabledWillNotWrite(jenkins.plugins.logstash.LogstashIntegrationTest)
]]></system-out>
    <system-err><![CDATA[   0.008 [id=79]	WARNING	o.j.h.test.SimpleCommandLauncher#launch
java.lang.IllegalStateException: Jenkins.instance is missing. Read the documentation of Jenkins.getInstanceOrNull to see what you are doing wrong.
	at jenkins.model.Jenkins.get(Jenkins.java:814)
	at hudson.slaves.SlaveComputer.setChannel(SlaveComputer.java:762)
	at hudson.slaves.SlaveComputer.setChannel(SlaveComputer.java:438)
	at org.jvnet.hudson.test.SimpleCommandLauncher.launch(SimpleCommandLauncher.java:82)
	at hudson.slaves.SlaveComputer.lambda$_connect$0(SlaveComputer.java:298)
	at jenkins.util.ContextResettingExecutorService$2.call(ContextResettingExecutorService.java:46)
	at jenkins.security.ImpersonatingExecutorService$2.call(ImpersonatingExecutorService.java:80)
	at java.base/java.util.concurrent.FutureTask.run(FutureTask.java:317)
	at java.base/java.util.concurrent.ThreadPoolExecutor.runWorker(ThreadPoolExecutor.java:1144)
	at java.base/java.util.concurrent.ThreadPoolExecutor$Worker.run(ThreadPoolExecutor.java:642)
	at java.base/java.lang.Thread.run(Thread.java:1583)
   0.022 [id=279]	INFO	o.jvnet.hudson.test.JenkinsRule#createWebServer: Running on http://localhost:30155/jenkins/
   0.107 [id=292]	INFO	jenkins.InitReactorRunner$1#onAttained: Started initialization
   0.108 [id=295]	INFO	jenkins.InitReactorRunner$1#onAttained: Listed all plugins
   0.109 [id=291]	INFO	j.b.api.BouncyCastlePlugin#start: C:\Users\david\Desktop\david\logstash-plugin\target\tmp\j h2985229017490461134\plugins\bouncycastle-api\WEB-INF\optional-lib not found; for non RealJenkinsRule this is fine and can be ignored.
   0.122 [id=297]	INFO	j.plugins.logstash.PluginImpl#start: Logstash: a logstash agent to send jenkins logs to a logstash indexer.
   0.262 [id=294]	INFO	jenkins.InitReactorRunner$1#onAttained: Prepared all plugins
   0.264 [id=298]	INFO	jenkins.InitReactorRunner$1#onAttained: Started all plugins
   0.266 [id=295]	INFO	jenkins.InitReactorRunner$1#onAttained: Augmented all extensions
   1.994 [id=292]	INFO	jenkins.InitReactorRunner$1#onAttained: System config loaded
   2.013 [id=291]	INFO	jenkins.InitReactorRunner$1#onAttained: System config adapted
   2.014 [id=291]	INFO	jenkins.InitReactorRunner$1#onAttained: Loaded all jobs
   2.014 [id=298]	INFO	jenkins.InitReactorRunner$1#onAttained: Configuration for all jobs updated
   2.053 [id=297]	INFO	jenkins.InitReactorRunner$1#onAttained: Completed initialization
   2.626 [id=279]	INFO	hudson.lifecycle.Lifecycle#onStatusUpdate: Stopping Jenkins
   2.643 [id=279]	INFO	hudson.lifecycle.Lifecycle#onStatusUpdate: Jenkins stopped
   2.690 [id=279]	INFO	o.j.h.t.TemporaryDirectoryAllocator#dispose: deleting C:\Users\david\Desktop\david\logstash-plugin\target\tmp\j h2985229017490461134
]]></system-err>
  </testcase>
  <testcase name="passwordsAreMaskedWithMaskpasswordsBuildWrapper" classname="jenkins.plugins.logstash.LogstashIntegrationTest" time="2.023">
    <system-out><![CDATA[=== Starting passwordsAreMaskedWithMaskpasswordsBuildWrapper(jenkins.plugins.logstash.LogstashIntegrationTest)
]]></system-out>
    <system-err><![CDATA[   0.014 [id=325]	INFO	o.jvnet.hudson.test.JenkinsRule#createWebServer: Running on http://localhost:30158/jenkins/
   0.113 [id=79]	WARNING	o.j.h.test.SimpleCommandLauncher#launch
java.io.IOException: Node slave0 has been deleted during the channel setup
	at hudson.slaves.SlaveComputer.setChannel(SlaveComputer.java:696)
	at hudson.slaves.SlaveComputer.setChannel(SlaveComputer.java:438)
	at org.jvnet.hudson.test.SimpleCommandLauncher.launch(SimpleCommandLauncher.java:82)
	at hudson.slaves.SlaveComputer.lambda$_connect$0(SlaveComputer.java:298)
	at jenkins.util.ContextResettingExecutorService$2.call(ContextResettingExecutorService.java:46)
	at jenkins.security.ImpersonatingExecutorService$2.call(ImpersonatingExecutorService.java:80)
	at java.base/java.util.concurrent.FutureTask.run(FutureTask.java:317)
	at java.base/java.util.concurrent.ThreadPoolExecutor.runWorker(ThreadPoolExecutor.java:1144)
	at java.base/java.util.concurrent.ThreadPoolExecutor$Worker.run(ThreadPoolExecutor.java:642)
	at java.base/java.lang.Thread.run(Thread.java:1583)
   0.140 [id=338]	INFO	jenkins.InitReactorRunner$1#onAttained: Started initialization
   0.140 [id=339]	INFO	jenkins.InitReactorRunner$1#onAttained: Listed all plugins
   0.142 [id=343]	INFO	j.b.api.BouncyCastlePlugin#start: C:\Users\david\Desktop\david\logstash-plugin\target\tmp\j h7755541993861512401\plugins\bouncycastle-api\WEB-INF\optional-lib not found; for non RealJenkinsRule this is fine and can be ignored.
   0.152 [id=343]	INFO	j.plugins.logstash.PluginImpl#start: Logstash: a logstash agent to send jenkins logs to a logstash indexer.
   0.309 [id=344]	INFO	jenkins.InitReactorRunner$1#onAttained: Prepared all plugins
   0.312 [id=340]	INFO	jenkins.InitReactorRunner$1#onAttained: Started all plugins
   0.315 [id=339]	INFO	jenkins.InitReactorRunner$1#onAttained: Augmented all extensions
   1.270 [id=342]	INFO	jenkins.InitReactorRunner$1#onAttained: System config loaded
   1.278 [id=341]	INFO	jenkins.InitReactorRunner$1#onAttained: System config adapted
   1.279 [id=338]	INFO	jenkins.InitReactorRunner$1#onAttained: Loaded all jobs
   1.280 [id=341]	INFO	jenkins.InitReactorRunner$1#onAttained: Configuration for all jobs updated
   1.317 [id=337]	INFO	jenkins.InitReactorRunner$1#onAttained: Completed initialization
   1.891 [id=325]	INFO	hudson.lifecycle.Lifecycle#onStatusUpdate: Stopping Jenkins
   1.915 [id=325]	INFO	hudson.lifecycle.Lifecycle#onStatusUpdate: Jenkins stopped
   1.968 [id=325]	INFO	o.j.h.t.TemporaryDirectoryAllocator#dispose: deleting C:\Users\david\Desktop\david\logstash-plugin\target\tmp\j h7755541993861512401
]]></system-err>
  </testcase>
  <testcase name="passwordsAreMaskedWithGlobalMaskPasswordsConfiguration" classname="jenkins.plugins.logstash.LogstashIntegrationTest" time="2.443">
    <system-out><![CDATA[=== Starting passwordsAreMaskedWithGlobalMaskPasswordsConfiguration(jenkins.plugins.logstash.LogstashIntegrationTest)
]]></system-out>
    <system-err><![CDATA[   0.000 [id=79]	WARNING	o.j.h.test.SimpleCommandLauncher#launch
java.lang.IllegalStateException: Jenkins.instance is missing. Read the documentation of Jenkins.getInstanceOrNull to see what you are doing wrong.
	at jenkins.model.Jenkins.get(Jenkins.java:814)
	at hudson.slaves.SlaveComputer.setChannel(SlaveComputer.java:762)
	at hudson.slaves.SlaveComputer.setChannel(SlaveComputer.java:438)
	at org.jvnet.hudson.test.SimpleCommandLauncher.launch(SimpleCommandLauncher.java:82)
	at hudson.slaves.SlaveComputer.lambda$_connect$0(SlaveComputer.java:298)
	at jenkins.util.ContextResettingExecutorService$2.call(ContextResettingExecutorService.java:46)
	at jenkins.security.ImpersonatingExecutorService$2.call(ImpersonatingExecutorService.java:80)
	at java.base/java.util.concurrent.FutureTask.run(FutureTask.java:317)
	at java.base/java.util.concurrent.ThreadPoolExecutor.runWorker(ThreadPoolExecutor.java:1144)
	at java.base/java.util.concurrent.ThreadPoolExecutor$Worker.run(ThreadPoolExecutor.java:642)
	at java.base/java.lang.Thread.run(Thread.java:1583)
   0.015 [id=371]	INFO	o.jvnet.hudson.test.JenkinsRule#createWebServer: Running on http://localhost:30161/jenkins/
   0.096 [id=384]	INFO	jenkins.InitReactorRunner$1#onAttained: Started initialization
   0.097 [id=388]	INFO	jenkins.InitReactorRunner$1#onAttained: Listed all plugins
   0.098 [id=384]	INFO	j.b.api.BouncyCastlePlugin#start: C:\Users\david\Desktop\david\logstash-plugin\target\tmp\j h10427634414071079565\plugins\bouncycastle-api\WEB-INF\optional-lib not found; for non RealJenkinsRule this is fine and can be ignored.
   0.110 [id=387]	INFO	j.plugins.logstash.PluginImpl#start: Logstash: a logstash agent to send jenkins logs to a logstash indexer.
   0.244 [id=387]	INFO	jenkins.InitReactorRunner$1#onAttained: Prepared all plugins
   0.246 [id=389]	INFO	jenkins.InitReactorRunner$1#onAttained: Started all plugins
   0.248 [id=383]	INFO	jenkins.InitReactorRunner$1#onAttained: Augmented all extensions
   1.685 [id=384]	INFO	jenkins.InitReactorRunner$1#onAttained: System config loaded
   1.697 [id=384]	INFO	jenkins.InitReactorRunner$1#onAttained: System config adapted
   1.697 [id=385]	INFO	jenkins.InitReactorRunner$1#onAttained: Loaded all jobs
   1.697 [id=390]	INFO	jenkins.InitReactorRunner$1#onAttained: Configuration for all jobs updated
   1.732 [id=383]	INFO	jenkins.InitReactorRunner$1#onAttained: Completed initialization
   2.323 [id=371]	INFO	hudson.lifecycle.Lifecycle#onStatusUpdate: Stopping Jenkins
   2.339 [id=371]	INFO	hudson.lifecycle.Lifecycle#onStatusUpdate: Jenkins stopped
   2.401 [id=371]	INFO	o.j.h.t.TemporaryDirectoryAllocator#dispose: deleting C:\Users\david\Desktop\david\logstash-plugin\target\tmp\j h10427634414071079565
]]></system-err>
  </testcase>
  <testcase name="enableGlobally" classname="jenkins.plugins.logstash.LogstashIntegrationTest" time="2.479">
    <system-out><![CDATA[=== Starting enableGlobally(jenkins.plugins.logstash.LogstashIntegrationTest)
]]></system-out>
    <system-err><![CDATA[   0.026 [id=417]	INFO	o.jvnet.hudson.test.JenkinsRule#createWebServer: Running on http://localhost:30164/jenkins/
   0.041 [id=79]	WARNING	o.j.h.test.SimpleCommandLauncher#launch
java.io.IOException: Node slave0 has been deleted during the channel setup
	at hudson.slaves.SlaveComputer.setChannel(SlaveComputer.java:696)
	at hudson.slaves.SlaveComputer.setChannel(SlaveComputer.java:438)
	at org.jvnet.hudson.test.SimpleCommandLauncher.launch(SimpleCommandLauncher.java:82)
	at hudson.slaves.SlaveComputer.lambda$_connect$0(SlaveComputer.java:298)
	at jenkins.util.ContextResettingExecutorService$2.call(ContextResettingExecutorService.java:46)
	at jenkins.security.ImpersonatingExecutorService$2.call(ImpersonatingExecutorService.java:80)
	at java.base/java.util.concurrent.FutureTask.run(FutureTask.java:317)
	at java.base/java.util.concurrent.ThreadPoolExecutor.runWorker(ThreadPoolExecutor.java:1144)
	at java.base/java.util.concurrent.ThreadPoolExecutor$Worker.run(ThreadPoolExecutor.java:642)
	at java.base/java.lang.Thread.run(Thread.java:1583)
   0.113 [id=430]	INFO	jenkins.InitReactorRunner$1#onAttained: Started initialization
   0.114 [id=436]	INFO	jenkins.InitReactorRunner$1#onAttained: Listed all plugins
   0.115 [id=430]	INFO	j.b.api.BouncyCastlePlugin#start: C:\Users\david\Desktop\david\logstash-plugin\target\tmp\j h13722359637816328070\plugins\bouncycastle-api\WEB-INF\optional-lib not found; for non RealJenkinsRule this is fine and can be ignored.
   0.128 [id=436]	INFO	j.plugins.logstash.PluginImpl#start: Logstash: a logstash agent to send jenkins logs to a logstash indexer.
   0.266 [id=432]	INFO	jenkins.InitReactorRunner$1#onAttained: Prepared all plugins
   0.268 [id=434]	INFO	jenkins.InitReactorRunner$1#onAttained: Started all plugins
   0.269 [id=435]	INFO	jenkins.InitReactorRunner$1#onAttained: Augmented all extensions
   1.744 [id=431]	INFO	jenkins.InitReactorRunner$1#onAttained: System config loaded
   1.754 [id=431]	INFO	jenkins.InitReactorRunner$1#onAttained: System config adapted
   1.754 [id=431]	INFO	jenkins.InitReactorRunner$1#onAttained: Loaded all jobs
   1.755 [id=433]	INFO	jenkins.InitReactorRunner$1#onAttained: Configuration for all jobs updated
   1.789 [id=430]	INFO	jenkins.InitReactorRunner$1#onAttained: Completed initialization
   2.368 [id=417]	INFO	hudson.lifecycle.Lifecycle#onStatusUpdate: Stopping Jenkins
   2.390 [id=417]	INFO	hudson.lifecycle.Lifecycle#onStatusUpdate: Jenkins stopped
   2.450 [id=417]	INFO	o.j.h.t.TemporaryDirectoryAllocator#dispose: deleting C:\Users\david\Desktop\david\logstash-plugin\target\tmp\j h13722359637816328070
   2.457 [id=79]	WARNING	o.j.h.test.SimpleCommandLauncher#launch
java.io.IOException: Node slave0 has been deleted during the channel setup
	at hudson.slaves.SlaveComputer.setChannel(SlaveComputer.java:696)
	at hudson.slaves.SlaveComputer.setChannel(SlaveComputer.java:438)
	at org.jvnet.hudson.test.SimpleCommandLauncher.launch(SimpleCommandLauncher.java:82)
	at hudson.slaves.SlaveComputer.lambda$_connect$0(SlaveComputer.java:298)
	at jenkins.util.ContextResettingExecutorService$2.call(ContextResettingExecutorService.java:46)
	at jenkins.security.ImpersonatingExecutorService$2.call(ImpersonatingExecutorService.java:80)
	at java.base/java.util.concurrent.FutureTask.run(FutureTask.java:317)
	at java.base/java.util.concurrent.ThreadPoolExecutor.runWorker(ThreadPoolExecutor.java:1144)
	at java.base/java.util.concurrent.ThreadPoolExecutor$Worker.run(ThreadPoolExecutor.java:642)
	at java.base/java.lang.Thread.run(Thread.java:1583)
]]></system-err>
  </testcase>
  <testcase name="ansiColorAnnotationsAreNotIncluded" classname="jenkins.plugins.logstash.LogstashIntegrationTest" time="1.87">
    <system-out><![CDATA[=== Starting ansiColorAnnotationsAreNotIncluded(jenkins.plugins.logstash.LogstashIntegrationTest)
]]></system-out>
    <system-err><![CDATA[   0.016 [id=463]	INFO	o.jvnet.hudson.test.JenkinsRule#createWebServer: Running on http://localhost:30167/jenkins/
   0.100 [id=476]	INFO	jenkins.InitReactorRunner$1#onAttained: Started initialization
   0.101 [id=479]	INFO	jenkins.InitReactorRunner$1#onAttained: Listed all plugins
   0.103 [id=482]	INFO	j.b.api.BouncyCastlePlugin#start: C:\Users\david\Desktop\david\logstash-plugin\target\tmp\j h4707347988321332384\plugins\bouncycastle-api\WEB-INF\optional-lib not found; for non RealJenkinsRule this is fine and can be ignored.
   0.115 [id=475]	INFO	j.plugins.logstash.PluginImpl#start: Logstash: a logstash agent to send jenkins logs to a logstash indexer.
   0.265 [id=482]	INFO	jenkins.InitReactorRunner$1#onAttained: Prepared all plugins
   0.267 [id=475]	INFO	jenkins.InitReactorRunner$1#onAttained: Started all plugins
   0.268 [id=475]	INFO	jenkins.InitReactorRunner$1#onAttained: Augmented all extensions
   1.143 [id=478]	INFO	jenkins.InitReactorRunner$1#onAttained: System config loaded
   1.156 [id=478]	INFO	jenkins.InitReactorRunner$1#onAttained: System config adapted
   1.157 [id=478]	INFO	jenkins.InitReactorRunner$1#onAttained: Loaded all jobs
   1.158 [id=479]	INFO	jenkins.InitReactorRunner$1#onAttained: Configuration for all jobs updated
   1.192 [id=480]	INFO	jenkins.InitReactorRunner$1#onAttained: Completed initialization
   1.759 [id=463]	INFO	hudson.lifecycle.Lifecycle#onStatusUpdate: Stopping Jenkins
   1.780 [id=463]	INFO	hudson.lifecycle.Lifecycle#onStatusUpdate: Jenkins stopped
   1.835 [id=463]	INFO	o.j.h.t.TemporaryDirectoryAllocator#dispose: deleting C:\Users\david\Desktop\david\logstash-plugin\target\tmp\j h4707347988321332384
]]></system-err>
  </testcase>
  <testcase name="buildJobPropertyUpdatesResult" classname="jenkins.plugins.logstash.LogstashIntegrationTest" time="2.077">
    <system-out><![CDATA[=== Starting buildJobPropertyUpdatesResult(jenkins.plugins.logstash.LogstashIntegrationTest)
]]></system-out>
    <system-err><![CDATA[   0.030 [id=509]	INFO	o.jvnet.hudson.test.JenkinsRule#createWebServer: Running on http://localhost:30170/jenkins/
   0.056 [id=79]	WARNING	o.j.h.test.SimpleCommandLauncher#launch
java.io.IOException: Node slave0 has been deleted during the channel setup
	at hudson.slaves.SlaveComputer.setChannel(SlaveComputer.java:696)
	at hudson.slaves.SlaveComputer.setChannel(SlaveComputer.java:438)
	at org.jvnet.hudson.test.SimpleCommandLauncher.launch(SimpleCommandLauncher.java:82)
	at hudson.slaves.SlaveComputer.lambda$_connect$0(SlaveComputer.java:298)
	at jenkins.util.ContextResettingExecutorService$2.call(ContextResettingExecutorService.java:46)
	at jenkins.security.ImpersonatingExecutorService$2.call(ImpersonatingExecutorService.java:80)
	at java.base/java.util.concurrent.FutureTask.run(FutureTask.java:317)
	at java.base/java.util.concurrent.ThreadPoolExecutor.runWorker(ThreadPoolExecutor.java:1144)
	at java.base/java.util.concurrent.ThreadPoolExecutor$Worker.run(ThreadPoolExecutor.java:642)
	at java.base/java.lang.Thread.run(Thread.java:1583)
   0.126 [id=522]	INFO	jenkins.InitReactorRunner$1#onAttained: Started initialization
   0.127 [id=528]	INFO	jenkins.InitReactorRunner$1#onAttained: Listed all plugins
   0.128 [id=525]	INFO	j.b.api.BouncyCastlePlugin#start: C:\Users\david\Desktop\david\logstash-plugin\target\tmp\j h13994893303614795993\plugins\bouncycastle-api\WEB-INF\optional-lib not found; for non RealJenkinsRule this is fine and can be ignored.
   0.139 [id=522]	INFO	j.plugins.logstash.PluginImpl#start: Logstash: a logstash agent to send jenkins logs to a logstash indexer.
   0.309 [id=523]	INFO	jenkins.InitReactorRunner$1#onAttained: Prepared all plugins
   0.310 [id=526]	INFO	jenkins.InitReactorRunner$1#onAttained: Started all plugins
   0.311 [id=527]	INFO	jenkins.InitReactorRunner$1#onAttained: Augmented all extensions
   1.307 [id=526]	INFO	jenkins.InitReactorRunner$1#onAttained: System config loaded
   1.315 [id=525]	INFO	jenkins.InitReactorRunner$1#onAttained: System config adapted
   1.316 [id=525]	INFO	jenkins.InitReactorRunner$1#onAttained: Loaded all jobs
   1.317 [id=528]	INFO	jenkins.InitReactorRunner$1#onAttained: Configuration for all jobs updated
   1.352 [id=527]	INFO	jenkins.InitReactorRunner$1#onAttained: Completed initialization
   1.947 [id=509]	INFO	hudson.lifecycle.Lifecycle#onStatusUpdate: Stopping Jenkins
   1.971 [id=509]	INFO	hudson.lifecycle.Lifecycle#onStatusUpdate: Jenkins stopped
   2.040 [id=509]	INFO	o.j.h.t.TemporaryDirectoryAllocator#dispose: deleting C:\Users\david\Desktop\david\logstash-plugin\target\tmp\j h13994893303614795993
   2.042 [id=79]	WARNING	o.j.h.test.SimpleCommandLauncher#launch
java.io.IOException: Node slave0 has been deleted during the channel setup
	at hudson.slaves.SlaveComputer.setChannel(SlaveComputer.java:696)
	at hudson.slaves.SlaveComputer.setChannel(SlaveComputer.java:438)
	at org.jvnet.hudson.test.SimpleCommandLauncher.launch(SimpleCommandLauncher.java:82)
	at hudson.slaves.SlaveComputer.lambda$_connect$0(SlaveComputer.java:298)
	at jenkins.util.ContextResettingExecutorService$2.call(ContextResettingExecutorService.java:46)
	at jenkins.security.ImpersonatingExecutorService$2.call(ImpersonatingExecutorService.java:80)
	at java.base/java.util.concurrent.FutureTask.run(FutureTask.java:317)
	at java.base/java.util.concurrent.ThreadPoolExecutor.runWorker(ThreadPoolExecutor.java:1144)
	at java.base/java.util.concurrent.ThreadPoolExecutor$Worker.run(ThreadPoolExecutor.java:642)
	at java.base/java.lang.Thread.run(Thread.java:1583)
]]></system-err>
  </testcase>
  <testcase name="dataIsSetWhenEnabledViaJobPropertyOnMaster" classname="jenkins.plugins.logstash.LogstashIntegrationTest" time="2.29">
    <system-out><![CDATA[=== Starting dataIsSetWhenEnabledViaJobPropertyOnMaster(jenkins.plugins.logstash.LogstashIntegrationTest)
]]></system-out>
    <system-err><![CDATA[   0.019 [id=555]	INFO	o.jvnet.hudson.test.JenkinsRule#createWebServer: Running on http://localhost:30173/jenkins/
   0.102 [id=568]	INFO	jenkins.InitReactorRunner$1#onAttained: Started initialization
   0.103 [id=573]	INFO	jenkins.InitReactorRunner$1#onAttained: Listed all plugins
   0.104 [id=569]	INFO	j.b.api.BouncyCastlePlugin#start: C:\Users\david\Desktop\david\logstash-plugin\target\tmp\j h14850465558882311362\plugins\bouncycastle-api\WEB-INF\optional-lib not found; for non RealJenkinsRule this is fine and can be ignored.
   0.115 [id=574]	INFO	j.plugins.logstash.PluginImpl#start: Logstash: a logstash agent to send jenkins logs to a logstash indexer.
   0.270 [id=570]	INFO	jenkins.InitReactorRunner$1#onAttained: Prepared all plugins
   0.272 [id=573]	INFO	jenkins.InitReactorRunner$1#onAttained: Started all plugins
   0.273 [id=574]	INFO	jenkins.InitReactorRunner$1#onAttained: Augmented all extensions
   1.560 [id=570]	INFO	jenkins.InitReactorRunner$1#onAttained: System config loaded
   1.569 [id=574]	INFO	jenkins.InitReactorRunner$1#onAttained: System config adapted
   1.570 [id=572]	INFO	jenkins.InitReactorRunner$1#onAttained: Loaded all jobs
   1.571 [id=570]	INFO	jenkins.InitReactorRunner$1#onAttained: Configuration for all jobs updated
   1.607 [id=567]	INFO	jenkins.InitReactorRunner$1#onAttained: Completed initialization
   2.167 [id=555]	INFO	hudson.lifecycle.Lifecycle#onStatusUpdate: Stopping Jenkins
   2.190 [id=555]	INFO	hudson.lifecycle.Lifecycle#onStatusUpdate: Jenkins stopped
   2.252 [id=555]	INFO	o.j.h.t.TemporaryDirectoryAllocator#dispose: deleting C:\Users\david\Desktop\david\logstash-plugin\target\tmp\j h14850465558882311362
]]></system-err>
  </testcase>
</testsuite>