<?xml version="1.0" encoding="UTF-8"?>
<testsuite xmlns:xsi="http://www.w3.org/2001/XMLSchema-instance" xsi:noNamespaceSchemaLocation="https://maven.apache.org/surefire/maven-surefire-plugin/xsd/surefire-test-report-3.0.xsd" version="3.0" name="jenkins.plugins.logstash.persistence.SyslogDaoTest" time="1.11" tests="2" errors="0" skipped="0" failures="0">
  <properties>
    <property name="java.specification.version" value="21"/>
    <property name="sun.cpu.isalist" value="amd64"/>
    <property name="sun.jnu.encoding" value="Cp1252"/>
    <property name="java.class.path" value="C:\Users\david\Desktop\logstash-plugin\target\test-classes;C:\Users\david\Desktop\logstash-plugin\target\classes;C:\Users\david\.m2\repository\org\jenkins-ci\plugins\apache-httpcomponents-client-4-api\4.5.14-150.v7a_b_9d17134a_5\apache-httpcomponents-client-4-api-4.5.14-150.v7a_b_9d17134a_5.jar;C:\Users\david\.m2\repository\org\apache\httpcomponents\httpcore\4.4.16\httpcore-4.4.16.jar;C:\Users\david\.m2\repository\org\apache\httpcomponents\httpcore-nio\4.4.16\httpcore-nio-4.4.16.jar;C:\Users\david\.m2\repository\org\apache\httpcomponents\httpclient\4.5.14\httpclient-4.5.14.jar;C:\Users\david\.m2\repository\org\apache\httpcomponents\httpmime\4.5.14\httpmime-4.5.14.jar;C:\Users\david\.m2\repository\org\apache\httpcomponents\fluent-hc\4.5.14\fluent-hc-4.5.14.jar;C:\Users\david\.m2\repository\org\apache\httpcomponents\httpclient-cache\4.5.14\httpclient-cache-4.5.14.jar;C:\Users\david\.m2\repository\org\apache\httpcomponents\httpasyncclient\4.1.5\httpasyncclient-4.1.5.jar;C:\Users\david\.m2\repository\org\apache\httpcomponents\httpasyncclient-cache\4.1.5\httpasyncclient-cache-4.1.5.jar;C:\Users\david\.m2\repository\redis\clients\jedis\2.6.0\jedis-2.6.0.jar;C:\Users\david\.m2\repository\org\apache\commons\commons-pool2\2.0\commons-pool2-2.0.jar;C:\Users\david\.m2\repository\com\rabbitmq\amqp-client\3.3.5\amqp-client-3.3.5.jar;C:\Users\david\.m2\repository\com\google\code\gson\gson\2.8.9\gson-2.8.9.jar;C:\Users\david\.m2\repository\com\cloudbees\syslog-java-client\1.0.6\syslog-java-client-1.0.6.jar;C:\Users\david\.m2\repository\org\jenkins-ci\plugins\junit\1217.v4297208a_a_b_ce\junit-1217.v4297208a_a_b_ce.jar;C:\Users\david\.m2\repository\io\jenkins\plugins\echarts-api\5.4.0-5\echarts-api-5.4.0-5.jar;C:\Users\david\.m2\repository\io\jenkins\plugins\font-awesome-api\6.4.0-2\font-awesome-api-6.4.0-2.jar;C:\Users\david\.m2\repository\io\jenkins\plugins\jquery3-api\3.7.0-1\jquery3-api-3.7.0-1.jar;C:\Users\david\.m2\repository\io\jenkins\plugins\ionicons-api\56.v1b_1c8c49374e\ionicons-api-56.v1b_1c8c49374e.jar;C:\Users\david\.m2\repository\io\jenkins\plugins\checks-api\2.0.0\checks-api-2.0.0.jar;C:\Users\david\.m2\repository\io\jenkins\plugins\commons-lang3-api\3.13.0-62.v7d18e55f51e2\commons-lang3-api-3.13.0-62.v7d18e55f51e2.jar;C:\Users\david\.m2\repository\org\apache\commons\commons-lang3\3.13.0\commons-lang3-3.13.0.jar;C:\Users\david\.m2\repository\io\jenkins\plugins\plugin-util-api\3.3.0\plugin-util-api-3.3.0.jar;C:\Users\david\.m2\repository\org\jenkins-ci\plugins\display-url-api\2.3.9\display-url-api-2.3.9.jar;C:\Users\david\.m2\repository\io\jenkins\plugins\bootstrap5-api\5.3.0-1\bootstrap5-api-5.3.0-1.jar;C:\Users\david\.m2\repository\org\jenkins-ci\plugins\workflow\workflow-api\1259.vb_47f14fffc8a_\workflow-api-1259.vb_47f14fffc8a_.jar;C:\Users\david\.m2\repository\org\jenkins-ci\plugins\jackson2-api\2.15.2-350.v0c2f3f8fc595\jackson2-api-2.15.2-350.v0c2f3f8fc595.jar;C:\Users\david\.m2\repository\com\fasterxml\jackson\core\jackson-databind\2.15.2\jackson-databind-2.15.2.jar;C:\Users\david\.m2\repository\com\fasterxml\jackson\datatype\jackson-datatype-jsr310\2.15.2\jackson-datatype-jsr310-2.15.2.jar;C:\Users\david\.m2\repository\com\fasterxml\jackson\datatype\jackson-datatype-jdk8\2.15.2\jackson-datatype-jdk8-2.15.2.jar;C:\Users\david\.m2\repository\com\fasterxml\jackson\datatype\jackson-datatype-json-org\2.15.2\jackson-datatype-json-org-2.15.2.jar;C:\Users\david\.m2\repository\com\fasterxml\jackson\module\jackson-module-parameter-names\2.15.2\jackson-module-parameter-names-2.15.2.jar;C:\Users\david\.m2\repository\com\fasterxml\jackson\core\jackson-core\2.15.2\jackson-core-2.15.2.jar;C:\Users\david\.m2\repository\com\fasterxml\jackson\core\jackson-annotations\2.15.2\jackson-annotations-2.15.2.jar;C:\Users\david\.m2\repository\com\fasterxml\jackson\module\jackson-module-jaxb-annotations\2.15.2\jackson-module-jaxb-annotations-2.15.2.jar;C:\Users\david\.m2\repository\com\fasterxml\jackson\dataformat\jackson-dataformat-cbor\2.15.2\jackson-dataformat-cbor-2.15.2.jar;C:\Users\david\.m2\repository\com\fasterxml\jackson\dataformat\jackson-dataformat-xml\2.15.2\jackson-dataformat-xml-2.15.2.jar;C:\Users\david\.m2\repository\org\codehaus\woodstox\stax2-api\4.2.1\stax2-api-4.2.1.jar;C:\Users\david\.m2\repository\com\fasterxml\woodstox\woodstox-core\6.5.1\woodstox-core-6.5.1.jar;C:\Users\david\.m2\repository\com\fasterxml\jackson\dataformat\jackson-dataformat-yaml\2.15.2\jackson-dataformat-yaml-2.15.2.jar;C:\Users\david\.m2\repository\io\jenkins\plugins\javax-activation-api\1.2.0-6\javax-activation-api-1.2.0-6.jar;C:\Users\david\.m2\repository\com\sun\activation\javax.activation\1.2.0\javax.activation-1.2.0.jar;C:\Users\david\.m2\repository\io\jenkins\plugins\jaxb\2.3.8-1\jaxb-2.3.8-1.jar;C:\Users\david\.m2\repository\com\sun\xml\bind\jaxb-impl\2.3.8\jaxb-impl-2.3.8.jar;C:\Users\david\.m2\repository\javax\xml\bind\jaxb-api\2.3.1\jaxb-api-2.3.1.jar;C:\Users\david\.m2\repository\org\jenkins-ci\plugins\credentials\1271.v54b_1c2c6388a_\credentials-1271.v54b_1c2c6388a_.jar;C:\Users\david\.m2\repository\org\jenkins-ci\plugins\structs\325.vcb_307d2a_2782\structs-325.vcb_307d2a_2782.jar;C:\Users\david\.m2\repository\org\jenkins-ci\plugins\workflow\workflow-step-api\639.v6eca_cd8c04a_a_\workflow-step-api-639.v6eca_cd8c04a_a_.jar;C:\Users\david\.m2\repository\org\jenkins-ci\plugins\pipeline-stage-step\305.ve96d0205c1c6\pipeline-stage-step-305.ve96d0205c1c6.jar;C:\Users\david\.m2\repository\org\jenkins-ci\plugins\workflow\workflow-durable-task-step\1284.v4fcd365b_75b_e\workflow-durable-task-step-1284.v4fcd365b_75b_e.jar;C:\Users\david\.m2\repository\org\jenkins-ci\plugins\durable-task\523.va_a_22cf15d5e0\durable-task-523.va_a_22cf15d5e0.jar;C:\Users\david\.m2\repository\io\jenkins\plugins\lib-durable-task\40.vc66cf8fb_4613\lib-durable-task-40.vc66cf8fb_4613.jar;C:\Users\david\.m2\repository\org\jenkins-ci\plugins\workflow\workflow-support\848.v5a_383b_d14921\workflow-support-848.v5a_383b_d14921.jar;C:\Users\david\.m2\repository\org\jboss\marshalling\jboss-marshalling-river\2.1.0.Final\jboss-marshalling-river-2.1.0.Final.jar;C:\Users\david\.m2\repository\org\jboss\marshalling\jboss-marshalling\2.1.0.Final\jboss-marshalling-2.1.0.Final.jar;C:\Users\david\.m2\repository\org\jenkins-ci\plugins\scm-api\676.v886669a_199a_a_\scm-api-676.v886669a_199a_a_.jar;C:\Users\david\.m2\repository\org\jenkins-ci\plugins\workflow\workflow-job\1326.ve643e00e9220\workflow-job-1326.ve643e00e9220.jar;C:\Users\david\.m2\repository\io\jenkins\configuration-as-code\1670.v564dc8b_982d0\configuration-as-code-1670.v564dc8b_982d0.jar;C:\Users\david\.m2\repository\com\google\code\findbugs\jsr305\3.0.1\jsr305-3.0.1.jar;C:\Users\david\.m2\repository\io\jenkins\plugins\caffeine-api\3.1.8-133.v17b_1ff2e0599\caffeine-api-3.1.8-133.v17b_1ff2e0599.jar;C:\Users\david\.m2\repository\com\github\ben-manes\caffeine\caffeine\3.1.8\caffeine-3.1.8.jar;C:\Users\david\.m2\repository\io\jenkins\plugins\commons-text-api\1.10.0-68.v0d0b_c439292b_\commons-text-api-1.10.0-68.v0d0b_c439292b_.jar;C:\Users\david\.m2\repository\org\apache\commons\commons-text\1.10.0\commons-text-1.10.0.jar;C:\Users\david\.m2\repository\io\jenkins\plugins\snakeyaml-api\1.33-95.va_b_a_e3e47b_fa_4\snakeyaml-api-1.33-95.va_b_a_e3e47b_fa_4.jar;C:\Users\david\.m2\repository\org\yaml\snakeyaml\1.33\snakeyaml-1.33.jar;C:\Users\david\.m2\repository\io\vavr\vavr\0.10.4\vavr-0.10.4.jar;C:\Users\david\.m2\repository\io\vavr\vavr-match\0.10.4\vavr-match-0.10.4.jar;C:\Users\david\.m2\repository\org\json\json\20230227\json-20230227.jar;C:\Users\david\.m2\repository\org\mockito\mockito-core\5.4.0\mockito-core-5.4.0.jar;C:\Users\david\.m2\repository\net\bytebuddy\byte-buddy\1.14.5\byte-buddy-1.14.5.jar;C:\Users\david\.m2\repository\net\bytebuddy\byte-buddy-agent\1.14.5\byte-buddy-agent-1.14.5.jar;C:\Users\david\.m2\repository\org\objenesis\objenesis\3.3\objenesis-3.3.jar;C:\Users\david\.m2\repository\org\awaitility\awaitility\4.0.3\awaitility-4.0.3.jar;C:\Users\david\.m2\repository\org\jenkins-ci\plugins\script-security\1269.v639888f5e366\script-security-1269.v639888f5e366.jar;C:\Users\david\.m2\repository\org\kohsuke\groovy-sandbox\1.33\groovy-sandbox-1.33.jar;C:\Users\david\.m2\repository\org\jenkins-ci\plugins\mask-passwords\2.13\mask-passwords-2.13.jar;C:\Users\david\.m2\repository\org\jenkins-ci\plugins\envinject\2.1.5\envinject-2.1.5.jar;C:\Users\david\.m2\repository\org\jenkins-ci\plugins\envinject-api\1.3\envinject-api-1.3.jar;C:\Users\david\.m2\repository\org\jenkins-ci\lib\envinject-lib\1.27\envinject-lib-1.27.jar;C:\Users\david\.m2\repository\org\jenkins-ci\plugins\matrix-project\808.v5a_b_5f56d6966\matrix-project-808.v5a_b_5f56d6966.jar;C:\Users\david\.m2\repository\org\jenkins-ci\plugins\ansicolor\1.0.3\ansicolor-1.0.3.jar;C:\Users\david\.m2\repository\org\jenkins-ci\plugins\workflow\workflow-cps\3769.v8b_e595e4d40d\workflow-cps-3769.v8b_e595e4d40d.jar;C:\Users\david\.m2\repository\com\cloudbees\groovy-cps\3769.v8b_e595e4d40d\groovy-cps-3769.v8b_e595e4d40d.jar;C:\Users\david\.m2\repository\com\cloudbees\diff4j\1.3\diff4j-1.3.jar;C:\Users\david\.m2\repository\org\jenkins-ci\plugins\workflow\workflow-basic-steps\1042.ve7b_140c4a_e0c\workflow-basic-steps-1042.ve7b_140c4a_e0c.jar;C:\Users\david\.m2\repository\org\jenkins-ci\plugins\mailer\463.vedf8358e006b_\mailer-463.vedf8358e006b_.jar;C:\Users\david\.m2\repository\org\jenkins-ci\modules\instance-identity\173.va_37c494ec4e5\instance-identity-173.va_37c494ec4e5.jar;C:\Users\david\.m2\repository\org\jenkins-ci\plugins\bouncycastle-api\2.29\bouncycastle-api-2.29.jar;C:\Users\david\.m2\repository\org\bouncycastle\bcpkix-jdk18on\1.75\bcpkix-jdk18on-1.75.jar;C:\Users\david\.m2\repository\org\bouncycastle\bcprov-jdk18on\1.75\bcprov-jdk18on-1.75.jar;C:\Users\david\.m2\repository\org\bouncycastle\bcutil-jdk18on\1.75\bcutil-jdk18on-1.75.jar;C:\Users\david\.m2\repository\io\jenkins\plugins\jakarta-mail-api\2.0.1-3\jakarta-mail-api-2.0.1-3.jar;C:\Users\david\.m2\repository\com\sun\mail\jakarta.mail\2.0.1\jakarta.mail-2.0.1.jar;C:\Users\david\.m2\repository\io\jenkins\plugins\jakarta-activation-api\2.0.1-3\jakarta-activation-api-2.0.1-3.jar;C:\Users\david\.m2\repository\com\sun\activation\jakarta.activation\2.0.1\jakarta.activation-2.0.1.jar;C:\Users\david\.m2\repository\org\jenkins-ci\plugins\workflow\workflow-scm-step\415.v434365564324\workflow-scm-step-415.v434365564324.jar;C:\Users\david\.m2\repository\org\jenkins-ci\main\jenkins-core\2.387.3\jenkins-core-2.387.3.jar;C:\Users\david\.m2\repository\org\jenkins-ci\main\cli\2.387.3\cli-2.387.3.jar;C:\Users\david\.m2\repository\org\jenkins-ci\main\remoting\3107.v665000b_51092\remoting-3107.v665000b_51092.jar;C:\Users\david\.m2\repository\args4j\args4j\2.33\args4j-2.33.jar;C:\Users\david\.m2\repository\com\github\spotbugs\spotbugs-annotations\4.7.3\spotbugs-annotations-4.7.3.jar;C:\Users\david\.m2\repository\com\google\guava\guava\31.1-jre\guava-31.1-jre.jar;C:\Users\david\.m2\repository\com\google\guava\failureaccess\1.0.1\failureaccess-1.0.1.jar;C:\Users\david\.m2\repository\com\google\guava\listenablefuture\9999.0-empty-to-avoid-conflict-with-guava\listenablefuture-9999.0-empty-to-avoid-conflict-with-guava.jar;C:\Users\david\.m2\repository\com\google\inject\guice\5.1.0\guice-5.1.0.jar;C:\Users\david\.m2\repository\javax\inject\javax.inject\1\javax.inject-1.jar;C:\Users\david\.m2\repository\com\infradna\tool\bridge-method-annotation\1.25\bridge-method-annotation-1.25.jar;C:\Users\david\.m2\repository\com\jcraft\jzlib\1.1.3-kohsuke-1\jzlib-1.1.3-kohsuke-1.jar;C:\Users\david\.m2\repository\com\sun\solaris\embedded_su4j\1.1\embedded_su4j-1.1.jar;C:\Users\david\.m2\repository\com\sun\xml\txw2\txw2\20110809\txw2-20110809.jar;C:\Users\david\.m2\repository\relaxngDatatype\relaxngDatatype\20020414\relaxngDatatype-20020414.jar;C:\Users\david\.m2\repository\com\thoughtworks\xstream\xstream\1.4.20\xstream-1.4.20.jar;C:\Users\david\.m2\repository\io\github\x-stream\mxparser\1.2.2\mxparser-1.2.2.jar;C:\Users\david\.m2\repository\commons-beanutils\commons-beanutils\1.9.4\commons-beanutils-1.9.4.jar;C:\Users\david\.m2\repository\commons-codec\commons-codec\1.15\commons-codec-1.15.jar;C:\Users\david\.m2\repository\commons-collections\commons-collections\3.2.2\commons-collections-3.2.2.jar;C:\Users\david\.m2\repository\commons-fileupload\commons-fileupload\1.5\commons-fileupload-1.5.jar;C:\Users\david\.m2\repository\commons-io\commons-io\2.11.0\commons-io-2.11.0.jar;C:\Users\david\.m2\repository\commons-jelly\commons-jelly-tags-fmt\1.0\commons-jelly-tags-fmt-1.0.jar;C:\Users\david\.m2\repository\commons-jelly\commons-jelly-tags-xml\1.1\commons-jelly-tags-xml-1.1.jar;C:\Users\david\.m2\repository\commons-lang\commons-lang\2.6\commons-lang-2.6.jar;C:\Users\david\.m2\repository\io\jenkins\stapler\jenkins-stapler-support\1.1\jenkins-stapler-support-1.1.jar;C:\Users\david\.m2\repository\jakarta\servlet\jsp\jstl\jakarta.servlet.jsp.jstl-api\1.2.7\jakarta.servlet.jsp.jstl-api-1.2.7.jar;C:\Users\david\.m2\repository\jaxen\jaxen\2.0.0\jaxen-2.0.0.jar;C:\Users\david\.m2\repository\jline\jline\2.14.6\jline-2.14.6.jar;C:\Users\david\.m2\repository\net\java\dev\jna\jna\5.12.1\jna-5.12.1.jar;C:\Users\david\.m2\repository\net\java\sezpoz\sezpoz\1.13\sezpoz-1.13.jar;C:\Users\david\.m2\repository\net\jcip\jcip-annotations\1.0\jcip-annotations-1.0.jar;C:\Users\david\.m2\repository\net\sf\kxml\kxml2\2.3.0\kxml2-2.3.0.jar;C:\Users\david\.m2\repository\org\antlr\antlr4-runtime\4.11.1\antlr4-runtime-4.11.1.jar;C:\Users\david\.m2\repository\org\apache\ant\ant\1.10.12\ant-1.10.12.jar;C:\Users\david\.m2\repository\org\apache\ant\ant-launcher\1.10.12\ant-launcher-1.10.12.jar;C:\Users\david\.m2\repository\org\apache\commons\commons-compress\1.22\commons-compress-1.22.jar;C:\Users\david\.m2\repository\org\codehaus\groovy\groovy-all\2.4.21\groovy-all-2.4.21.jar;C:\Users\david\.m2\repository\org\connectbot\jbcrypt\jbcrypt\1.0.0\jbcrypt-1.0.0.jar;C:\Users\david\.m2\repository\org\fusesource\jansi\jansi\1.11\jansi-1.11.jar;C:\Users\david\.m2\repository\org\jenkins-ci\annotation-indexer\1.17\annotation-indexer-1.17.jar;C:\Users\david\.m2\repository\org\jenkins-ci\commons-jexl\1.1-jenkins-20111212\commons-jexl-1.1-jenkins-20111212.jar;C:\Users\david\.m2\repository\org\jenkins-ci\crypto-util\1.8\crypto-util-1.8.jar;C:\Users\david\.m2\repository\org\jenkins-ci\memory-monitor\1.12\memory-monitor-1.12.jar;C:\Users\david\.m2\repository\org\jenkins-ci\symbol-annotation\1.24\symbol-annotation-1.24.jar;C:\Users\david\.m2\repository\org\jenkins-ci\task-reactor\1.8\task-reactor-1.8.jar;C:\Users\david\.m2\repository\org\jenkins-ci\version-number\1.11\version-number-1.11.jar;C:\Users\david\.m2\repository\org\jenkins-ci\main\websocket-spi\2.387.3\websocket-spi-2.387.3.jar;C:\Users\david\.m2\repository\org\jfree\jfreechart\1.0.19\jfreechart-1.0.19.jar;C:\Users\david\.m2\repository\org\jfree\jcommon\1.0.23\jcommon-1.0.23.jar;C:\Users\david\.m2\repository\org\jvnet\hudson\commons-jelly-tags-define\1.0.1-hudson-20071021\commons-jelly-tags-define-1.0.1-hudson-20071021.jar;C:\Users\david\.m2\repository\org\jvnet\localizer\localizer\1.31\localizer-1.31.jar;C:\Users\david\.m2\repository\org\jvnet\robust-http-client\robust-http-client\1.2\robust-http-client-1.2.jar;C:\Users\david\.m2\repository\org\jvnet\winp\winp\1.30\winp-1.30.jar;C:\Users\david\.m2\repository\org\kohsuke\access-modifier-annotation\1.30\access-modifier-annotation-1.30.jar;C:\Users\david\.m2\repository\org\kohsuke\windows-package-checker\1.2\windows-package-checker-1.2.jar;C:\Users\david\.m2\repository\org\kohsuke\jinterop\j-interop\2.0.8-kohsuke-1\j-interop-2.0.8-kohsuke-1.jar;C:\Users\david\.m2\repository\org\kohsuke\jinterop\j-interopdeps\2.0.8-kohsuke-1\j-interopdeps-2.0.8-kohsuke-1.jar;C:\Users\david\.m2\repository\org\samba\jcifs\jcifs\1.3.18-kohsuke-1\jcifs-1.3.18-kohsuke-1.jar;C:\Users\david\.m2\repository\org\kohsuke\stapler\json-lib\2.4-jenkins-3\json-lib-2.4-jenkins-3.jar;C:\Users\david\.m2\repository\net\sf\ezmorph\ezmorph\1.0.6\ezmorph-1.0.6.jar;C:\Users\david\.m2\repository\org\kohsuke\stapler\stapler\1756.1758.v13fcdc2c8c34\stapler-1756.1758.v13fcdc2c8c34.jar;C:\Users\david\.m2\repository\commons-discovery\commons-discovery\0.5\commons-discovery-0.5.jar;C:\Users\david\.m2\repository\jakarta\annotation\jakarta.annotation-api\2.1.1\jakarta.annotation-api-2.1.1.jar;C:\Users\david\.m2\repository\javax\annotation\javax.annotation-api\1.3.2\javax.annotation-api-1.3.2.jar;C:\Users\david\.m2\repository\org\jvnet\tiger-types\2.2\tiger-types-2.2.jar;C:\Users\david\.m2\repository\org\kohsuke\stapler\stapler-adjunct-codemirror\1.3\stapler-adjunct-codemirror-1.3.jar;C:\Users\david\.m2\repository\org\kohsuke\stapler\stapler-adjunct-timeline\1.5\stapler-adjunct-timeline-1.5.jar;C:\Users\david\.m2\repository\org\kohsuke\stapler\stapler-groovy\1756.1758.v13fcdc2c8c34\stapler-groovy-1756.1758.v13fcdc2c8c34.jar;C:\Users\david\.m2\repository\org\kohsuke\stapler\stapler-jelly\1756.1758.v13fcdc2c8c34\stapler-jelly-1756.1758.v13fcdc2c8c34.jar;C:\Users\david\.m2\repository\org\dom4j\dom4j\2.1.3\dom4j-2.1.3.jar;C:\Users\david\.m2\repository\org\jenkins-ci\commons-jelly\1.1-jenkins-20220630\commons-jelly-1.1-jenkins-20220630.jar;C:\Users\david\.m2\repository\org\ow2\asm\asm\9.4\asm-9.4.jar;C:\Users\david\.m2\repository\org\ow2\asm\asm-analysis\9.4\asm-analysis-9.4.jar;C:\Users\david\.m2\repository\org\ow2\asm\asm-commons\9.4\asm-commons-9.4.jar;C:\Users\david\.m2\repository\org\ow2\asm\asm-tree\9.4\asm-tree-9.4.jar;C:\Users\david\.m2\repository\org\ow2\asm\asm-util\9.4\asm-util-9.4.jar;C:\Users\david\.m2\repository\org\slf4j\jcl-over-slf4j\2.0.6\jcl-over-slf4j-2.0.6.jar;C:\Users\david\.m2\repository\org\slf4j\slf4j-api\2.0.6\slf4j-api-2.0.6.jar;C:\Users\david\.m2\repository\org\slf4j\log4j-over-slf4j\2.0.6\log4j-over-slf4j-2.0.6.jar;C:\Users\david\.m2\repository\org\springframework\security\spring-security-web\5.8.1\spring-security-web-5.8.1.jar;C:\Users\david\.m2\repository\org\springframework\security\spring-security-core\5.8.1\spring-security-core-5.8.1.jar;C:\Users\david\.m2\repository\org\springframework\security\spring-security-crypto\5.8.1\spring-security-crypto-5.8.1.jar;C:\Users\david\.m2\repository\org\springframework\spring-core\5.3.24\spring-core-5.3.24.jar;C:\Users\david\.m2\repository\org\springframework\spring-aop\5.3.24\spring-aop-5.3.24.jar;C:\Users\david\.m2\repository\org\springframework\spring-beans\5.3.24\spring-beans-5.3.24.jar;C:\Users\david\.m2\repository\org\springframework\spring-context\5.3.24\spring-context-5.3.24.jar;C:\Users\david\.m2\repository\org\springframework\spring-expression\5.3.24\spring-expression-5.3.24.jar;C:\Users\david\.m2\repository\org\springframework\spring-web\5.3.24\spring-web-5.3.24.jar;C:\Users\david\.m2\repository\xpp3\xpp3\1.1.4c\xpp3-1.1.4c.jar;C:\Users\david\.m2\repository\org\jenkins-ci\main\jenkins-war\2.387.3\jenkins-war-2.387.3.war;C:\Users\david\.m2\repository\org\jenkins-ci\main\websocket-jetty10\2.387.3\websocket-jetty10-2.387.3.jar;C:\Users\david\.m2\repository\org\kohsuke\metainf-services\metainf-services\1.9\metainf-services-1.9.jar;C:\Users\david\.m2\repository\org\jenkins-ci\main\websocket-jetty9\2.387.3\websocket-jetty9-2.387.3.jar;C:\Users\david\.m2\repository\org\slf4j\slf4j-jdk14\2.0.6\slf4j-jdk14-2.0.6.jar;C:\Users\david\.m2\repository\jakarta\servlet\jakarta.servlet-api\4.0.4\jakarta.servlet-api-4.0.4.jar;C:\Users\david\.m2\repository\commons-logging\commons-logging\1.2\commons-logging-1.2.jar;C:\Users\david\.m2\repository\org\jenkins-ci\main\jenkins-test-harness\2044.v03c87927ff5c\jenkins-test-harness-2044.v03c87927ff5c.jar;C:\Users\david\.m2\repository\io\jenkins\lib\support-log-formatter\1.2\support-log-formatter-1.2.jar;C:\Users\david\.m2\repository\junit\junit\4.13.2\junit-4.13.2.jar;C:\Users\david\.m2\repository\org\hamcrest\hamcrest-core\2.2\hamcrest-core-2.2.jar;C:\Users\david\.m2\repository\org\eclipse\jetty\jetty-security\10.0.15\jetty-security-10.0.15.jar;C:\Users\david\.m2\repository\org\eclipse\jetty\jetty-server\10.0.15\jetty-server-10.0.15.jar;C:\Users\david\.m2\repository\org\eclipse\jetty\jetty-http\10.0.15\jetty-http-10.0.15.jar;C:\Users\david\.m2\repository\org\eclipse\jetty\jetty-io\10.0.15\jetty-io-10.0.15.jar;C:\Users\david\.m2\repository\org\eclipse\jetty\jetty-webapp\10.0.15\jetty-webapp-10.0.15.jar;C:\Users\david\.m2\repository\org\eclipse\jetty\jetty-servlet\10.0.15\jetty-servlet-10.0.15.jar;C:\Users\david\.m2\repository\org\eclipse\jetty\jetty-xml\10.0.15\jetty-xml-10.0.15.jar;C:\Users\david\.m2\repository\org\eclipse\jetty\jetty-util\10.0.15\jetty-util-10.0.15.jar;C:\Users\david\.m2\repository\org\eclipse\jetty\websocket\websocket-jetty-server\10.0.15\websocket-jetty-server-10.0.15.jar;C:\Users\david\.m2\repository\org\eclipse\jetty\websocket\websocket-jetty-api\10.0.15\websocket-jetty-api-10.0.15.jar;C:\Users\david\.m2\repository\org\eclipse\jetty\websocket\websocket-jetty-common\10.0.15\websocket-jetty-common-10.0.15.jar;C:\Users\david\.m2\repository\org\eclipse\jetty\websocket\websocket-core-common\10.0.15\websocket-core-common-10.0.15.jar;C:\Users\david\.m2\repository\org\eclipse\jetty\websocket\websocket-servlet\10.0.15\websocket-servlet-10.0.15.jar;C:\Users\david\.m2\repository\org\eclipse\jetty\websocket\websocket-core-server\10.0.15\websocket-core-server-10.0.15.jar;C:\Users\david\.m2\repository\org\eclipse\jetty\toolchain\jetty-servlet-api\4.0.6\jetty-servlet-api-4.0.6.jar;C:\Users\david\.m2\repository\org\hamcrest\hamcrest\2.2\hamcrest-2.2.jar;C:\Users\david\.m2\repository\org\jenkins-ci\main\jenkins-test-harness-htmlunit\152.vb_7b_348664557\jenkins-test-harness-htmlunit-152.vb_7b_348664557.jar;C:\Users\david\.m2\repository\org\junit\jupiter\junit-jupiter-api\5.10.0\junit-jupiter-api-5.10.0.jar;C:\Users\david\.m2\repository\org\opentest4j\opentest4j\1.3.0\opentest4j-1.3.0.jar;C:\Users\david\.m2\repository\org\junit\platform\junit-platform-commons\1.10.0\junit-platform-commons-1.10.0.jar;C:\Users\david\.m2\repository\org\netbeans\modules\org-netbeans-insane\RELEASE180\org-netbeans-insane-RELEASE180.jar;C:\Users\david\.m2\repository\org\openjdk\jmh\jmh-core\1.36\jmh-core-1.36.jar;C:\Users\david\.m2\repository\net\sf\jopt-simple\jopt-simple\5.0.4\jopt-simple-5.0.4.jar;C:\Users\david\.m2\repository\org\apache\commons\commons-math3\3.2\commons-math3-3.2.jar;C:\Users\david\.m2\repository\org\openjdk\jmh\jmh-generator-annprocess\1.36\jmh-generator-annprocess-1.36.jar;C:\Users\david\.m2\repository\org\jenkins-ci\test-annotations\1.4\test-annotations-1.4.jar;C:\Users\david\.m2\repository\org\junit\jupiter\junit-jupiter\5.10.0\junit-jupiter-5.10.0.jar;C:\Users\david\.m2\repository\org\junit\jupiter\junit-jupiter-params\5.10.0\junit-jupiter-params-5.10.0.jar;C:\Users\david\.m2\repository\org\junit\jupiter\junit-jupiter-engine\5.10.0\junit-jupiter-engine-5.10.0.jar;C:\Users\david\.m2\repository\org\junit\vintage\junit-vintage-engine\5.10.0\junit-vintage-engine-5.10.0.jar;C:\Users\david\.m2\repository\org\junit\platform\junit-platform-engine\1.10.0\junit-platform-engine-1.10.0.jar;C:\Users\david\.m2\repository\org\apiguardian\apiguardian-api\1.1.2\apiguardian-api-1.1.2.jar;"/>
    <property name="java.vm.vendor" value="Oracle Corporation"/>
    <property name="sun.arch.data.model" value="64"/>
    <property name="user.variant" value=""/>
    <property name="java.vendor.url" value="https://java.oracle.com/"/>
    <property name="user.timezone" value="America/Sao_Paulo"/>
    <property name="os.name" value="Windows 11"/>
    <property name="java.vm.specification.version" value="21"/>
    <property name="sun.java.launcher" value="SUN_STANDARD"/>
    <property name="user.country" value="ES"/>
    <property name="sun.boot.library.path" value="C:\Program Files\Java\jdk-21\bin"/>
    <property name="sun.java.command" value="C:\Users\david\AppData\Local\Temp\surefire17184778572883331422\surefirebooter-20250206145116604_189.jar C:\Users\david\AppData\Local\Temp\surefire17184778572883331422 2025-02-06T14-51-12_610-jvmRun1 surefire-20250206145116604_187tmp surefire_23-20250206145116604_188tmp"/>
    <property name="jdk.debug" value="release"/>
    <property name="surefire.test.class.path" value="C:\Users\david\Desktop\logstash-plugin\target\test-classes;C:\Users\david\Desktop\logstash-plugin\target\classes;C:\Users\david\.m2\repository\org\jenkins-ci\plugins\apache-httpcomponents-client-4-api\4.5.14-150.v7a_b_9d17134a_5\apache-httpcomponents-client-4-api-4.5.14-150.v7a_b_9d17134a_5.jar;C:\Users\david\.m2\repository\org\apache\httpcomponents\httpcore\4.4.16\httpcore-4.4.16.jar;C:\Users\david\.m2\repository\org\apache\httpcomponents\httpcore-nio\4.4.16\httpcore-nio-4.4.16.jar;C:\Users\david\.m2\repository\org\apache\httpcomponents\httpclient\4.5.14\httpclient-4.5.14.jar;C:\Users\david\.m2\repository\org\apache\httpcomponents\httpmime\4.5.14\httpmime-4.5.14.jar;C:\Users\david\.m2\repository\org\apache\httpcomponents\fluent-hc\4.5.14\fluent-hc-4.5.14.jar;C:\Users\david\.m2\repository\org\apache\httpcomponents\httpclient-cache\4.5.14\httpclient-cache-4.5.14.jar;C:\Users\david\.m2\repository\org\apache\httpcomponents\httpasyncclient\4.1.5\httpasyncclient-4.1.5.jar;C:\Users\david\.m2\repository\org\apache\httpcomponents\httpasyncclient-cache\4.1.5\httpasyncclient-cache-4.1.5.jar;C:\Users\david\.m2\repository\redis\clients\jedis\2.6.0\jedis-2.6.0.jar;C:\Users\david\.m2\repository\org\apache\commons\commons-pool2\2.0\commons-pool2-2.0.jar;C:\Users\david\.m2\repository\com\rabbitmq\amqp-client\3.3.5\amqp-client-3.3.5.jar;C:\Users\david\.m2\repository\com\google\code\gson\gson\2.8.9\gson-2.8.9.jar;C:\Users\david\.m2\repository\com\cloudbees\syslog-java-client\1.0.6\syslog-java-client-1.0.6.jar;C:\Users\david\.m2\repository\org\jenkins-ci\plugins\junit\1217.v4297208a_a_b_ce\junit-1217.v4297208a_a_b_ce.jar;C:\Users\david\.m2\repository\io\jenkins\plugins\echarts-api\5.4.0-5\echarts-api-5.4.0-5.jar;C:\Users\david\.m2\repository\io\jenkins\plugins\font-awesome-api\6.4.0-2\font-awesome-api-6.4.0-2.jar;C:\Users\david\.m2\repository\io\jenkins\plugins\jquery3-api\3.7.0-1\jquery3-api-3.7.0-1.jar;C:\Users\david\.m2\repository\io\jenkins\plugins\ionicons-api\56.v1b_1c8c49374e\ionicons-api-56.v1b_1c8c49374e.jar;C:\Users\david\.m2\repository\io\jenkins\plugins\checks-api\2.0.0\checks-api-2.0.0.jar;C:\Users\david\.m2\repository\io\jenkins\plugins\commons-lang3-api\3.13.0-62.v7d18e55f51e2\commons-lang3-api-3.13.0-62.v7d18e55f51e2.jar;C:\Users\david\.m2\repository\org\apache\commons\commons-lang3\3.13.0\commons-lang3-3.13.0.jar;C:\Users\david\.m2\repository\io\jenkins\plugins\plugin-util-api\3.3.0\plugin-util-api-3.3.0.jar;C:\Users\david\.m2\repository\org\jenkins-ci\plugins\display-url-api\2.3.9\display-url-api-2.3.9.jar;C:\Users\david\.m2\repository\io\jenkins\plugins\bootstrap5-api\5.3.0-1\bootstrap5-api-5.3.0-1.jar;C:\Users\david\.m2\repository\org\jenkins-ci\plugins\workflow\workflow-api\1259.vb_47f14fffc8a_\workflow-api-1259.vb_47f14fffc8a_.jar;C:\Users\david\.m2\repository\org\jenkins-ci\plugins\jackson2-api\2.15.2-350.v0c2f3f8fc595\jackson2-api-2.15.2-350.v0c2f3f8fc595.jar;C:\Users\david\.m2\repository\com\fasterxml\jackson\core\jackson-databind\2.15.2\jackson-databind-2.15.2.jar;C:\Users\david\.m2\repository\com\fasterxml\jackson\datatype\jackson-datatype-jsr310\2.15.2\jackson-datatype-jsr310-2.15.2.jar;C:\Users\david\.m2\repository\com\fasterxml\jackson\datatype\jackson-datatype-jdk8\2.15.2\jackson-datatype-jdk8-2.15.2.jar;C:\Users\david\.m2\repository\com\fasterxml\jackson\datatype\jackson-datatype-json-org\2.15.2\jackson-datatype-json-org-2.15.2.jar;C:\Users\david\.m2\repository\com\fasterxml\jackson\module\jackson-module-parameter-names\2.15.2\jackson-module-parameter-names-2.15.2.jar;C:\Users\david\.m2\repository\com\fasterxml\jackson\core\jackson-core\2.15.2\jackson-core-2.15.2.jar;C:\Users\david\.m2\repository\com\fasterxml\jackson\core\jackson-annotations\2.15.2\jackson-annotations-2.15.2.jar;C:\Users\david\.m2\repository\com\fasterxml\jackson\module\jackson-module-jaxb-annotations\2.15.2\jackson-module-jaxb-annotations-2.15.2.jar;C:\Users\david\.m2\repository\com\fasterxml\jackson\dataformat\jackson-dataformat-cbor\2.15.2\jackson-dataformat-cbor-2.15.2.jar;C:\Users\david\.m2\repository\com\fasterxml\jackson\dataformat\jackson-dataformat-xml\2.15.2\jackson-dataformat-xml-2.15.2.jar;C:\Users\david\.m2\repository\org\codehaus\woodstox\stax2-api\4.2.1\stax2-api-4.2.1.jar;C:\Users\david\.m2\repository\com\fasterxml\woodstox\woodstox-core\6.5.1\woodstox-core-6.5.1.jar;C:\Users\david\.m2\repository\com\fasterxml\jackson\dataformat\jackson-dataformat-yaml\2.15.2\jackson-dataformat-yaml-2.15.2.jar;C:\Users\david\.m2\repository\io\jenkins\plugins\javax-activation-api\1.2.0-6\javax-activation-api-1.2.0-6.jar;C:\Users\david\.m2\repository\com\sun\activation\javax.activation\1.2.0\javax.activation-1.2.0.jar;C:\Users\david\.m2\repository\io\jenkins\plugins\jaxb\2.3.8-1\jaxb-2.3.8-1.jar;C:\Users\david\.m2\repository\com\sun\xml\bind\jaxb-impl\2.3.8\jaxb-impl-2.3.8.jar;C:\Users\david\.m2\repository\javax\xml\bind\jaxb-api\2.3.1\jaxb-api-2.3.1.jar;C:\Users\david\.m2\repository\org\jenkins-ci\plugins\credentials\1271.v54b_1c2c6388a_\credentials-1271.v54b_1c2c6388a_.jar;C:\Users\david\.m2\repository\org\jenkins-ci\plugins\structs\325.vcb_307d2a_2782\structs-325.vcb_307d2a_2782.jar;C:\Users\david\.m2\repository\org\jenkins-ci\plugins\workflow\workflow-step-api\639.v6eca_cd8c04a_a_\workflow-step-api-639.v6eca_cd8c04a_a_.jar;C:\Users\david\.m2\repository\org\jenkins-ci\plugins\pipeline-stage-step\305.ve96d0205c1c6\pipeline-stage-step-305.ve96d0205c1c6.jar;C:\Users\david\.m2\repository\org\jenkins-ci\plugins\workflow\workflow-durable-task-step\1284.v4fcd365b_75b_e\workflow-durable-task-step-1284.v4fcd365b_75b_e.jar;C:\Users\david\.m2\repository\org\jenkins-ci\plugins\durable-task\523.va_a_22cf15d5e0\durable-task-523.va_a_22cf15d5e0.jar;C:\Users\david\.m2\repository\io\jenkins\plugins\lib-durable-task\40.vc66cf8fb_4613\lib-durable-task-40.vc66cf8fb_4613.jar;C:\Users\david\.m2\repository\org\jenkins-ci\plugins\workflow\workflow-support\848.v5a_383b_d14921\workflow-support-848.v5a_383b_d14921.jar;C:\Users\david\.m2\repository\org\jboss\marshalling\jboss-marshalling-river\2.1.0.Final\jboss-marshalling-river-2.1.0.Final.jar;C:\Users\david\.m2\repository\org\jboss\marshalling\jboss-marshalling\2.1.0.Final\jboss-marshalling-2.1.0.Final.jar;C:\Users\david\.m2\repository\org\jenkins-ci\plugins\scm-api\676.v886669a_199a_a_\scm-api-676.v886669a_199a_a_.jar;C:\Users\david\.m2\repository\org\jenkins-ci\plugins\workflow\workflow-job\1326.ve643e00e9220\workflow-job-1326.ve643e00e9220.jar;C:\Users\david\.m2\repository\io\jenkins\configuration-as-code\1670.v564dc8b_982d0\configuration-as-code-1670.v564dc8b_982d0.jar;C:\Users\david\.m2\repository\com\google\code\findbugs\jsr305\3.0.1\jsr305-3.0.1.jar;C:\Users\david\.m2\repository\io\jenkins\plugins\caffeine-api\3.1.8-133.v17b_1ff2e0599\caffeine-api-3.1.8-133.v17b_1ff2e0599.jar;C:\Users\david\.m2\repository\com\github\ben-manes\caffeine\caffeine\3.1.8\caffeine-3.1.8.jar;C:\Users\david\.m2\repository\io\jenkins\plugins\commons-text-api\1.10.0-68.v0d0b_c439292b_\commons-text-api-1.10.0-68.v0d0b_c439292b_.jar;C:\Users\david\.m2\repository\org\apache\commons\commons-text\1.10.0\commons-text-1.10.0.jar;C:\Users\david\.m2\repository\io\jenkins\plugins\snakeyaml-api\1.33-95.va_b_a_e3e47b_fa_4\snakeyaml-api-1.33-95.va_b_a_e3e47b_fa_4.jar;C:\Users\david\.m2\repository\org\yaml\snakeyaml\1.33\snakeyaml-1.33.jar;C:\Users\david\.m2\repository\io\vavr\vavr\0.10.4\vavr-0.10.4.jar;C:\Users\david\.m2\repository\io\vavr\vavr-match\0.10.4\vavr-match-0.10.4.jar;C:\Users\david\.m2\repository\org\json\json\20230227\json-20230227.jar;C:\Users\david\.m2\repository\org\mockito\mockito-core\5.4.0\mockito-core-5.4.0.jar;C:\Users\david\.m2\repository\net\bytebuddy\byte-buddy\1.14.5\byte-buddy-1.14.5.jar;C:\Users\david\.m2\repository\net\bytebuddy\byte-buddy-agent\1.14.5\byte-buddy-agent-1.14.5.jar;C:\Users\david\.m2\repository\org\objenesis\objenesis\3.3\objenesis-3.3.jar;C:\Users\david\.m2\repository\org\awaitility\awaitility\4.0.3\awaitility-4.0.3.jar;C:\Users\david\.m2\repository\org\jenkins-ci\plugins\script-security\1269.v639888f5e366\script-security-1269.v639888f5e366.jar;C:\Users\david\.m2\repository\org\kohsuke\groovy-sandbox\1.33\groovy-sandbox-1.33.jar;C:\Users\david\.m2\repository\org\jenkins-ci\plugins\mask-passwords\2.13\mask-passwords-2.13.jar;C:\Users\david\.m2\repository\org\jenkins-ci\plugins\envinject\2.1.5\envinject-2.1.5.jar;C:\Users\david\.m2\repository\org\jenkins-ci\plugins\envinject-api\1.3\envinject-api-1.3.jar;C:\Users\david\.m2\repository\org\jenkins-ci\lib\envinject-lib\1.27\envinject-lib-1.27.jar;C:\Users\david\.m2\repository\org\jenkins-ci\plugins\matrix-project\808.v5a_b_5f56d6966\matrix-project-808.v5a_b_5f56d6966.jar;C:\Users\david\.m2\repository\org\jenkins-ci\plugins\ansicolor\1.0.3\ansicolor-1.0.3.jar;C:\Users\david\.m2\repository\org\jenkins-ci\plugins\workflow\workflow-cps\3769.v8b_e595e4d40d\workflow-cps-3769.v8b_e595e4d40d.jar;C:\Users\david\.m2\repository\com\cloudbees\groovy-cps\3769.v8b_e595e4d40d\groovy-cps-3769.v8b_e595e4d40d.jar;C:\Users\david\.m2\repository\com\cloudbees\diff4j\1.3\diff4j-1.3.jar;C:\Users\david\.m2\repository\org\jenkins-ci\plugins\workflow\workflow-basic-steps\1042.ve7b_140c4a_e0c\workflow-basic-steps-1042.ve7b_140c4a_e0c.jar;C:\Users\david\.m2\repository\org\jenkins-ci\plugins\mailer\463.vedf8358e006b_\mailer-463.vedf8358e006b_.jar;C:\Users\david\.m2\repository\org\jenkins-ci\modules\instance-identity\173.va_37c494ec4e5\instance-identity-173.va_37c494ec4e5.jar;C:\Users\david\.m2\repository\org\jenkins-ci\plugins\bouncycastle-api\2.29\bouncycastle-api-2.29.jar;C:\Users\david\.m2\repository\org\bouncycastle\bcpkix-jdk18on\1.75\bcpkix-jdk18on-1.75.jar;C:\Users\david\.m2\repository\org\bouncycastle\bcprov-jdk18on\1.75\bcprov-jdk18on-1.75.jar;C:\Users\david\.m2\repository\org\bouncycastle\bcutil-jdk18on\1.75\bcutil-jdk18on-1.75.jar;C:\Users\david\.m2\repository\io\jenkins\plugins\jakarta-mail-api\2.0.1-3\jakarta-mail-api-2.0.1-3.jar;C:\Users\david\.m2\repository\com\sun\mail\jakarta.mail\2.0.1\jakarta.mail-2.0.1.jar;C:\Users\david\.m2\repository\io\jenkins\plugins\jakarta-activation-api\2.0.1-3\jakarta-activation-api-2.0.1-3.jar;C:\Users\david\.m2\repository\com\sun\activation\jakarta.activation\2.0.1\jakarta.activation-2.0.1.jar;C:\Users\david\.m2\repository\org\jenkins-ci\plugins\workflow\workflow-scm-step\415.v434365564324\workflow-scm-step-415.v434365564324.jar;C:\Users\david\.m2\repository\org\jenkins-ci\main\jenkins-core\2.387.3\jenkins-core-2.387.3.jar;C:\Users\david\.m2\repository\org\jenkins-ci\main\cli\2.387.3\cli-2.387.3.jar;C:\Users\david\.m2\repository\org\jenkins-ci\main\remoting\3107.v665000b_51092\remoting-3107.v665000b_51092.jar;C:\Users\david\.m2\repository\args4j\args4j\2.33\args4j-2.33.jar;C:\Users\david\.m2\repository\com\github\spotbugs\spotbugs-annotations\4.7.3\spotbugs-annotations-4.7.3.jar;C:\Users\david\.m2\repository\com\google\guava\guava\31.1-jre\guava-31.1-jre.jar;C:\Users\david\.m2\repository\com\google\guava\failureaccess\1.0.1\failureaccess-1.0.1.jar;C:\Users\david\.m2\repository\com\google\guava\listenablefuture\9999.0-empty-to-avoid-conflict-with-guava\listenablefuture-9999.0-empty-to-avoid-conflict-with-guava.jar;C:\Users\david\.m2\repository\com\google\inject\guice\5.1.0\guice-5.1.0.jar;C:\Users\david\.m2\repository\javax\inject\javax.inject\1\javax.inject-1.jar;C:\Users\david\.m2\repository\com\infradna\tool\bridge-method-annotation\1.25\bridge-method-annotation-1.25.jar;C:\Users\david\.m2\repository\com\jcraft\jzlib\1.1.3-kohsuke-1\jzlib-1.1.3-kohsuke-1.jar;C:\Users\david\.m2\repository\com\sun\solaris\embedded_su4j\1.1\embedded_su4j-1.1.jar;C:\Users\david\.m2\repository\com\sun\xml\txw2\txw2\20110809\txw2-20110809.jar;C:\Users\david\.m2\repository\relaxngDatatype\relaxngDatatype\20020414\relaxngDatatype-20020414.jar;C:\Users\david\.m2\repository\com\thoughtworks\xstream\xstream\1.4.20\xstream-1.4.20.jar;C:\Users\david\.m2\repository\io\github\x-stream\mxparser\1.2.2\mxparser-1.2.2.jar;C:\Users\david\.m2\repository\commons-beanutils\commons-beanutils\1.9.4\commons-beanutils-1.9.4.jar;C:\Users\david\.m2\repository\commons-codec\commons-codec\1.15\commons-codec-1.15.jar;C:\Users\david\.m2\repository\commons-collections\commons-collections\3.2.2\commons-collections-3.2.2.jar;C:\Users\david\.m2\repository\commons-fileupload\commons-fileupload\1.5\commons-fileupload-1.5.jar;C:\Users\david\.m2\repository\commons-io\commons-io\2.11.0\commons-io-2.11.0.jar;C:\Users\david\.m2\repository\commons-jelly\commons-jelly-tags-fmt\1.0\commons-jelly-tags-fmt-1.0.jar;C:\Users\david\.m2\repository\commons-jelly\commons-jelly-tags-xml\1.1\commons-jelly-tags-xml-1.1.jar;C:\Users\david\.m2\repository\commons-lang\commons-lang\2.6\commons-lang-2.6.jar;C:\Users\david\.m2\repository\io\jenkins\stapler\jenkins-stapler-support\1.1\jenkins-stapler-support-1.1.jar;C:\Users\david\.m2\repository\jakarta\servlet\jsp\jstl\jakarta.servlet.jsp.jstl-api\1.2.7\jakarta.servlet.jsp.jstl-api-1.2.7.jar;C:\Users\david\.m2\repository\jaxen\jaxen\2.0.0\jaxen-2.0.0.jar;C:\Users\david\.m2\repository\jline\jline\2.14.6\jline-2.14.6.jar;C:\Users\david\.m2\repository\net\java\dev\jna\jna\5.12.1\jna-5.12.1.jar;C:\Users\david\.m2\repository\net\java\sezpoz\sezpoz\1.13\sezpoz-1.13.jar;C:\Users\david\.m2\repository\net\jcip\jcip-annotations\1.0\jcip-annotations-1.0.jar;C:\Users\david\.m2\repository\net\sf\kxml\kxml2\2.3.0\kxml2-2.3.0.jar;C:\Users\david\.m2\repository\org\antlr\antlr4-runtime\4.11.1\antlr4-runtime-4.11.1.jar;C:\Users\david\.m2\repository\org\apache\ant\ant\1.10.12\ant-1.10.12.jar;C:\Users\david\.m2\repository\org\apache\ant\ant-launcher\1.10.12\ant-launcher-1.10.12.jar;C:\Users\david\.m2\repository\org\apache\commons\commons-compress\1.22\commons-compress-1.22.jar;C:\Users\david\.m2\repository\org\codehaus\groovy\groovy-all\2.4.21\groovy-all-2.4.21.jar;C:\Users\david\.m2\repository\org\connectbot\jbcrypt\jbcrypt\1.0.0\jbcrypt-1.0.0.jar;C:\Users\david\.m2\repository\org\fusesource\jansi\jansi\1.11\jansi-1.11.jar;C:\Users\david\.m2\repository\org\jenkins-ci\annotation-indexer\1.17\annotation-indexer-1.17.jar;C:\Users\david\.m2\repository\org\jenkins-ci\commons-jexl\1.1-jenkins-20111212\commons-jexl-1.1-jenkins-20111212.jar;C:\Users\david\.m2\repository\org\jenkins-ci\crypto-util\1.8\crypto-util-1.8.jar;C:\Users\david\.m2\repository\org\jenkins-ci\memory-monitor\1.12\memory-monitor-1.12.jar;C:\Users\david\.m2\repository\org\jenkins-ci\symbol-annotation\1.24\symbol-annotation-1.24.jar;C:\Users\david\.m2\repository\org\jenkins-ci\task-reactor\1.8\task-reactor-1.8.jar;C:\Users\david\.m2\repository\org\jenkins-ci\version-number\1.11\version-number-1.11.jar;C:\Users\david\.m2\repository\org\jenkins-ci\main\websocket-spi\2.387.3\websocket-spi-2.387.3.jar;C:\Users\david\.m2\repository\org\jfree\jfreechart\1.0.19\jfreechart-1.0.19.jar;C:\Users\david\.m2\repository\org\jfree\jcommon\1.0.23\jcommon-1.0.23.jar;C:\Users\david\.m2\repository\org\jvnet\hudson\commons-jelly-tags-define\1.0.1-hudson-20071021\commons-jelly-tags-define-1.0.1-hudson-20071021.jar;C:\Users\david\.m2\repository\org\jvnet\localizer\localizer\1.31\localizer-1.31.jar;C:\Users\david\.m2\repository\org\jvnet\robust-http-client\robust-http-client\1.2\robust-http-client-1.2.jar;C:\Users\david\.m2\repository\org\jvnet\winp\winp\1.30\winp-1.30.jar;C:\Users\david\.m2\repository\org\kohsuke\access-modifier-annotation\1.30\access-modifier-annotation-1.30.jar;C:\Users\david\.m2\repository\org\kohsuke\windows-package-checker\1.2\windows-package-checker-1.2.jar;C:\Users\david\.m2\repository\org\kohsuke\jinterop\j-interop\2.0.8-kohsuke-1\j-interop-2.0.8-kohsuke-1.jar;C:\Users\david\.m2\repository\org\kohsuke\jinterop\j-interopdeps\2.0.8-kohsuke-1\j-interopdeps-2.0.8-kohsuke-1.jar;C:\Users\david\.m2\repository\org\samba\jcifs\jcifs\1.3.18-kohsuke-1\jcifs-1.3.18-kohsuke-1.jar;C:\Users\david\.m2\repository\org\kohsuke\stapler\json-lib\2.4-jenkins-3\json-lib-2.4-jenkins-3.jar;C:\Users\david\.m2\repository\net\sf\ezmorph\ezmorph\1.0.6\ezmorph-1.0.6.jar;C:\Users\david\.m2\repository\org\kohsuke\stapler\stapler\1756.1758.v13fcdc2c8c34\stapler-1756.1758.v13fcdc2c8c34.jar;C:\Users\david\.m2\repository\commons-discovery\commons-discovery\0.5\commons-discovery-0.5.jar;C:\Users\david\.m2\repository\jakarta\annotation\jakarta.annotation-api\2.1.1\jakarta.annotation-api-2.1.1.jar;C:\Users\david\.m2\repository\javax\annotation\javax.annotation-api\1.3.2\javax.annotation-api-1.3.2.jar;C:\Users\david\.m2\repository\org\jvnet\tiger-types\2.2\tiger-types-2.2.jar;C:\Users\david\.m2\repository\org\kohsuke\stapler\stapler-adjunct-codemirror\1.3\stapler-adjunct-codemirror-1.3.jar;C:\Users\david\.m2\repository\org\kohsuke\stapler\stapler-adjunct-timeline\1.5\stapler-adjunct-timeline-1.5.jar;C:\Users\david\.m2\repository\org\kohsuke\stapler\stapler-groovy\1756.1758.v13fcdc2c8c34\stapler-groovy-1756.1758.v13fcdc2c8c34.jar;C:\Users\david\.m2\repository\org\kohsuke\stapler\stapler-jelly\1756.1758.v13fcdc2c8c34\stapler-jelly-1756.1758.v13fcdc2c8c34.jar;C:\Users\david\.m2\repository\org\dom4j\dom4j\2.1.3\dom4j-2.1.3.jar;C:\Users\david\.m2\repository\org\jenkins-ci\commons-jelly\1.1-jenkins-20220630\commons-jelly-1.1-jenkins-20220630.jar;C:\Users\david\.m2\repository\org\ow2\asm\asm\9.4\asm-9.4.jar;C:\Users\david\.m2\repository\org\ow2\asm\asm-analysis\9.4\asm-analysis-9.4.jar;C:\Users\david\.m2\repository\org\ow2\asm\asm-commons\9.4\asm-commons-9.4.jar;C:\Users\david\.m2\repository\org\ow2\asm\asm-tree\9.4\asm-tree-9.4.jar;C:\Users\david\.m2\repository\org\ow2\asm\asm-util\9.4\asm-util-9.4.jar;C:\Users\david\.m2\repository\org\slf4j\jcl-over-slf4j\2.0.6\jcl-over-slf4j-2.0.6.jar;C:\Users\david\.m2\repository\org\slf4j\slf4j-api\2.0.6\slf4j-api-2.0.6.jar;C:\Users\david\.m2\repository\org\slf4j\log4j-over-slf4j\2.0.6\log4j-over-slf4j-2.0.6.jar;C:\Users\david\.m2\repository\org\springframework\security\spring-security-web\5.8.1\spring-security-web-5.8.1.jar;C:\Users\david\.m2\repository\org\springframework\security\spring-security-core\5.8.1\spring-security-core-5.8.1.jar;C:\Users\david\.m2\repository\org\springframework\security\spring-security-crypto\5.8.1\spring-security-crypto-5.8.1.jar;C:\Users\david\.m2\repository\org\springframework\spring-core\5.3.24\spring-core-5.3.24.jar;C:\Users\david\.m2\repository\org\springframework\spring-aop\5.3.24\spring-aop-5.3.24.jar;C:\Users\david\.m2\repository\org\springframework\spring-beans\5.3.24\spring-beans-5.3.24.jar;C:\Users\david\.m2\repository\org\springframework\spring-context\5.3.24\spring-context-5.3.24.jar;C:\Users\david\.m2\repository\org\springframework\spring-expression\5.3.24\spring-expression-5.3.24.jar;C:\Users\david\.m2\repository\org\springframework\spring-web\5.3.24\spring-web-5.3.24.jar;C:\Users\david\.m2\repository\xpp3\xpp3\1.1.4c\xpp3-1.1.4c.jar;C:\Users\david\.m2\repository\org\jenkins-ci\main\jenkins-war\2.387.3\jenkins-war-2.387.3.war;C:\Users\david\.m2\repository\org\jenkins-ci\main\websocket-jetty10\2.387.3\websocket-jetty10-2.387.3.jar;C:\Users\david\.m2\repository\org\kohsuke\metainf-services\metainf-services\1.9\metainf-services-1.9.jar;C:\Users\david\.m2\repository\org\jenkins-ci\main\websocket-jetty9\2.387.3\websocket-jetty9-2.387.3.jar;C:\Users\david\.m2\repository\org\slf4j\slf4j-jdk14\2.0.6\slf4j-jdk14-2.0.6.jar;C:\Users\david\.m2\repository\jakarta\servlet\jakarta.servlet-api\4.0.4\jakarta.servlet-api-4.0.4.jar;C:\Users\david\.m2\repository\commons-logging\commons-logging\1.2\commons-logging-1.2.jar;C:\Users\david\.m2\repository\org\jenkins-ci\main\jenkins-test-harness\2044.v03c87927ff5c\jenkins-test-harness-2044.v03c87927ff5c.jar;C:\Users\david\.m2\repository\io\jenkins\lib\support-log-formatter\1.2\support-log-formatter-1.2.jar;C:\Users\david\.m2\repository\junit\junit\4.13.2\junit-4.13.2.jar;C:\Users\david\.m2\repository\org\hamcrest\hamcrest-core\2.2\hamcrest-core-2.2.jar;C:\Users\david\.m2\repository\org\eclipse\jetty\jetty-security\10.0.15\jetty-security-10.0.15.jar;C:\Users\david\.m2\repository\org\eclipse\jetty\jetty-server\10.0.15\jetty-server-10.0.15.jar;C:\Users\david\.m2\repository\org\eclipse\jetty\jetty-http\10.0.15\jetty-http-10.0.15.jar;C:\Users\david\.m2\repository\org\eclipse\jetty\jetty-io\10.0.15\jetty-io-10.0.15.jar;C:\Users\david\.m2\repository\org\eclipse\jetty\jetty-webapp\10.0.15\jetty-webapp-10.0.15.jar;C:\Users\david\.m2\repository\org\eclipse\jetty\jetty-servlet\10.0.15\jetty-servlet-10.0.15.jar;C:\Users\david\.m2\repository\org\eclipse\jetty\jetty-xml\10.0.15\jetty-xml-10.0.15.jar;C:\Users\david\.m2\repository\org\eclipse\jetty\jetty-util\10.0.15\jetty-util-10.0.15.jar;C:\Users\david\.m2\repository\org\eclipse\jetty\websocket\websocket-jetty-server\10.0.15\websocket-jetty-server-10.0.15.jar;C:\Users\david\.m2\repository\org\eclipse\jetty\websocket\websocket-jetty-api\10.0.15\websocket-jetty-api-10.0.15.jar;C:\Users\david\.m2\repository\org\eclipse\jetty\websocket\websocket-jetty-common\10.0.15\websocket-jetty-common-10.0.15.jar;C:\Users\david\.m2\repository\org\eclipse\jetty\websocket\websocket-core-common\10.0.15\websocket-core-common-10.0.15.jar;C:\Users\david\.m2\repository\org\eclipse\jetty\websocket\websocket-servlet\10.0.15\websocket-servlet-10.0.15.jar;C:\Users\david\.m2\repository\org\eclipse\jetty\websocket\websocket-core-server\10.0.15\websocket-core-server-10.0.15.jar;C:\Users\david\.m2\repository\org\eclipse\jetty\toolchain\jetty-servlet-api\4.0.6\jetty-servlet-api-4.0.6.jar;C:\Users\david\.m2\repository\org\hamcrest\hamcrest\2.2\hamcrest-2.2.jar;C:\Users\david\.m2\repository\org\jenkins-ci\main\jenkins-test-harness-htmlunit\152.vb_7b_348664557\jenkins-test-harness-htmlunit-152.vb_7b_348664557.jar;C:\Users\david\.m2\repository\org\junit\jupiter\junit-jupiter-api\5.10.0\junit-jupiter-api-5.10.0.jar;C:\Users\david\.m2\repository\org\opentest4j\opentest4j\1.3.0\opentest4j-1.3.0.jar;C:\Users\david\.m2\repository\org\junit\platform\junit-platform-commons\1.10.0\junit-platform-commons-1.10.0.jar;C:\Users\david\.m2\repository\org\netbeans\modules\org-netbeans-insane\RELEASE180\org-netbeans-insane-RELEASE180.jar;C:\Users\david\.m2\repository\org\openjdk\jmh\jmh-core\1.36\jmh-core-1.36.jar;C:\Users\david\.m2\repository\net\sf\jopt-simple\jopt-simple\5.0.4\jopt-simple-5.0.4.jar;C:\Users\david\.m2\repository\org\apache\commons\commons-math3\3.2\commons-math3-3.2.jar;C:\Users\david\.m2\repository\org\openjdk\jmh\jmh-generator-annprocess\1.36\jmh-generator-annprocess-1.36.jar;C:\Users\david\.m2\repository\org\jenkins-ci\test-annotations\1.4\test-annotations-1.4.jar;C:\Users\david\.m2\repository\org\junit\jupiter\junit-jupiter\5.10.0\junit-jupiter-5.10.0.jar;C:\Users\david\.m2\repository\org\junit\jupiter\junit-jupiter-params\5.10.0\junit-jupiter-params-5.10.0.jar;C:\Users\david\.m2\repository\org\junit\jupiter\junit-jupiter-engine\5.10.0\junit-jupiter-engine-5.10.0.jar;C:\Users\david\.m2\repository\org\junit\vintage\junit-vintage-engine\5.10.0\junit-vintage-engine-5.10.0.jar;C:\Users\david\.m2\repository\org\junit\platform\junit-platform-engine\1.10.0\junit-platform-engine-1.10.0.jar;C:\Users\david\.m2\repository\org\apiguardian\apiguardian-api\1.1.2\apiguardian-api-1.1.2.jar;"/>
    <property name="sun.cpu.endian" value="little"/>
    <property name="user.home" value="C:\Users\david"/>
    <property name="user.language" value="es"/>
    <property name="java.specification.vendor" value="Oracle Corporation"/>
    <property name="java.version.date" value="2024-04-16"/>
    <property name="java.home" value="C:\Program Files\Java\jdk-21"/>
    <property name="surefire.forkNumber" value="1"/>
    <property name="file.separator" value="\"/>
    <property name="basedir" value="C:\Users\david\Desktop\logstash-plugin"/>
    <property name="java.vm.compressedOopsMode" value="32-bit"/>
    <property name="line.separator" value="&#10;"/>
    <property name="java.vm.specification.vendor" value="Oracle Corporation"/>
    <property name="java.specification.name" value="Java Platform API Specification"/>
    <property name="java.awt.headless" value="true"/>
    <property name="surefire.real.class.path" value="C:\Users\david\AppData\Local\Temp\surefire17184778572883331422\surefirebooter-20250206145116604_189.jar"/>
    <property name="user.script" value=""/>
    <property name="sun.management.compiler" value="HotSpot 64-Bit Tiered Compilers"/>
    <property name="changelist.format" value="%d.v%s"/>
    <property name="java.runtime.version" value="21.0.3+7-LTS-152"/>
    <property name="user.name" value="david"/>
    <property name="stdout.encoding" value="Cp1252"/>
    <property name="path.separator" value=";"/>
    <property name="os.version" value="10.0"/>
    <property name="java.runtime.name" value="Java(TM) SE Runtime Environment"/>
    <property name="file.encoding" value="UTF-8"/>
    <property name="java.vm.name" value="Java HotSpot(TM) 64-Bit Server VM"/>
    <property name="localRepository" value="C:\Users\david\.m2\repository"/>
    <property name="java.vendor.url.bug" value="https://bugreport.java.com/bugreport/"/>
    <property name="java.io.tmpdir" value="C:\Users\david\Desktop\logstash-plugin\target/tmp"/>
    <property name="idea.version" value="2024.2.1"/>
    <property name="java.version" value="21.0.3"/>
    <property name="user.dir" value="C:\Users\david\Desktop\logstash-plugin"/>
    <property name="os.arch" value="amd64"/>
    <property name="java.vm.specification.name" value="Java Virtual Machine Specification"/>
    <property name="sun.os.patch.level" value=""/>
    <property name="native.encoding" value="Cp1252"/>
    <property name="java.library.path" value="C:\Program Files\Java\jdk-21\bin;C:\WINDOWS\Sun\Java\bin;C:\WINDOWS\system32;C:\WINDOWS;C:\Users\david\miniconda3\condabin;C:\Program Files\Common Files\Oracle\Java\javapath;C:\Program Files\Java\jdk-21\bin;C:\Program Files\NVIDIA GPU Computing Toolkit\CUDA\v12.6\bin;C:\Program Files\NVIDIA GPU Computing Toolkit\CUDA\v12.6\libnvvp;C:\WINDOWS\system32;C:\WINDOWS;C:\WINDOWS\System32\Wbem;C:\WINDOWS\System32\WindowsPowerShell\v1.0\;C:\WINDOWS\System32\OpenSSH\;C:\Program Files (x86)\NVIDIA Corporation\PhysX\Common;C:\Program Files\Microsoft VS Code\bin;C:\Program Files\Go\bin;C:\ProgramData\chocolatey\bin;C:\Program Files\nodejs\;C:\Program Files\Docker\Docker\resources\bin;C:\Program Files\PowerShell\7\;C:\Program Files\NVIDIA Corporation\NVIDIA app\NvDLISR;C:\Program Files\PuTTY\;C:\Program Files\Git\cmd;C:\Users\david\AppData\Local\Programs\Python\Python312\Scripts\;C:\Users\david\AppData\Local\Programs\Python\Python312\;C:\Users\david\AppData\Local\Microsoft\WindowsApps;C:\Users\david\AppData\Local\Android\Sdk\platform-tools;C:\Users\david\go\bin;C:\Program Files\Go\bin;C:\Users\david\Desktop\go-stp\FreeCAD\bin;C:\Program Files\JetBrains\IntelliJ IDEA 2024.2.1\bin;;C:\Program Files (x86)\Nmap;C:\Users\david\AppData\Roaming\npm;C:\Users\david\AppData\Local\Microsoft\WinGet\Links;C:\Program Files\mitmproxy\bin;C:\Users\david\AppData\Local\Android\Sdk\build-tools\35.0.0;C:\Program Files\Java\jdk-21\bin;;."/>
    <property name="java.vm.info" value="mixed mode, emulated-client"/>
    <property name="stderr.encoding" value="Cp1252"/>
    <property name="java.vendor" value="Oracle Corporation"/>
    <property name="java.vm.version" value="21.0.3+7-LTS-152"/>
    <property name="sun.io.unicode.encoding" value="UnicodeLittle"/>
    <property name="java.class.version" value="65.0"/>
  </properties>
  <testcase name="ceeMessageFormat" classname="jenkins.plugins.logstash.persistence.SyslogDaoTest" time="0.218">
    <system-err><![CDATA[WARNING: A Java agent has been loaded dynamically (C:\Users\david\.m2\repository\net\bytebuddy\byte-buddy-agent\1.14.5\byte-buddy-agent-1.14.5.jar)
WARNING: If a serviceability tool is in use, please run with -XX:+EnableDynamicAgentLoading to hide this warning
WARNING: If a serviceability tool is not in use, please run with -Djdk.instrument.traceUsage for more information
WARNING: Dynamic loading of agents will be disallowed by default in a future release
]]></system-err>
  </testcase>
  <testcase name="syslogConfig" classname="jenkins.plugins.logstash.persistence.SyslogDaoTest" time="0.012"/>
</testsuite>