<?xml version="1.0" encoding="UTF-8"?>
<testsuite xmlns:xsi="http://www.w3.org/2001/XMLSchema-instance" xsi:noNamespaceSchemaLocation="https://maven.apache.org/surefire/maven-surefire-plugin/xsd/surefire-test-report-3.0.xsd" version="3.0" name="jenkins.plugins.logstash.LogstashConfigurationTest" time="35.877" tests="9" errors="0" skipped="0" failures="0">
  <properties>
    <property name="java.specification.version" value="21"/>
    <property name="sun.cpu.isalist" value="amd64"/>
    <property name="sun.jnu.encoding" value="Cp1252"/>
    <property name="java.class.path" value="C:\Users\david\Desktop\david\logstash-plugin\target\test-classes;C:\Users\david\Desktop\david\logstash-plugin\target\classes;C:\Users\david\.m2\repository\org\jenkins-ci\plugins\apache-httpcomponents-client-4-api\4.5.14-150.v7a_b_9d17134a_5\apache-httpcomponents-client-4-api-4.5.14-150.v7a_b_9d17134a_5.jar;C:\Users\david\.m2\repository\org\apache\httpcomponents\httpcore\4.4.16\httpcore-4.4.16.jar;C:\Users\david\.m2\repository\org\apache\httpcomponents\httpcore-nio\4.4.16\httpcore-nio-4.4.16.jar;C:\Users\david\.m2\repository\org\apache\httpcomponents\httpclient\4.5.14\httpclient-4.5.14.jar;C:\Users\david\.m2\repository\org\apache\httpcomponents\httpmime\4.5.14\httpmime-4.5.14.jar;C:\Users\david\.m2\repository\org\apache\httpcomponents\fluent-hc\4.5.14\fluent-hc-4.5.14.jar;C:\Users\david\.m2\repository\org\apache\httpcomponents\httpclient-cache\4.5.14\httpclient-cache-4.5.14.jar;C:\Users\david\.m2\repository\org\apache\httpcomponents\httpasyncclient\4.1.5\httpasyncclient-4.1.5.jar;C:\Users\david\.m2\repository\org\apache\httpcomponents\httpasyncclient-cache\4.1.5\httpasyncclient-cache-4.1.5.jar;C:\Users\david\.m2\repository\redis\clients\jedis\2.6.0\jedis-2.6.0.jar;C:\Users\david\.m2\repository\org\apache\commons\commons-pool2\2.0\commons-pool2-2.0.jar;C:\Users\david\.m2\repository\com\rabbitmq\amqp-client\3.3.5\amqp-client-3.3.5.jar;C:\Users\david\.m2\repository\com\google\code\gson\gson\2.8.9\gson-2.8.9.jar;C:\Users\david\.m2\repository\com\cloudbees\syslog-java-client\1.0.6\syslog-java-client-1.0.6.jar;C:\Users\david\.m2\repository\org\jenkins-ci\plugins\junit\1217.v4297208a_a_b_ce\junit-1217.v4297208a_a_b_ce.jar;C:\Users\david\.m2\repository\io\jenkins\plugins\echarts-api\5.4.0-5\echarts-api-5.4.0-5.jar;C:\Users\david\.m2\repository\io\jenkins\plugins\font-awesome-api\6.4.0-2\font-awesome-api-6.4.0-2.jar;C:\Users\david\.m2\repository\io\jenkins\plugins\jquery3-api\3.7.0-1\jquery3-api-3.7.0-1.jar;C:\Users\david\.m2\repository\io\jenkins\plugins\ionicons-api\56.v1b_1c8c49374e\ionicons-api-56.v1b_1c8c49374e.jar;C:\Users\david\.m2\repository\io\jenkins\plugins\checks-api\2.0.0\checks-api-2.0.0.jar;C:\Users\david\.m2\repository\io\jenkins\plugins\commons-lang3-api\3.13.0-62.v7d18e55f51e2\commons-lang3-api-3.13.0-62.v7d18e55f51e2.jar;C:\Users\david\.m2\repository\org\apache\commons\commons-lang3\3.13.0\commons-lang3-3.13.0.jar;C:\Users\david\.m2\repository\io\jenkins\plugins\plugin-util-api\3.3.0\plugin-util-api-3.3.0.jar;C:\Users\david\.m2\repository\org\jenkins-ci\plugins\display-url-api\2.3.9\display-url-api-2.3.9.jar;C:\Users\david\.m2\repository\io\jenkins\plugins\bootstrap5-api\5.3.0-1\bootstrap5-api-5.3.0-1.jar;C:\Users\david\.m2\repository\org\jenkins-ci\plugins\workflow\workflow-api\1259.vb_47f14fffc8a_\workflow-api-1259.vb_47f14fffc8a_.jar;C:\Users\david\.m2\repository\org\jenkins-ci\plugins\jackson2-api\2.15.2-350.v0c2f3f8fc595\jackson2-api-2.15.2-350.v0c2f3f8fc595.jar;C:\Users\david\.m2\repository\com\fasterxml\jackson\core\jackson-databind\2.15.2\jackson-databind-2.15.2.jar;C:\Users\david\.m2\repository\com\fasterxml\jackson\datatype\jackson-datatype-jsr310\2.15.2\jackson-datatype-jsr310-2.15.2.jar;C:\Users\david\.m2\repository\com\fasterxml\jackson\datatype\jackson-datatype-jdk8\2.15.2\jackson-datatype-jdk8-2.15.2.jar;C:\Users\david\.m2\repository\com\fasterxml\jackson\datatype\jackson-datatype-json-org\2.15.2\jackson-datatype-json-org-2.15.2.jar;C:\Users\david\.m2\repository\com\fasterxml\jackson\module\jackson-module-parameter-names\2.15.2\jackson-module-parameter-names-2.15.2.jar;C:\Users\david\.m2\repository\com\fasterxml\jackson\core\jackson-core\2.15.2\jackson-core-2.15.2.jar;C:\Users\david\.m2\repository\com\fasterxml\jackson\core\jackson-annotations\2.15.2\jackson-annotations-2.15.2.jar;C:\Users\david\.m2\repository\com\fasterxml\jackson\module\jackson-module-jaxb-annotations\2.15.2\jackson-module-jaxb-annotations-2.15.2.jar;C:\Users\david\.m2\repository\com\fasterxml\jackson\dataformat\jackson-dataformat-cbor\2.15.2\jackson-dataformat-cbor-2.15.2.jar;C:\Users\david\.m2\repository\com\fasterxml\jackson\dataformat\jackson-dataformat-xml\2.15.2\jackson-dataformat-xml-2.15.2.jar;C:\Users\david\.m2\repository\org\codehaus\woodstox\stax2-api\4.2.1\stax2-api-4.2.1.jar;C:\Users\david\.m2\repository\com\fasterxml\woodstox\woodstox-core\6.5.1\woodstox-core-6.5.1.jar;C:\Users\david\.m2\repository\com\fasterxml\jackson\dataformat\jackson-dataformat-yaml\2.15.2\jackson-dataformat-yaml-2.15.2.jar;C:\Users\david\.m2\repository\io\jenkins\plugins\javax-activation-api\1.2.0-6\javax-activation-api-1.2.0-6.jar;C:\Users\david\.m2\repository\com\sun\activation\javax.activation\1.2.0\javax.activation-1.2.0.jar;C:\Users\david\.m2\repository\io\jenkins\plugins\jaxb\2.3.8-1\jaxb-2.3.8-1.jar;C:\Users\david\.m2\repository\com\sun\xml\bind\jaxb-impl\2.3.8\jaxb-impl-2.3.8.jar;C:\Users\david\.m2\repository\javax\xml\bind\jaxb-api\2.3.1\jaxb-api-2.3.1.jar;C:\Users\david\.m2\repository\org\jenkins-ci\plugins\credentials\1271.v54b_1c2c6388a_\credentials-1271.v54b_1c2c6388a_.jar;C:\Users\david\.m2\repository\org\jenkins-ci\plugins\structs\325.vcb_307d2a_2782\structs-325.vcb_307d2a_2782.jar;C:\Users\david\.m2\repository\org\jenkins-ci\plugins\workflow\workflow-step-api\639.v6eca_cd8c04a_a_\workflow-step-api-639.v6eca_cd8c04a_a_.jar;C:\Users\david\.m2\repository\org\jenkins-ci\plugins\pipeline-stage-step\305.ve96d0205c1c6\pipeline-stage-step-305.ve96d0205c1c6.jar;C:\Users\david\.m2\repository\org\jenkins-ci\plugins\workflow\workflow-durable-task-step\1284.v4fcd365b_75b_e\workflow-durable-task-step-1284.v4fcd365b_75b_e.jar;C:\Users\david\.m2\repository\org\jenkins-ci\plugins\durable-task\523.va_a_22cf15d5e0\durable-task-523.va_a_22cf15d5e0.jar;C:\Users\david\.m2\repository\io\jenkins\plugins\lib-durable-task\40.vc66cf8fb_4613\lib-durable-task-40.vc66cf8fb_4613.jar;C:\Users\david\.m2\repository\org\jenkins-ci\plugins\workflow\workflow-support\848.v5a_383b_d14921\workflow-support-848.v5a_383b_d14921.jar;C:\Users\david\.m2\repository\org\jboss\marshalling\jboss-marshalling-river\2.1.0.Final\jboss-marshalling-river-2.1.0.Final.jar;C:\Users\david\.m2\repository\org\jboss\marshalling\jboss-marshalling\2.1.0.Final\jboss-marshalling-2.1.0.Final.jar;C:\Users\david\.m2\repository\org\jenkins-ci\plugins\scm-api\676.v886669a_199a_a_\scm-api-676.v886669a_199a_a_.jar;C:\Users\david\.m2\repository\org\jenkins-ci\plugins\workflow\workflow-job\1326.ve643e00e9220\workflow-job-1326.ve643e00e9220.jar;C:\Users\david\.m2\repository\io\jenkins\configuration-as-code\1670.v564dc8b_982d0\configuration-as-code-1670.v564dc8b_982d0.jar;C:\Users\david\.m2\repository\com\google\code\findbugs\jsr305\3.0.1\jsr305-3.0.1.jar;C:\Users\david\.m2\repository\io\jenkins\plugins\caffeine-api\3.1.8-133.v17b_1ff2e0599\caffeine-api-3.1.8-133.v17b_1ff2e0599.jar;C:\Users\david\.m2\repository\com\github\ben-manes\caffeine\caffeine\3.1.8\caffeine-3.1.8.jar;C:\Users\david\.m2\repository\io\jenkins\plugins\commons-text-api\1.10.0-68.v0d0b_c439292b_\commons-text-api-1.10.0-68.v0d0b_c439292b_.jar;C:\Users\david\.m2\repository\org\apache\commons\commons-text\1.10.0\commons-text-1.10.0.jar;C:\Users\david\.m2\repository\io\jenkins\plugins\snakeyaml-api\1.33-95.va_b_a_e3e47b_fa_4\snakeyaml-api-1.33-95.va_b_a_e3e47b_fa_4.jar;C:\Users\david\.m2\repository\org\yaml\snakeyaml\1.33\snakeyaml-1.33.jar;C:\Users\david\.m2\repository\io\vavr\vavr\0.10.4\vavr-0.10.4.jar;C:\Users\david\.m2\repository\io\vavr\vavr-match\0.10.4\vavr-match-0.10.4.jar;C:\Users\david\.m2\repository\org\json\json\20230227\json-20230227.jar;C:\Users\david\.m2\repository\org\mockito\mockito-core\5.4.0\mockito-core-5.4.0.jar;C:\Users\david\.m2\repository\net\bytebuddy\byte-buddy\1.14.5\byte-buddy-1.14.5.jar;C:\Users\david\.m2\repository\net\bytebuddy\byte-buddy-agent\1.14.5\byte-buddy-agent-1.14.5.jar;C:\Users\david\.m2\repository\org\objenesis\objenesis\3.3\objenesis-3.3.jar;C:\Users\david\.m2\repository\org\awaitility\awaitility\4.0.3\awaitility-4.0.3.jar;C:\Users\david\.m2\repository\org\jenkins-ci\plugins\script-security\1269.v639888f5e366\script-security-1269.v639888f5e366.jar;C:\Users\david\.m2\repository\org\kohsuke\groovy-sandbox\1.33\groovy-sandbox-1.33.jar;C:\Users\david\.m2\repository\org\jenkins-ci\plugins\mask-passwords\2.13\mask-passwords-2.13.jar;C:\Users\david\.m2\repository\org\jenkins-ci\plugins\envinject\2.1.5\envinject-2.1.5.jar;C:\Users\david\.m2\repository\org\jenkins-ci\plugins\envinject-api\1.3\envinject-api-1.3.jar;C:\Users\david\.m2\repository\org\jenkins-ci\lib\envinject-lib\1.27\envinject-lib-1.27.jar;C:\Users\david\.m2\repository\org\jenkins-ci\plugins\matrix-project\808.v5a_b_5f56d6966\matrix-project-808.v5a_b_5f56d6966.jar;C:\Users\david\.m2\repository\org\jenkins-ci\plugins\ansicolor\1.0.3\ansicolor-1.0.3.jar;C:\Users\david\.m2\repository\org\jenkins-ci\plugins\workflow\workflow-cps\3769.v8b_e595e4d40d\workflow-cps-3769.v8b_e595e4d40d.jar;C:\Users\david\.m2\repository\com\cloudbees\groovy-cps\3769.v8b_e595e4d40d\groovy-cps-3769.v8b_e595e4d40d.jar;C:\Users\david\.m2\repository\com\cloudbees\diff4j\1.3\diff4j-1.3.jar;C:\Users\david\.m2\repository\org\jenkins-ci\plugins\workflow\workflow-basic-steps\1042.ve7b_140c4a_e0c\workflow-basic-steps-1042.ve7b_140c4a_e0c.jar;C:\Users\david\.m2\repository\org\jenkins-ci\plugins\mailer\463.vedf8358e006b_\mailer-463.vedf8358e006b_.jar;C:\Users\david\.m2\repository\org\jenkins-ci\modules\instance-identity\173.va_37c494ec4e5\instance-identity-173.va_37c494ec4e5.jar;C:\Users\david\.m2\repository\org\jenkins-ci\plugins\bouncycastle-api\2.29\bouncycastle-api-2.29.jar;C:\Users\david\.m2\repository\org\bouncycastle\bcpkix-jdk18on\1.75\bcpkix-jdk18on-1.75.jar;C:\Users\david\.m2\repository\org\bouncycastle\bcprov-jdk18on\1.75\bcprov-jdk18on-1.75.jar;C:\Users\david\.m2\repository\org\bouncycastle\bcutil-jdk18on\1.75\bcutil-jdk18on-1.75.jar;C:\Users\david\.m2\repository\io\jenkins\plugins\jakarta-mail-api\2.0.1-3\jakarta-mail-api-2.0.1-3.jar;C:\Users\david\.m2\repository\com\sun\mail\jakarta.mail\2.0.1\jakarta.mail-2.0.1.jar;C:\Users\david\.m2\repository\io\jenkins\plugins\jakarta-activation-api\2.0.1-3\jakarta-activation-api-2.0.1-3.jar;C:\Users\david\.m2\repository\com\sun\activation\jakarta.activation\2.0.1\jakarta.activation-2.0.1.jar;C:\Users\david\.m2\repository\org\jenkins-ci\plugins\workflow\workflow-scm-step\415.v434365564324\workflow-scm-step-415.v434365564324.jar;C:\Users\david\.m2\repository\org\jenkins-ci\main\jenkins-core\2.387.3\jenkins-core-2.387.3.jar;C:\Users\david\.m2\repository\org\jenkins-ci\main\cli\2.387.3\cli-2.387.3.jar;C:\Users\david\.m2\repository\org\jenkins-ci\main\remoting\3107.v665000b_51092\remoting-3107.v665000b_51092.jar;C:\Users\david\.m2\repository\args4j\args4j\2.33\args4j-2.33.jar;C:\Users\david\.m2\repository\com\github\spotbugs\spotbugs-annotations\4.7.3\spotbugs-annotations-4.7.3.jar;C:\Users\david\.m2\repository\com\google\guava\guava\31.1-jre\guava-31.1-jre.jar;C:\Users\david\.m2\repository\com\google\guava\failureaccess\1.0.1\failureaccess-1.0.1.jar;C:\Users\david\.m2\repository\com\google\guava\listenablefuture\9999.0-empty-to-avoid-conflict-with-guava\listenablefuture-9999.0-empty-to-avoid-conflict-with-guava.jar;C:\Users\david\.m2\repository\com\google\inject\guice\5.1.0\guice-5.1.0.jar;C:\Users\david\.m2\repository\javax\inject\javax.inject\1\javax.inject-1.jar;C:\Users\david\.m2\repository\com\infradna\tool\bridge-method-annotation\1.25\bridge-method-annotation-1.25.jar;C:\Users\david\.m2\repository\com\jcraft\jzlib\1.1.3-kohsuke-1\jzlib-1.1.3-kohsuke-1.jar;C:\Users\david\.m2\repository\com\sun\solaris\embedded_su4j\1.1\embedded_su4j-1.1.jar;C:\Users\david\.m2\repository\com\sun\xml\txw2\txw2\20110809\txw2-20110809.jar;C:\Users\david\.m2\repository\relaxngDatatype\relaxngDatatype\20020414\relaxngDatatype-20020414.jar;C:\Users\david\.m2\repository\com\thoughtworks\xstream\xstream\1.4.20\xstream-1.4.20.jar;C:\Users\david\.m2\repository\io\github\x-stream\mxparser\1.2.2\mxparser-1.2.2.jar;C:\Users\david\.m2\repository\commons-beanutils\commons-beanutils\1.9.4\commons-beanutils-1.9.4.jar;C:\Users\david\.m2\repository\commons-codec\commons-codec\1.15\commons-codec-1.15.jar;C:\Users\david\.m2\repository\commons-collections\commons-collections\3.2.2\commons-collections-3.2.2.jar;C:\Users\david\.m2\repository\commons-fileupload\commons-fileupload\1.5\commons-fileupload-1.5.jar;C:\Users\david\.m2\repository\commons-io\commons-io\2.11.0\commons-io-2.11.0.jar;C:\Users\david\.m2\repository\commons-jelly\commons-jelly-tags-fmt\1.0\commons-jelly-tags-fmt-1.0.jar;C:\Users\david\.m2\repository\commons-jelly\commons-jelly-tags-xml\1.1\commons-jelly-tags-xml-1.1.jar;C:\Users\david\.m2\repository\commons-lang\commons-lang\2.6\commons-lang-2.6.jar;C:\Users\david\.m2\repository\io\jenkins\stapler\jenkins-stapler-support\1.1\jenkins-stapler-support-1.1.jar;C:\Users\david\.m2\repository\jakarta\servlet\jsp\jstl\jakarta.servlet.jsp.jstl-api\1.2.7\jakarta.servlet.jsp.jstl-api-1.2.7.jar;C:\Users\david\.m2\repository\jaxen\jaxen\2.0.0\jaxen-2.0.0.jar;C:\Users\david\.m2\repository\jline\jline\2.14.6\jline-2.14.6.jar;C:\Users\david\.m2\repository\net\java\dev\jna\jna\5.12.1\jna-5.12.1.jar;C:\Users\david\.m2\repository\net\java\sezpoz\sezpoz\1.13\sezpoz-1.13.jar;C:\Users\david\.m2\repository\net\jcip\jcip-annotations\1.0\jcip-annotations-1.0.jar;C:\Users\david\.m2\repository\net\sf\kxml\kxml2\2.3.0\kxml2-2.3.0.jar;C:\Users\david\.m2\repository\org\antlr\antlr4-runtime\4.11.1\antlr4-runtime-4.11.1.jar;C:\Users\david\.m2\repository\org\apache\ant\ant\1.10.12\ant-1.10.12.jar;C:\Users\david\.m2\repository\org\apache\ant\ant-launcher\1.10.12\ant-launcher-1.10.12.jar;C:\Users\david\.m2\repository\org\apache\commons\commons-compress\1.22\commons-compress-1.22.jar;C:\Users\david\.m2\repository\org\codehaus\groovy\groovy-all\2.4.21\groovy-all-2.4.21.jar;C:\Users\david\.m2\repository\org\connectbot\jbcrypt\jbcrypt\1.0.0\jbcrypt-1.0.0.jar;C:\Users\david\.m2\repository\org\fusesource\jansi\jansi\1.11\jansi-1.11.jar;C:\Users\david\.m2\repository\org\jenkins-ci\annotation-indexer\1.17\annotation-indexer-1.17.jar;C:\Users\david\.m2\repository\org\jenkins-ci\commons-jexl\1.1-jenkins-20111212\commons-jexl-1.1-jenkins-20111212.jar;C:\Users\david\.m2\repository\org\jenkins-ci\crypto-util\1.8\crypto-util-1.8.jar;C:\Users\david\.m2\repository\org\jenkins-ci\memory-monitor\1.12\memory-monitor-1.12.jar;C:\Users\david\.m2\repository\org\jenkins-ci\symbol-annotation\1.24\symbol-annotation-1.24.jar;C:\Users\david\.m2\repository\org\jenkins-ci\task-reactor\1.8\task-reactor-1.8.jar;C:\Users\david\.m2\repository\org\jenkins-ci\version-number\1.11\version-number-1.11.jar;C:\Users\david\.m2\repository\org\jenkins-ci\main\websocket-spi\2.387.3\websocket-spi-2.387.3.jar;C:\Users\david\.m2\repository\org\jfree\jfreechart\1.0.19\jfreechart-1.0.19.jar;C:\Users\david\.m2\repository\org\jfree\jcommon\1.0.23\jcommon-1.0.23.jar;C:\Users\david\.m2\repository\org\jvnet\hudson\commons-jelly-tags-define\1.0.1-hudson-20071021\commons-jelly-tags-define-1.0.1-hudson-20071021.jar;C:\Users\david\.m2\repository\org\jvnet\localizer\localizer\1.31\localizer-1.31.jar;C:\Users\david\.m2\repository\org\jvnet\robust-http-client\robust-http-client\1.2\robust-http-client-1.2.jar;C:\Users\david\.m2\repository\org\jvnet\winp\winp\1.30\winp-1.30.jar;C:\Users\david\.m2\repository\org\kohsuke\access-modifier-annotation\1.30\access-modifier-annotation-1.30.jar;C:\Users\david\.m2\repository\org\kohsuke\windows-package-checker\1.2\windows-package-checker-1.2.jar;C:\Users\david\.m2\repository\org\kohsuke\jinterop\j-interop\2.0.8-kohsuke-1\j-interop-2.0.8-kohsuke-1.jar;C:\Users\david\.m2\repository\org\kohsuke\jinterop\j-interopdeps\2.0.8-kohsuke-1\j-interopdeps-2.0.8-kohsuke-1.jar;C:\Users\david\.m2\repository\org\samba\jcifs\jcifs\1.3.18-kohsuke-1\jcifs-1.3.18-kohsuke-1.jar;C:\Users\david\.m2\repository\org\kohsuke\stapler\json-lib\2.4-jenkins-3\json-lib-2.4-jenkins-3.jar;C:\Users\david\.m2\repository\net\sf\ezmorph\ezmorph\1.0.6\ezmorph-1.0.6.jar;C:\Users\david\.m2\repository\org\kohsuke\stapler\stapler\1756.1758.v13fcdc2c8c34\stapler-1756.1758.v13fcdc2c8c34.jar;C:\Users\david\.m2\repository\commons-discovery\commons-discovery\0.5\commons-discovery-0.5.jar;C:\Users\david\.m2\repository\jakarta\annotation\jakarta.annotation-api\2.1.1\jakarta.annotation-api-2.1.1.jar;C:\Users\david\.m2\repository\javax\annotation\javax.annotation-api\1.3.2\javax.annotation-api-1.3.2.jar;C:\Users\david\.m2\repository\org\jvnet\tiger-types\2.2\tiger-types-2.2.jar;C:\Users\david\.m2\repository\org\kohsuke\stapler\stapler-adjunct-codemirror\1.3\stapler-adjunct-codemirror-1.3.jar;C:\Users\david\.m2\repository\org\kohsuke\stapler\stapler-adjunct-timeline\1.5\stapler-adjunct-timeline-1.5.jar;C:\Users\david\.m2\repository\org\kohsuke\stapler\stapler-groovy\1756.1758.v13fcdc2c8c34\stapler-groovy-1756.1758.v13fcdc2c8c34.jar;C:\Users\david\.m2\repository\org\kohsuke\stapler\stapler-jelly\1756.1758.v13fcdc2c8c34\stapler-jelly-1756.1758.v13fcdc2c8c34.jar;C:\Users\david\.m2\repository\org\dom4j\dom4j\2.1.3\dom4j-2.1.3.jar;C:\Users\david\.m2\repository\org\jenkins-ci\commons-jelly\1.1-jenkins-20220630\commons-jelly-1.1-jenkins-20220630.jar;C:\Users\david\.m2\repository\org\ow2\asm\asm\9.4\asm-9.4.jar;C:\Users\david\.m2\repository\org\ow2\asm\asm-analysis\9.4\asm-analysis-9.4.jar;C:\Users\david\.m2\repository\org\ow2\asm\asm-commons\9.4\asm-commons-9.4.jar;C:\Users\david\.m2\repository\org\ow2\asm\asm-tree\9.4\asm-tree-9.4.jar;C:\Users\david\.m2\repository\org\ow2\asm\asm-util\9.4\asm-util-9.4.jar;C:\Users\david\.m2\repository\org\slf4j\jcl-over-slf4j\2.0.6\jcl-over-slf4j-2.0.6.jar;C:\Users\david\.m2\repository\org\slf4j\slf4j-api\2.0.6\slf4j-api-2.0.6.jar;C:\Users\david\.m2\repository\org\slf4j\log4j-over-slf4j\2.0.6\log4j-over-slf4j-2.0.6.jar;C:\Users\david\.m2\repository\org\springframework\security\spring-security-web\5.8.1\spring-security-web-5.8.1.jar;C:\Users\david\.m2\repository\org\springframework\security\spring-security-core\5.8.1\spring-security-core-5.8.1.jar;C:\Users\david\.m2\repository\org\springframework\security\spring-security-crypto\5.8.1\spring-security-crypto-5.8.1.jar;C:\Users\david\.m2\repository\org\springframework\spring-core\5.3.24\spring-core-5.3.24.jar;C:\Users\david\.m2\repository\org\springframework\spring-aop\5.3.24\spring-aop-5.3.24.jar;C:\Users\david\.m2\repository\org\springframework\spring-beans\5.3.24\spring-beans-5.3.24.jar;C:\Users\david\.m2\repository\org\springframework\spring-context\5.3.24\spring-context-5.3.24.jar;C:\Users\david\.m2\repository\org\springframework\spring-expression\5.3.24\spring-expression-5.3.24.jar;C:\Users\david\.m2\repository\org\springframework\spring-web\5.3.24\spring-web-5.3.24.jar;C:\Users\david\.m2\repository\xpp3\xpp3\1.1.4c\xpp3-1.1.4c.jar;C:\Users\david\.m2\repository\org\jenkins-ci\main\jenkins-war\2.387.3\jenkins-war-2.387.3.war;C:\Users\david\.m2\repository\org\jenkins-ci\main\websocket-jetty10\2.387.3\websocket-jetty10-2.387.3.jar;C:\Users\david\.m2\repository\org\kohsuke\metainf-services\metainf-services\1.9\metainf-services-1.9.jar;C:\Users\david\.m2\repository\org\jenkins-ci\main\websocket-jetty9\2.387.3\websocket-jetty9-2.387.3.jar;C:\Users\david\.m2\repository\org\slf4j\slf4j-jdk14\2.0.6\slf4j-jdk14-2.0.6.jar;C:\Users\david\.m2\repository\jakarta\servlet\jakarta.servlet-api\4.0.4\jakarta.servlet-api-4.0.4.jar;C:\Users\david\.m2\repository\commons-logging\commons-logging\1.2\commons-logging-1.2.jar;C:\Users\david\.m2\repository\org\jenkins-ci\main\jenkins-test-harness\2044.v03c87927ff5c\jenkins-test-harness-2044.v03c87927ff5c.jar;C:\Users\david\.m2\repository\io\jenkins\lib\support-log-formatter\1.2\support-log-formatter-1.2.jar;C:\Users\david\.m2\repository\junit\junit\4.13.2\junit-4.13.2.jar;C:\Users\david\.m2\repository\org\hamcrest\hamcrest-core\2.2\hamcrest-core-2.2.jar;C:\Users\david\.m2\repository\org\eclipse\jetty\jetty-security\10.0.15\jetty-security-10.0.15.jar;C:\Users\david\.m2\repository\org\eclipse\jetty\jetty-server\10.0.15\jetty-server-10.0.15.jar;C:\Users\david\.m2\repository\org\eclipse\jetty\jetty-http\10.0.15\jetty-http-10.0.15.jar;C:\Users\david\.m2\repository\org\eclipse\jetty\jetty-io\10.0.15\jetty-io-10.0.15.jar;C:\Users\david\.m2\repository\org\eclipse\jetty\jetty-webapp\10.0.15\jetty-webapp-10.0.15.jar;C:\Users\david\.m2\repository\org\eclipse\jetty\jetty-servlet\10.0.15\jetty-servlet-10.0.15.jar;C:\Users\david\.m2\repository\org\eclipse\jetty\jetty-xml\10.0.15\jetty-xml-10.0.15.jar;C:\Users\david\.m2\repository\org\eclipse\jetty\jetty-util\10.0.15\jetty-util-10.0.15.jar;C:\Users\david\.m2\repository\org\eclipse\jetty\websocket\websocket-jetty-server\10.0.15\websocket-jetty-server-10.0.15.jar;C:\Users\david\.m2\repository\org\eclipse\jetty\websocket\websocket-jetty-api\10.0.15\websocket-jetty-api-10.0.15.jar;C:\Users\david\.m2\repository\org\eclipse\jetty\websocket\websocket-jetty-common\10.0.15\websocket-jetty-common-10.0.15.jar;C:\Users\david\.m2\repository\org\eclipse\jetty\websocket\websocket-core-common\10.0.15\websocket-core-common-10.0.15.jar;C:\Users\david\.m2\repository\org\eclipse\jetty\websocket\websocket-servlet\10.0.15\websocket-servlet-10.0.15.jar;C:\Users\david\.m2\repository\org\eclipse\jetty\websocket\websocket-core-server\10.0.15\websocket-core-server-10.0.15.jar;C:\Users\david\.m2\repository\org\eclipse\jetty\toolchain\jetty-servlet-api\4.0.6\jetty-servlet-api-4.0.6.jar;C:\Users\david\.m2\repository\org\hamcrest\hamcrest\2.2\hamcrest-2.2.jar;C:\Users\david\.m2\repository\org\jenkins-ci\main\jenkins-test-harness-htmlunit\152.vb_7b_348664557\jenkins-test-harness-htmlunit-152.vb_7b_348664557.jar;C:\Users\david\.m2\repository\org\junit\jupiter\junit-jupiter-api\5.10.0\junit-jupiter-api-5.10.0.jar;C:\Users\david\.m2\repository\org\opentest4j\opentest4j\1.3.0\opentest4j-1.3.0.jar;C:\Users\david\.m2\repository\org\junit\platform\junit-platform-commons\1.10.0\junit-platform-commons-1.10.0.jar;C:\Users\david\.m2\repository\org\netbeans\modules\org-netbeans-insane\RELEASE180\org-netbeans-insane-RELEASE180.jar;C:\Users\david\.m2\repository\org\openjdk\jmh\jmh-core\1.36\jmh-core-1.36.jar;C:\Users\david\.m2\repository\net\sf\jopt-simple\jopt-simple\5.0.4\jopt-simple-5.0.4.jar;C:\Users\david\.m2\repository\org\apache\commons\commons-math3\3.2\commons-math3-3.2.jar;C:\Users\david\.m2\repository\org\openjdk\jmh\jmh-generator-annprocess\1.36\jmh-generator-annprocess-1.36.jar;C:\Users\david\.m2\repository\org\jenkins-ci\test-annotations\1.4\test-annotations-1.4.jar;C:\Users\david\.m2\repository\org\junit\jupiter\junit-jupiter\5.10.0\junit-jupiter-5.10.0.jar;C:\Users\david\.m2\repository\org\junit\jupiter\junit-jupiter-params\5.10.0\junit-jupiter-params-5.10.0.jar;C:\Users\david\.m2\repository\org\junit\jupiter\junit-jupiter-engine\5.10.0\junit-jupiter-engine-5.10.0.jar;C:\Users\david\.m2\repository\org\junit\vintage\junit-vintage-engine\5.10.0\junit-vintage-engine-5.10.0.jar;C:\Users\david\.m2\repository\org\junit\platform\junit-platform-engine\1.10.0\junit-platform-engine-1.10.0.jar;C:\Users\david\.m2\repository\org\apiguardian\apiguardian-api\1.1.2\apiguardian-api-1.1.2.jar;"/>
    <property name="java.vm.vendor" value="Oracle Corporation"/>
    <property name="sun.arch.data.model" value="64"/>
    <property name="user.variant" value=""/>
    <property name="java.vendor.url" value="https://java.oracle.com/"/>
    <property name="user.timezone" value="America/Sao_Paulo"/>
    <property name="os.name" value="Windows 11"/>
    <property name="java.vm.specification.version" value="21"/>
    <property name="user.country" value="ES"/>
    <property name="sun.java.launcher" value="SUN_STANDARD"/>
    <property name="sun.boot.library.path" value="C:\Program Files\Java\jdk-21\bin"/>
    <property name="sun.java.command" value="C:\Users\david\AppData\Local\Temp\surefire14558610035766272574\surefirebooter-20250207081601617_44.jar C:\Users\david\AppData\Local\Temp\surefire14558610035766272574 2025-02-07T08-15-59_383-jvmRun1 surefire-20250207081601617_42tmp surefire_4-20250207081601617_43tmp"/>
    <property name="jdk.debug" value="release"/>
    <property name="surefire.test.class.path" value="C:\Users\david\Desktop\david\logstash-plugin\target\test-classes;C:\Users\david\Desktop\david\logstash-plugin\target\classes;C:\Users\david\.m2\repository\org\jenkins-ci\plugins\apache-httpcomponents-client-4-api\4.5.14-150.v7a_b_9d17134a_5\apache-httpcomponents-client-4-api-4.5.14-150.v7a_b_9d17134a_5.jar;C:\Users\david\.m2\repository\org\apache\httpcomponents\httpcore\4.4.16\httpcore-4.4.16.jar;C:\Users\david\.m2\repository\org\apache\httpcomponents\httpcore-nio\4.4.16\httpcore-nio-4.4.16.jar;C:\Users\david\.m2\repository\org\apache\httpcomponents\httpclient\4.5.14\httpclient-4.5.14.jar;C:\Users\david\.m2\repository\org\apache\httpcomponents\httpmime\4.5.14\httpmime-4.5.14.jar;C:\Users\david\.m2\repository\org\apache\httpcomponents\fluent-hc\4.5.14\fluent-hc-4.5.14.jar;C:\Users\david\.m2\repository\org\apache\httpcomponents\httpclient-cache\4.5.14\httpclient-cache-4.5.14.jar;C:\Users\david\.m2\repository\org\apache\httpcomponents\httpasyncclient\4.1.5\httpasyncclient-4.1.5.jar;C:\Users\david\.m2\repository\org\apache\httpcomponents\httpasyncclient-cache\4.1.5\httpasyncclient-cache-4.1.5.jar;C:\Users\david\.m2\repository\redis\clients\jedis\2.6.0\jedis-2.6.0.jar;C:\Users\david\.m2\repository\org\apache\commons\commons-pool2\2.0\commons-pool2-2.0.jar;C:\Users\david\.m2\repository\com\rabbitmq\amqp-client\3.3.5\amqp-client-3.3.5.jar;C:\Users\david\.m2\repository\com\google\code\gson\gson\2.8.9\gson-2.8.9.jar;C:\Users\david\.m2\repository\com\cloudbees\syslog-java-client\1.0.6\syslog-java-client-1.0.6.jar;C:\Users\david\.m2\repository\org\jenkins-ci\plugins\junit\1217.v4297208a_a_b_ce\junit-1217.v4297208a_a_b_ce.jar;C:\Users\david\.m2\repository\io\jenkins\plugins\echarts-api\5.4.0-5\echarts-api-5.4.0-5.jar;C:\Users\david\.m2\repository\io\jenkins\plugins\font-awesome-api\6.4.0-2\font-awesome-api-6.4.0-2.jar;C:\Users\david\.m2\repository\io\jenkins\plugins\jquery3-api\3.7.0-1\jquery3-api-3.7.0-1.jar;C:\Users\david\.m2\repository\io\jenkins\plugins\ionicons-api\56.v1b_1c8c49374e\ionicons-api-56.v1b_1c8c49374e.jar;C:\Users\david\.m2\repository\io\jenkins\plugins\checks-api\2.0.0\checks-api-2.0.0.jar;C:\Users\david\.m2\repository\io\jenkins\plugins\commons-lang3-api\3.13.0-62.v7d18e55f51e2\commons-lang3-api-3.13.0-62.v7d18e55f51e2.jar;C:\Users\david\.m2\repository\org\apache\commons\commons-lang3\3.13.0\commons-lang3-3.13.0.jar;C:\Users\david\.m2\repository\io\jenkins\plugins\plugin-util-api\3.3.0\plugin-util-api-3.3.0.jar;C:\Users\david\.m2\repository\org\jenkins-ci\plugins\display-url-api\2.3.9\display-url-api-2.3.9.jar;C:\Users\david\.m2\repository\io\jenkins\plugins\bootstrap5-api\5.3.0-1\bootstrap5-api-5.3.0-1.jar;C:\Users\david\.m2\repository\org\jenkins-ci\plugins\workflow\workflow-api\1259.vb_47f14fffc8a_\workflow-api-1259.vb_47f14fffc8a_.jar;C:\Users\david\.m2\repository\org\jenkins-ci\plugins\jackson2-api\2.15.2-350.v0c2f3f8fc595\jackson2-api-2.15.2-350.v0c2f3f8fc595.jar;C:\Users\david\.m2\repository\com\fasterxml\jackson\core\jackson-databind\2.15.2\jackson-databind-2.15.2.jar;C:\Users\david\.m2\repository\com\fasterxml\jackson\datatype\jackson-datatype-jsr310\2.15.2\jackson-datatype-jsr310-2.15.2.jar;C:\Users\david\.m2\repository\com\fasterxml\jackson\datatype\jackson-datatype-jdk8\2.15.2\jackson-datatype-jdk8-2.15.2.jar;C:\Users\david\.m2\repository\com\fasterxml\jackson\datatype\jackson-datatype-json-org\2.15.2\jackson-datatype-json-org-2.15.2.jar;C:\Users\david\.m2\repository\com\fasterxml\jackson\module\jackson-module-parameter-names\2.15.2\jackson-module-parameter-names-2.15.2.jar;C:\Users\david\.m2\repository\com\fasterxml\jackson\core\jackson-core\2.15.2\jackson-core-2.15.2.jar;C:\Users\david\.m2\repository\com\fasterxml\jackson\core\jackson-annotations\2.15.2\jackson-annotations-2.15.2.jar;C:\Users\david\.m2\repository\com\fasterxml\jackson\module\jackson-module-jaxb-annotations\2.15.2\jackson-module-jaxb-annotations-2.15.2.jar;C:\Users\david\.m2\repository\com\fasterxml\jackson\dataformat\jackson-dataformat-cbor\2.15.2\jackson-dataformat-cbor-2.15.2.jar;C:\Users\david\.m2\repository\com\fasterxml\jackson\dataformat\jackson-dataformat-xml\2.15.2\jackson-dataformat-xml-2.15.2.jar;C:\Users\david\.m2\repository\org\codehaus\woodstox\stax2-api\4.2.1\stax2-api-4.2.1.jar;C:\Users\david\.m2\repository\com\fasterxml\woodstox\woodstox-core\6.5.1\woodstox-core-6.5.1.jar;C:\Users\david\.m2\repository\com\fasterxml\jackson\dataformat\jackson-dataformat-yaml\2.15.2\jackson-dataformat-yaml-2.15.2.jar;C:\Users\david\.m2\repository\io\jenkins\plugins\javax-activation-api\1.2.0-6\javax-activation-api-1.2.0-6.jar;C:\Users\david\.m2\repository\com\sun\activation\javax.activation\1.2.0\javax.activation-1.2.0.jar;C:\Users\david\.m2\repository\io\jenkins\plugins\jaxb\2.3.8-1\jaxb-2.3.8-1.jar;C:\Users\david\.m2\repository\com\sun\xml\bind\jaxb-impl\2.3.8\jaxb-impl-2.3.8.jar;C:\Users\david\.m2\repository\javax\xml\bind\jaxb-api\2.3.1\jaxb-api-2.3.1.jar;C:\Users\david\.m2\repository\org\jenkins-ci\plugins\credentials\1271.v54b_1c2c6388a_\credentials-1271.v54b_1c2c6388a_.jar;C:\Users\david\.m2\repository\org\jenkins-ci\plugins\structs\325.vcb_307d2a_2782\structs-325.vcb_307d2a_2782.jar;C:\Users\david\.m2\repository\org\jenkins-ci\plugins\workflow\workflow-step-api\639.v6eca_cd8c04a_a_\workflow-step-api-639.v6eca_cd8c04a_a_.jar;C:\Users\david\.m2\repository\org\jenkins-ci\plugins\pipeline-stage-step\305.ve96d0205c1c6\pipeline-stage-step-305.ve96d0205c1c6.jar;C:\Users\david\.m2\repository\org\jenkins-ci\plugins\workflow\workflow-durable-task-step\1284.v4fcd365b_75b_e\workflow-durable-task-step-1284.v4fcd365b_75b_e.jar;C:\Users\david\.m2\repository\org\jenkins-ci\plugins\durable-task\523.va_a_22cf15d5e0\durable-task-523.va_a_22cf15d5e0.jar;C:\Users\david\.m2\repository\io\jenkins\plugins\lib-durable-task\40.vc66cf8fb_4613\lib-durable-task-40.vc66cf8fb_4613.jar;C:\Users\david\.m2\repository\org\jenkins-ci\plugins\workflow\workflow-support\848.v5a_383b_d14921\workflow-support-848.v5a_383b_d14921.jar;C:\Users\david\.m2\repository\org\jboss\marshalling\jboss-marshalling-river\2.1.0.Final\jboss-marshalling-river-2.1.0.Final.jar;C:\Users\david\.m2\repository\org\jboss\marshalling\jboss-marshalling\2.1.0.Final\jboss-marshalling-2.1.0.Final.jar;C:\Users\david\.m2\repository\org\jenkins-ci\plugins\scm-api\676.v886669a_199a_a_\scm-api-676.v886669a_199a_a_.jar;C:\Users\david\.m2\repository\org\jenkins-ci\plugins\workflow\workflow-job\1326.ve643e00e9220\workflow-job-1326.ve643e00e9220.jar;C:\Users\david\.m2\repository\io\jenkins\configuration-as-code\1670.v564dc8b_982d0\configuration-as-code-1670.v564dc8b_982d0.jar;C:\Users\david\.m2\repository\com\google\code\findbugs\jsr305\3.0.1\jsr305-3.0.1.jar;C:\Users\david\.m2\repository\io\jenkins\plugins\caffeine-api\3.1.8-133.v17b_1ff2e0599\caffeine-api-3.1.8-133.v17b_1ff2e0599.jar;C:\Users\david\.m2\repository\com\github\ben-manes\caffeine\caffeine\3.1.8\caffeine-3.1.8.jar;C:\Users\david\.m2\repository\io\jenkins\plugins\commons-text-api\1.10.0-68.v0d0b_c439292b_\commons-text-api-1.10.0-68.v0d0b_c439292b_.jar;C:\Users\david\.m2\repository\org\apache\commons\commons-text\1.10.0\commons-text-1.10.0.jar;C:\Users\david\.m2\repository\io\jenkins\plugins\snakeyaml-api\1.33-95.va_b_a_e3e47b_fa_4\snakeyaml-api-1.33-95.va_b_a_e3e47b_fa_4.jar;C:\Users\david\.m2\repository\org\yaml\snakeyaml\1.33\snakeyaml-1.33.jar;C:\Users\david\.m2\repository\io\vavr\vavr\0.10.4\vavr-0.10.4.jar;C:\Users\david\.m2\repository\io\vavr\vavr-match\0.10.4\vavr-match-0.10.4.jar;C:\Users\david\.m2\repository\org\json\json\20230227\json-20230227.jar;C:\Users\david\.m2\repository\org\mockito\mockito-core\5.4.0\mockito-core-5.4.0.jar;C:\Users\david\.m2\repository\net\bytebuddy\byte-buddy\1.14.5\byte-buddy-1.14.5.jar;C:\Users\david\.m2\repository\net\bytebuddy\byte-buddy-agent\1.14.5\byte-buddy-agent-1.14.5.jar;C:\Users\david\.m2\repository\org\objenesis\objenesis\3.3\objenesis-3.3.jar;C:\Users\david\.m2\repository\org\awaitility\awaitility\4.0.3\awaitility-4.0.3.jar;C:\Users\david\.m2\repository\org\jenkins-ci\plugins\script-security\1269.v639888f5e366\script-security-1269.v639888f5e366.jar;C:\Users\david\.m2\repository\org\kohsuke\groovy-sandbox\1.33\groovy-sandbox-1.33.jar;C:\Users\david\.m2\repository\org\jenkins-ci\plugins\mask-passwords\2.13\mask-passwords-2.13.jar;C:\Users\david\.m2\repository\org\jenkins-ci\plugins\envinject\2.1.5\envinject-2.1.5.jar;C:\Users\david\.m2\repository\org\jenkins-ci\plugins\envinject-api\1.3\envinject-api-1.3.jar;C:\Users\david\.m2\repository\org\jenkins-ci\lib\envinject-lib\1.27\envinject-lib-1.27.jar;C:\Users\david\.m2\repository\org\jenkins-ci\plugins\matrix-project\808.v5a_b_5f56d6966\matrix-project-808.v5a_b_5f56d6966.jar;C:\Users\david\.m2\repository\org\jenkins-ci\plugins\ansicolor\1.0.3\ansicolor-1.0.3.jar;C:\Users\david\.m2\repository\org\jenkins-ci\plugins\workflow\workflow-cps\3769.v8b_e595e4d40d\workflow-cps-3769.v8b_e595e4d40d.jar;C:\Users\david\.m2\repository\com\cloudbees\groovy-cps\3769.v8b_e595e4d40d\groovy-cps-3769.v8b_e595e4d40d.jar;C:\Users\david\.m2\repository\com\cloudbees\diff4j\1.3\diff4j-1.3.jar;C:\Users\david\.m2\repository\org\jenkins-ci\plugins\workflow\workflow-basic-steps\1042.ve7b_140c4a_e0c\workflow-basic-steps-1042.ve7b_140c4a_e0c.jar;C:\Users\david\.m2\repository\org\jenkins-ci\plugins\mailer\463.vedf8358e006b_\mailer-463.vedf8358e006b_.jar;C:\Users\david\.m2\repository\org\jenkins-ci\modules\instance-identity\173.va_37c494ec4e5\instance-identity-173.va_37c494ec4e5.jar;C:\Users\david\.m2\repository\org\jenkins-ci\plugins\bouncycastle-api\2.29\bouncycastle-api-2.29.jar;C:\Users\david\.m2\repository\org\bouncycastle\bcpkix-jdk18on\1.75\bcpkix-jdk18on-1.75.jar;C:\Users\david\.m2\repository\org\bouncycastle\bcprov-jdk18on\1.75\bcprov-jdk18on-1.75.jar;C:\Users\david\.m2\repository\org\bouncycastle\bcutil-jdk18on\1.75\bcutil-jdk18on-1.75.jar;C:\Users\david\.m2\repository\io\jenkins\plugins\jakarta-mail-api\2.0.1-3\jakarta-mail-api-2.0.1-3.jar;C:\Users\david\.m2\repository\com\sun\mail\jakarta.mail\2.0.1\jakarta.mail-2.0.1.jar;C:\Users\david\.m2\repository\io\jenkins\plugins\jakarta-activation-api\2.0.1-3\jakarta-activation-api-2.0.1-3.jar;C:\Users\david\.m2\repository\com\sun\activation\jakarta.activation\2.0.1\jakarta.activation-2.0.1.jar;C:\Users\david\.m2\repository\org\jenkins-ci\plugins\workflow\workflow-scm-step\415.v434365564324\workflow-scm-step-415.v434365564324.jar;C:\Users\david\.m2\repository\org\jenkins-ci\main\jenkins-core\2.387.3\jenkins-core-2.387.3.jar;C:\Users\david\.m2\repository\org\jenkins-ci\main\cli\2.387.3\cli-2.387.3.jar;C:\Users\david\.m2\repository\org\jenkins-ci\main\remoting\3107.v665000b_51092\remoting-3107.v665000b_51092.jar;C:\Users\david\.m2\repository\args4j\args4j\2.33\args4j-2.33.jar;C:\Users\david\.m2\repository\com\github\spotbugs\spotbugs-annotations\4.7.3\spotbugs-annotations-4.7.3.jar;C:\Users\david\.m2\repository\com\google\guava\guava\31.1-jre\guava-31.1-jre.jar;C:\Users\david\.m2\repository\com\google\guava\failureaccess\1.0.1\failureaccess-1.0.1.jar;C:\Users\david\.m2\repository\com\google\guava\listenablefuture\9999.0-empty-to-avoid-conflict-with-guava\listenablefuture-9999.0-empty-to-avoid-conflict-with-guava.jar;C:\Users\david\.m2\repository\com\google\inject\guice\5.1.0\guice-5.1.0.jar;C:\Users\david\.m2\repository\javax\inject\javax.inject\1\javax.inject-1.jar;C:\Users\david\.m2\repository\com\infradna\tool\bridge-method-annotation\1.25\bridge-method-annotation-1.25.jar;C:\Users\david\.m2\repository\com\jcraft\jzlib\1.1.3-kohsuke-1\jzlib-1.1.3-kohsuke-1.jar;C:\Users\david\.m2\repository\com\sun\solaris\embedded_su4j\1.1\embedded_su4j-1.1.jar;C:\Users\david\.m2\repository\com\sun\xml\txw2\txw2\20110809\txw2-20110809.jar;C:\Users\david\.m2\repository\relaxngDatatype\relaxngDatatype\20020414\relaxngDatatype-20020414.jar;C:\Users\david\.m2\repository\com\thoughtworks\xstream\xstream\1.4.20\xstream-1.4.20.jar;C:\Users\david\.m2\repository\io\github\x-stream\mxparser\1.2.2\mxparser-1.2.2.jar;C:\Users\david\.m2\repository\commons-beanutils\commons-beanutils\1.9.4\commons-beanutils-1.9.4.jar;C:\Users\david\.m2\repository\commons-codec\commons-codec\1.15\commons-codec-1.15.jar;C:\Users\david\.m2\repository\commons-collections\commons-collections\3.2.2\commons-collections-3.2.2.jar;C:\Users\david\.m2\repository\commons-fileupload\commons-fileupload\1.5\commons-fileupload-1.5.jar;C:\Users\david\.m2\repository\commons-io\commons-io\2.11.0\commons-io-2.11.0.jar;C:\Users\david\.m2\repository\commons-jelly\commons-jelly-tags-fmt\1.0\commons-jelly-tags-fmt-1.0.jar;C:\Users\david\.m2\repository\commons-jelly\commons-jelly-tags-xml\1.1\commons-jelly-tags-xml-1.1.jar;C:\Users\david\.m2\repository\commons-lang\commons-lang\2.6\commons-lang-2.6.jar;C:\Users\david\.m2\repository\io\jenkins\stapler\jenkins-stapler-support\1.1\jenkins-stapler-support-1.1.jar;C:\Users\david\.m2\repository\jakarta\servlet\jsp\jstl\jakarta.servlet.jsp.jstl-api\1.2.7\jakarta.servlet.jsp.jstl-api-1.2.7.jar;C:\Users\david\.m2\repository\jaxen\jaxen\2.0.0\jaxen-2.0.0.jar;C:\Users\david\.m2\repository\jline\jline\2.14.6\jline-2.14.6.jar;C:\Users\david\.m2\repository\net\java\dev\jna\jna\5.12.1\jna-5.12.1.jar;C:\Users\david\.m2\repository\net\java\sezpoz\sezpoz\1.13\sezpoz-1.13.jar;C:\Users\david\.m2\repository\net\jcip\jcip-annotations\1.0\jcip-annotations-1.0.jar;C:\Users\david\.m2\repository\net\sf\kxml\kxml2\2.3.0\kxml2-2.3.0.jar;C:\Users\david\.m2\repository\org\antlr\antlr4-runtime\4.11.1\antlr4-runtime-4.11.1.jar;C:\Users\david\.m2\repository\org\apache\ant\ant\1.10.12\ant-1.10.12.jar;C:\Users\david\.m2\repository\org\apache\ant\ant-launcher\1.10.12\ant-launcher-1.10.12.jar;C:\Users\david\.m2\repository\org\apache\commons\commons-compress\1.22\commons-compress-1.22.jar;C:\Users\david\.m2\repository\org\codehaus\groovy\groovy-all\2.4.21\groovy-all-2.4.21.jar;C:\Users\david\.m2\repository\org\connectbot\jbcrypt\jbcrypt\1.0.0\jbcrypt-1.0.0.jar;C:\Users\david\.m2\repository\org\fusesource\jansi\jansi\1.11\jansi-1.11.jar;C:\Users\david\.m2\repository\org\jenkins-ci\annotation-indexer\1.17\annotation-indexer-1.17.jar;C:\Users\david\.m2\repository\org\jenkins-ci\commons-jexl\1.1-jenkins-20111212\commons-jexl-1.1-jenkins-20111212.jar;C:\Users\david\.m2\repository\org\jenkins-ci\crypto-util\1.8\crypto-util-1.8.jar;C:\Users\david\.m2\repository\org\jenkins-ci\memory-monitor\1.12\memory-monitor-1.12.jar;C:\Users\david\.m2\repository\org\jenkins-ci\symbol-annotation\1.24\symbol-annotation-1.24.jar;C:\Users\david\.m2\repository\org\jenkins-ci\task-reactor\1.8\task-reactor-1.8.jar;C:\Users\david\.m2\repository\org\jenkins-ci\version-number\1.11\version-number-1.11.jar;C:\Users\david\.m2\repository\org\jenkins-ci\main\websocket-spi\2.387.3\websocket-spi-2.387.3.jar;C:\Users\david\.m2\repository\org\jfree\jfreechart\1.0.19\jfreechart-1.0.19.jar;C:\Users\david\.m2\repository\org\jfree\jcommon\1.0.23\jcommon-1.0.23.jar;C:\Users\david\.m2\repository\org\jvnet\hudson\commons-jelly-tags-define\1.0.1-hudson-20071021\commons-jelly-tags-define-1.0.1-hudson-20071021.jar;C:\Users\david\.m2\repository\org\jvnet\localizer\localizer\1.31\localizer-1.31.jar;C:\Users\david\.m2\repository\org\jvnet\robust-http-client\robust-http-client\1.2\robust-http-client-1.2.jar;C:\Users\david\.m2\repository\org\jvnet\winp\winp\1.30\winp-1.30.jar;C:\Users\david\.m2\repository\org\kohsuke\access-modifier-annotation\1.30\access-modifier-annotation-1.30.jar;C:\Users\david\.m2\repository\org\kohsuke\windows-package-checker\1.2\windows-package-checker-1.2.jar;C:\Users\david\.m2\repository\org\kohsuke\jinterop\j-interop\2.0.8-kohsuke-1\j-interop-2.0.8-kohsuke-1.jar;C:\Users\david\.m2\repository\org\kohsuke\jinterop\j-interopdeps\2.0.8-kohsuke-1\j-interopdeps-2.0.8-kohsuke-1.jar;C:\Users\david\.m2\repository\org\samba\jcifs\jcifs\1.3.18-kohsuke-1\jcifs-1.3.18-kohsuke-1.jar;C:\Users\david\.m2\repository\org\kohsuke\stapler\json-lib\2.4-jenkins-3\json-lib-2.4-jenkins-3.jar;C:\Users\david\.m2\repository\net\sf\ezmorph\ezmorph\1.0.6\ezmorph-1.0.6.jar;C:\Users\david\.m2\repository\org\kohsuke\stapler\stapler\1756.1758.v13fcdc2c8c34\stapler-1756.1758.v13fcdc2c8c34.jar;C:\Users\david\.m2\repository\commons-discovery\commons-discovery\0.5\commons-discovery-0.5.jar;C:\Users\david\.m2\repository\jakarta\annotation\jakarta.annotation-api\2.1.1\jakarta.annotation-api-2.1.1.jar;C:\Users\david\.m2\repository\javax\annotation\javax.annotation-api\1.3.2\javax.annotation-api-1.3.2.jar;C:\Users\david\.m2\repository\org\jvnet\tiger-types\2.2\tiger-types-2.2.jar;C:\Users\david\.m2\repository\org\kohsuke\stapler\stapler-adjunct-codemirror\1.3\stapler-adjunct-codemirror-1.3.jar;C:\Users\david\.m2\repository\org\kohsuke\stapler\stapler-adjunct-timeline\1.5\stapler-adjunct-timeline-1.5.jar;C:\Users\david\.m2\repository\org\kohsuke\stapler\stapler-groovy\1756.1758.v13fcdc2c8c34\stapler-groovy-1756.1758.v13fcdc2c8c34.jar;C:\Users\david\.m2\repository\org\kohsuke\stapler\stapler-jelly\1756.1758.v13fcdc2c8c34\stapler-jelly-1756.1758.v13fcdc2c8c34.jar;C:\Users\david\.m2\repository\org\dom4j\dom4j\2.1.3\dom4j-2.1.3.jar;C:\Users\david\.m2\repository\org\jenkins-ci\commons-jelly\1.1-jenkins-20220630\commons-jelly-1.1-jenkins-20220630.jar;C:\Users\david\.m2\repository\org\ow2\asm\asm\9.4\asm-9.4.jar;C:\Users\david\.m2\repository\org\ow2\asm\asm-analysis\9.4\asm-analysis-9.4.jar;C:\Users\david\.m2\repository\org\ow2\asm\asm-commons\9.4\asm-commons-9.4.jar;C:\Users\david\.m2\repository\org\ow2\asm\asm-tree\9.4\asm-tree-9.4.jar;C:\Users\david\.m2\repository\org\ow2\asm\asm-util\9.4\asm-util-9.4.jar;C:\Users\david\.m2\repository\org\slf4j\jcl-over-slf4j\2.0.6\jcl-over-slf4j-2.0.6.jar;C:\Users\david\.m2\repository\org\slf4j\slf4j-api\2.0.6\slf4j-api-2.0.6.jar;C:\Users\david\.m2\repository\org\slf4j\log4j-over-slf4j\2.0.6\log4j-over-slf4j-2.0.6.jar;C:\Users\david\.m2\repository\org\springframework\security\spring-security-web\5.8.1\spring-security-web-5.8.1.jar;C:\Users\david\.m2\repository\org\springframework\security\spring-security-core\5.8.1\spring-security-core-5.8.1.jar;C:\Users\david\.m2\repository\org\springframework\security\spring-security-crypto\5.8.1\spring-security-crypto-5.8.1.jar;C:\Users\david\.m2\repository\org\springframework\spring-core\5.3.24\spring-core-5.3.24.jar;C:\Users\david\.m2\repository\org\springframework\spring-aop\5.3.24\spring-aop-5.3.24.jar;C:\Users\david\.m2\repository\org\springframework\spring-beans\5.3.24\spring-beans-5.3.24.jar;C:\Users\david\.m2\repository\org\springframework\spring-context\5.3.24\spring-context-5.3.24.jar;C:\Users\david\.m2\repository\org\springframework\spring-expression\5.3.24\spring-expression-5.3.24.jar;C:\Users\david\.m2\repository\org\springframework\spring-web\5.3.24\spring-web-5.3.24.jar;C:\Users\david\.m2\repository\xpp3\xpp3\1.1.4c\xpp3-1.1.4c.jar;C:\Users\david\.m2\repository\org\jenkins-ci\main\jenkins-war\2.387.3\jenkins-war-2.387.3.war;C:\Users\david\.m2\repository\org\jenkins-ci\main\websocket-jetty10\2.387.3\websocket-jetty10-2.387.3.jar;C:\Users\david\.m2\repository\org\kohsuke\metainf-services\metainf-services\1.9\metainf-services-1.9.jar;C:\Users\david\.m2\repository\org\jenkins-ci\main\websocket-jetty9\2.387.3\websocket-jetty9-2.387.3.jar;C:\Users\david\.m2\repository\org\slf4j\slf4j-jdk14\2.0.6\slf4j-jdk14-2.0.6.jar;C:\Users\david\.m2\repository\jakarta\servlet\jakarta.servlet-api\4.0.4\jakarta.servlet-api-4.0.4.jar;C:\Users\david\.m2\repository\commons-logging\commons-logging\1.2\commons-logging-1.2.jar;C:\Users\david\.m2\repository\org\jenkins-ci\main\jenkins-test-harness\2044.v03c87927ff5c\jenkins-test-harness-2044.v03c87927ff5c.jar;C:\Users\david\.m2\repository\io\jenkins\lib\support-log-formatter\1.2\support-log-formatter-1.2.jar;C:\Users\david\.m2\repository\junit\junit\4.13.2\junit-4.13.2.jar;C:\Users\david\.m2\repository\org\hamcrest\hamcrest-core\2.2\hamcrest-core-2.2.jar;C:\Users\david\.m2\repository\org\eclipse\jetty\jetty-security\10.0.15\jetty-security-10.0.15.jar;C:\Users\david\.m2\repository\org\eclipse\jetty\jetty-server\10.0.15\jetty-server-10.0.15.jar;C:\Users\david\.m2\repository\org\eclipse\jetty\jetty-http\10.0.15\jetty-http-10.0.15.jar;C:\Users\david\.m2\repository\org\eclipse\jetty\jetty-io\10.0.15\jetty-io-10.0.15.jar;C:\Users\david\.m2\repository\org\eclipse\jetty\jetty-webapp\10.0.15\jetty-webapp-10.0.15.jar;C:\Users\david\.m2\repository\org\eclipse\jetty\jetty-servlet\10.0.15\jetty-servlet-10.0.15.jar;C:\Users\david\.m2\repository\org\eclipse\jetty\jetty-xml\10.0.15\jetty-xml-10.0.15.jar;C:\Users\david\.m2\repository\org\eclipse\jetty\jetty-util\10.0.15\jetty-util-10.0.15.jar;C:\Users\david\.m2\repository\org\eclipse\jetty\websocket\websocket-jetty-server\10.0.15\websocket-jetty-server-10.0.15.jar;C:\Users\david\.m2\repository\org\eclipse\jetty\websocket\websocket-jetty-api\10.0.15\websocket-jetty-api-10.0.15.jar;C:\Users\david\.m2\repository\org\eclipse\jetty\websocket\websocket-jetty-common\10.0.15\websocket-jetty-common-10.0.15.jar;C:\Users\david\.m2\repository\org\eclipse\jetty\websocket\websocket-core-common\10.0.15\websocket-core-common-10.0.15.jar;C:\Users\david\.m2\repository\org\eclipse\jetty\websocket\websocket-servlet\10.0.15\websocket-servlet-10.0.15.jar;C:\Users\david\.m2\repository\org\eclipse\jetty\websocket\websocket-core-server\10.0.15\websocket-core-server-10.0.15.jar;C:\Users\david\.m2\repository\org\eclipse\jetty\toolchain\jetty-servlet-api\4.0.6\jetty-servlet-api-4.0.6.jar;C:\Users\david\.m2\repository\org\hamcrest\hamcrest\2.2\hamcrest-2.2.jar;C:\Users\david\.m2\repository\org\jenkins-ci\main\jenkins-test-harness-htmlunit\152.vb_7b_348664557\jenkins-test-harness-htmlunit-152.vb_7b_348664557.jar;C:\Users\david\.m2\repository\org\junit\jupiter\junit-jupiter-api\5.10.0\junit-jupiter-api-5.10.0.jar;C:\Users\david\.m2\repository\org\opentest4j\opentest4j\1.3.0\opentest4j-1.3.0.jar;C:\Users\david\.m2\repository\org\junit\platform\junit-platform-commons\1.10.0\junit-platform-commons-1.10.0.jar;C:\Users\david\.m2\repository\org\netbeans\modules\org-netbeans-insane\RELEASE180\org-netbeans-insane-RELEASE180.jar;C:\Users\david\.m2\repository\org\openjdk\jmh\jmh-core\1.36\jmh-core-1.36.jar;C:\Users\david\.m2\repository\net\sf\jopt-simple\jopt-simple\5.0.4\jopt-simple-5.0.4.jar;C:\Users\david\.m2\repository\org\apache\commons\commons-math3\3.2\commons-math3-3.2.jar;C:\Users\david\.m2\repository\org\openjdk\jmh\jmh-generator-annprocess\1.36\jmh-generator-annprocess-1.36.jar;C:\Users\david\.m2\repository\org\jenkins-ci\test-annotations\1.4\test-annotations-1.4.jar;C:\Users\david\.m2\repository\org\junit\jupiter\junit-jupiter\5.10.0\junit-jupiter-5.10.0.jar;C:\Users\david\.m2\repository\org\junit\jupiter\junit-jupiter-params\5.10.0\junit-jupiter-params-5.10.0.jar;C:\Users\david\.m2\repository\org\junit\jupiter\junit-jupiter-engine\5.10.0\junit-jupiter-engine-5.10.0.jar;C:\Users\david\.m2\repository\org\junit\vintage\junit-vintage-engine\5.10.0\junit-vintage-engine-5.10.0.jar;C:\Users\david\.m2\repository\org\junit\platform\junit-platform-engine\1.10.0\junit-platform-engine-1.10.0.jar;C:\Users\david\.m2\repository\org\apiguardian\apiguardian-api\1.1.2\apiguardian-api-1.1.2.jar;"/>
    <property name="sun.cpu.endian" value="little"/>
    <property name="mail.smtps.sendpartial" value="true"/>
    <property name="user.home" value="C:\Users\david"/>
    <property name="user.language" value="es"/>
    <property name="java.specification.vendor" value="Oracle Corporation"/>
    <property name="java.version.date" value="2024-04-16"/>
    <property name="java.home" value="C:\Program Files\Java\jdk-21"/>
    <property name="surefire.forkNumber" value="1"/>
    <property name="file.separator" value="\"/>
    <property name="basedir" value="C:\Users\david\Desktop\david\logstash-plugin"/>
    <property name="java.vm.compressedOopsMode" value="32-bit"/>
    <property name="line.separator" value="&#10;"/>
    <property name="java.vm.specification.vendor" value="Oracle Corporation"/>
    <property name="java.specification.name" value="Java Platform API Specification"/>
    <property name="java.awt.headless" value="true"/>
    <property name="org.eclipse.jetty.server.Request.maxFormContentSize" value="-1"/>
    <property name="surefire.real.class.path" value="C:\Users\david\AppData\Local\Temp\surefire14558610035766272574\surefirebooter-20250207081601617_44.jar"/>
    <property name="user.script" value=""/>
    <property name="sun.management.compiler" value="HotSpot 64-Bit Tiered Compilers"/>
    <property name="changelist.format" value="%d.v%s"/>
    <property name="java.runtime.version" value="21.0.3+7-LTS-152"/>
    <property name="user.name" value="david"/>
    <property name="stdout.encoding" value="Cp1252"/>
    <property name="path.separator" value=";"/>
    <property name="os.version" value="10.0"/>
    <property name="java.runtime.name" value="Java(TM) SE Runtime Environment"/>
    <property name="file.encoding" value="UTF-8"/>
    <property name="jnidispatch.path" value="C:\Users\david\Desktop\david\logstash-plugin\target\tmp\jna-95358580\jna16495362922785480529.dll"/>
    <property name="java.vm.name" value="Java HotSpot(TM) 64-Bit Server VM"/>
    <property name="mail.smtp.sendpartial" value="true"/>
    <property name="localRepository" value="C:\Users\david\.m2\repository"/>
    <property name="jna.loaded" value="true"/>
    <property name="java.vendor.url.bug" value="https://bugreport.java.com/bugreport/"/>
    <property name="jetty.git.hash" value="68017dbd00236bb7e187330d7585a059610f661d"/>
    <property name="java.io.tmpdir" value="C:\Users\david\Desktop\david\logstash-plugin\target/tmp"/>
    <property name="idea.version" value="2024.2.1"/>
    <property name="java.version" value="21.0.3"/>
    <property name="user.dir" value="C:\Users\david\Desktop\david\logstash-plugin"/>
    <property name="os.arch" value="amd64"/>
    <property name="jenkins.model.Jenkins.SHOW_STACK_TRACE" value="true"/>
    <property name="java.vm.specification.name" value="Java Virtual Machine Specification"/>
    <property name="sun.os.patch.level" value=""/>
    <property name="native.encoding" value="Cp1252"/>
    <property name="java.library.path" value="C:\Program Files\Java\jdk-21\bin;C:\WINDOWS\Sun\Java\bin;C:\WINDOWS\system32;C:\WINDOWS;C:\Users\david\miniconda3\condabin;C:\Program Files\Common Files\Oracle\Java\javapath;C:\Program Files\Java\jdk-21\bin;C:\Program Files\NVIDIA GPU Computing Toolkit\CUDA\v12.6\bin;C:\Program Files\NVIDIA GPU Computing Toolkit\CUDA\v12.6\libnvvp;C:\WINDOWS\system32;C:\WINDOWS;C:\WINDOWS\System32\Wbem;C:\WINDOWS\System32\WindowsPowerShell\v1.0\;C:\WINDOWS\System32\OpenSSH\;C:\Program Files (x86)\NVIDIA Corporation\PhysX\Common;C:\Program Files\Microsoft VS Code\bin;C:\Program Files\Go\bin;C:\ProgramData\chocolatey\bin;C:\Program Files\nodejs\;C:\Program Files\Docker\Docker\resources\bin;C:\Program Files\PowerShell\7\;C:\Program Files\NVIDIA Corporation\NVIDIA app\NvDLISR;C:\Program Files\PuTTY\;C:\Program Files\Git\cmd;C:\Users\david\AppData\Local\Programs\Python\Python312\Scripts\;C:\Users\david\AppData\Local\Programs\Python\Python312\;C:\Users\david\AppData\Local\Microsoft\WindowsApps;C:\Users\david\AppData\Local\Android\Sdk\platform-tools;C:\Users\david\go\bin;C:\Program Files\Go\bin;C:\Users\david\Desktop\go-stp\FreeCAD\bin;C:\Program Files\JetBrains\IntelliJ IDEA 2024.2.1\bin;;C:\Program Files (x86)\Nmap;C:\Users\david\AppData\Roaming\npm;C:\Users\david\AppData\Local\Microsoft\WinGet\Links;C:\Program Files\mitmproxy\bin;C:\Users\david\AppData\Local\Android\Sdk\build-tools\35.0.0;C:\Program Files\Java\jdk-21\bin;;."/>
    <property name="java.vm.info" value="mixed mode, emulated-client"/>
    <property name="stderr.encoding" value="Cp1252"/>
    <property name="java.vendor" value="Oracle Corporation"/>
    <property name="java.vm.version" value="21.0.3+7-LTS-152"/>
    <property name="sun.io.unicode.encoding" value="UnicodeLittle"/>
    <property name="java.class.version" value="65.0"/>
  </properties>
  <testcase name="redisIsProperlyConfigured" classname="jenkins.plugins.logstash.LogstashConfigurationTest" time="9.987">
    <system-out><![CDATA[=== Starting redisIsProperlyConfigured(jenkins.plugins.logstash.LogstashConfigurationTest)
]]></system-out>
    <system-err><![CDATA[   0.106 [id=28]	INFO	o.jvnet.hudson.test.WarExploder#explode: Picking up existing exploded jenkins.war at C:\Users\david\Desktop\david\logstash-plugin\target\jenkins-for-test
   0.407 [id=28]	INFO	o.jvnet.hudson.test.JenkinsRule#createWebServer: Running on http://localhost:16220/jenkins/
   0.752 [id=42]	INFO	jenkins.InitReactorRunner$1#onAttained: Started initialization
   3.141 [id=43]	INFO	hudson.PluginManager#considerDetachedPlugin: Loading a detached plugin as a dependency: C:\Users\david\AppData\Local\Temp\jenkins828882408101532536\plugins\command-launcher.jpi
   3.215 [id=43]	INFO	hudson.PluginManager#considerDetachedPlugin: Loading a detached plugin as a dependency: C:\Users\david\AppData\Local\Temp\jenkins828882408101532536\plugins\jdk-tool.jpi
   3.293 [id=43]	INFO	hudson.PluginManager#considerDetachedPlugin: Loading a detached plugin as a dependency: C:\Users\david\AppData\Local\Temp\jenkins828882408101532536\plugins\trilead-api.jpi
   3.441 [id=43]	INFO	hudson.PluginManager#considerDetachedPlugin: Loading a detached plugin as a dependency: C:\Users\david\AppData\Local\Temp\jenkins828882408101532536\plugins\mina-sshd-api-common.jpi
   3.546 [id=43]	INFO	hudson.PluginManager#considerDetachedPlugin: Loading a detached plugin as a dependency: C:\Users\david\AppData\Local\Temp\jenkins828882408101532536\plugins\javax-mail-api.jpi
   3.593 [id=43]	INFO	hudson.PluginManager#considerDetachedPlugin: Loading a detached plugin as a dependency: C:\Users\david\AppData\Local\Temp\jenkins828882408101532536\plugins\mina-sshd-api-core.jpi
   3.645 [id=43]	INFO	hudson.PluginManager#considerDetachedPlugin: Loading a detached plugin as a dependency: C:\Users\david\AppData\Local\Temp\jenkins828882408101532536\plugins\sshd.jpi
   4.932 [id=46]	INFO	jenkins.InitReactorRunner$1#onAttained: Listed all plugins
   4.938 [id=43]	INFO	j.b.api.BouncyCastlePlugin#start: C:\Users\david\Desktop\david\logstash-plugin\target\tmp\j h8884152501028675917\plugins\bouncycastle-api\WEB-INF\optional-lib not found; for non RealJenkinsRule this is fine and can be ignored.
   5.153 [id=41]	INFO	j.plugins.logstash.PluginImpl#start: Logstash: a logstash agent to send jenkins logs to a logstash indexer.
   6.391 [id=47]	INFO	jenkins.InitReactorRunner$1#onAttained: Prepared all plugins
   6.405 [id=42]	INFO	jenkins.InitReactorRunner$1#onAttained: Started all plugins
   6.407 [id=43]	INFO	jenkins.InitReactorRunner$1#onAttained: Augmented all extensions
   8.991 [id=43]	INFO	jenkins.InitReactorRunner$1#onAttained: System config loaded
   9.063 [id=43]	INFO	jenkins.InitReactorRunner$1#onAttained: System config adapted
   9.063 [id=47]	INFO	jenkins.InitReactorRunner$1#onAttained: Loaded all jobs
   9.064 [id=43]	INFO	jenkins.InitReactorRunner$1#onAttained: Configuration for all jobs updated
   9.233 [id=43]	INFO	jenkins.InitReactorRunner$1#onAttained: Completed initialization
   9.353 [id=28]	INFO	hudson.lifecycle.Lifecycle#onStatusUpdate: Stopping Jenkins
   9.398 [id=28]	INFO	hudson.lifecycle.Lifecycle#onStatusUpdate: Jenkins stopped
   9.446 [id=28]	INFO	o.j.h.t.TemporaryDirectoryAllocator#dispose: deleting C:\Users\david\Desktop\david\logstash-plugin\target\tmp\j h8884152501028675917
]]></system-err>
  </testcase>
  <testcase name="syslogIsProperlyConfigured" classname="jenkins.plugins.logstash.LogstashConfigurationTest" time="1.258">
    <system-out><![CDATA[=== Starting syslogIsProperlyConfigured(jenkins.plugins.logstash.LogstashConfigurationTest)
]]></system-out>
    <system-err><![CDATA[   0.018 [id=77]	INFO	o.jvnet.hudson.test.JenkinsRule#createWebServer: Running on http://localhost:16224/jenkins/
   0.098 [id=90]	INFO	jenkins.InitReactorRunner$1#onAttained: Started initialization
   0.099 [id=96]	INFO	jenkins.InitReactorRunner$1#onAttained: Listed all plugins
   0.101 [id=93]	INFO	j.b.api.BouncyCastlePlugin#start: C:\Users\david\Desktop\david\logstash-plugin\target\tmp\j h13702876679054592374\plugins\bouncycastle-api\WEB-INF\optional-lib not found; for non RealJenkinsRule this is fine and can be ignored.
   0.115 [id=90]	INFO	j.plugins.logstash.PluginImpl#start: Logstash: a logstash agent to send jenkins logs to a logstash indexer.
   0.247 [id=91]	INFO	jenkins.InitReactorRunner$1#onAttained: Prepared all plugins
   0.250 [id=95]	INFO	jenkins.InitReactorRunner$1#onAttained: Started all plugins
   0.251 [id=89]	INFO	jenkins.InitReactorRunner$1#onAttained: Augmented all extensions
   1.114 [id=93]	INFO	jenkins.InitReactorRunner$1#onAttained: System config loaded
   1.137 [id=93]	INFO	jenkins.InitReactorRunner$1#onAttained: System config adapted
   1.138 [id=93]	INFO	jenkins.InitReactorRunner$1#onAttained: Loaded all jobs
   1.139 [id=89]	INFO	jenkins.InitReactorRunner$1#onAttained: Configuration for all jobs updated
   1.164 [id=93]	INFO	jenkins.InitReactorRunner$1#onAttained: Completed initialization
   1.190 [id=77]	INFO	hudson.lifecycle.Lifecycle#onStatusUpdate: Stopping Jenkins
   1.202 [id=77]	INFO	hudson.lifecycle.Lifecycle#onStatusUpdate: Jenkins stopped
   1.241 [id=77]	INFO	o.j.h.t.TemporaryDirectoryAllocator#dispose: deleting C:\Users\david\Desktop\david\logstash-plugin\target\tmp\j h13702876679054592374
]]></system-err>
  </testcase>
  <testcase name="rabbitMqIsProperlyConfigured" classname="jenkins.plugins.logstash.LogstashConfigurationTest" time="0.824">
    <system-out><![CDATA[=== Starting rabbitMqIsProperlyConfigured(jenkins.plugins.logstash.LogstashConfigurationTest)
]]></system-out>
    <system-err><![CDATA[   0.014 [id=114]	INFO	o.jvnet.hudson.test.JenkinsRule#createWebServer: Running on http://localhost:16227/jenkins/
   0.094 [id=127]	INFO	jenkins.InitReactorRunner$1#onAttained: Started initialization
   0.096 [id=133]	INFO	jenkins.InitReactorRunner$1#onAttained: Listed all plugins
   0.097 [id=131]	INFO	j.b.api.BouncyCastlePlugin#start: C:\Users\david\Desktop\david\logstash-plugin\target\tmp\j h1631859633833023601\plugins\bouncycastle-api\WEB-INF\optional-lib not found; for non RealJenkinsRule this is fine and can be ignored.
   0.109 [id=132]	INFO	j.plugins.logstash.PluginImpl#start: Logstash: a logstash agent to send jenkins logs to a logstash indexer.
   0.237 [id=126]	INFO	jenkins.InitReactorRunner$1#onAttained: Prepared all plugins
   0.238 [id=132]	INFO	jenkins.InitReactorRunner$1#onAttained: Started all plugins
   0.240 [id=132]	INFO	jenkins.InitReactorRunner$1#onAttained: Augmented all extensions
   0.687 [id=132]	INFO	jenkins.InitReactorRunner$1#onAttained: System config loaded
   0.699 [id=130]	INFO	jenkins.InitReactorRunner$1#onAttained: System config adapted
   0.699 [id=132]	INFO	jenkins.InitReactorRunner$1#onAttained: Loaded all jobs
   0.701 [id=130]	INFO	jenkins.InitReactorRunner$1#onAttained: Configuration for all jobs updated
   0.729 [id=133]	INFO	jenkins.InitReactorRunner$1#onAttained: Completed initialization
   0.758 [id=114]	INFO	hudson.lifecycle.Lifecycle#onStatusUpdate: Stopping Jenkins
   0.770 [id=114]	INFO	hudson.lifecycle.Lifecycle#onStatusUpdate: Jenkins stopped
   0.807 [id=114]	INFO	o.j.h.t.TemporaryDirectoryAllocator#dispose: deleting C:\Users\david\Desktop\david\logstash-plugin\target\tmp\j h1631859633833023601
]]></system-err>
  </testcase>
  <testcase name="elasticSearchIsProperlyConfigured" classname="jenkins.plugins.logstash.LogstashConfigurationTest" time="1.961">
    <system-out><![CDATA[=== Starting elasticSearchIsProperlyConfigured(jenkins.plugins.logstash.LogstashConfigurationTest)
]]></system-out>
    <system-err><![CDATA[   0.015 [id=151]	INFO	o.jvnet.hudson.test.JenkinsRule#createWebServer: Running on http://localhost:16230/jenkins/
   0.093 [id=164]	INFO	jenkins.InitReactorRunner$1#onAttained: Started initialization
   0.093 [id=165]	INFO	jenkins.InitReactorRunner$1#onAttained: Listed all plugins
   0.095 [id=165]	INFO	j.b.api.BouncyCastlePlugin#start: C:\Users\david\Desktop\david\logstash-plugin\target\tmp\j h4328100127085318725\plugins\bouncycastle-api\WEB-INF\optional-lib not found; for non RealJenkinsRule this is fine and can be ignored.
   0.106 [id=163]	INFO	j.plugins.logstash.PluginImpl#start: Logstash: a logstash agent to send jenkins logs to a logstash indexer.
   0.229 [id=164]	INFO	jenkins.InitReactorRunner$1#onAttained: Prepared all plugins
   0.231 [id=164]	INFO	jenkins.InitReactorRunner$1#onAttained: Started all plugins
   0.232 [id=165]	INFO	jenkins.InitReactorRunner$1#onAttained: Augmented all extensions
   1.824 [id=168]	INFO	jenkins.InitReactorRunner$1#onAttained: System config loaded
   1.835 [id=168]	INFO	jenkins.InitReactorRunner$1#onAttained: System config adapted
   1.836 [id=170]	INFO	jenkins.InitReactorRunner$1#onAttained: Loaded all jobs
   1.837 [id=164]	INFO	jenkins.InitReactorRunner$1#onAttained: Configuration for all jobs updated
   1.866 [id=165]	INFO	jenkins.InitReactorRunner$1#onAttained: Completed initialization
   1.894 [id=151]	INFO	hudson.lifecycle.Lifecycle#onStatusUpdate: Stopping Jenkins
   1.905 [id=151]	INFO	hudson.lifecycle.Lifecycle#onStatusUpdate: Jenkins stopped
   1.943 [id=151]	INFO	o.j.h.t.TemporaryDirectoryAllocator#dispose: deleting C:\Users\david\Desktop\david\logstash-plugin\target\tmp\j h4328100127085318725
]]></system-err>
  </testcase>
  <testcase name="jenkinsInitialConfigurationCanBeSaved" classname="jenkins.plugins.logstash.LogstashConfigurationTest" time="16.827">
    <system-out><![CDATA[=== Starting jenkinsInitialConfigurationCanBeSaved(jenkins.plugins.logstash.LogstashConfigurationTest)
]]></system-out>
    <system-err><![CDATA[   0.013 [id=188]	INFO	o.jvnet.hudson.test.JenkinsRule#createWebServer: Running on http://localhost:16233/jenkins/
   0.093 [id=201]	INFO	jenkins.InitReactorRunner$1#onAttained: Started initialization
   0.094 [id=200]	INFO	jenkins.InitReactorRunner$1#onAttained: Listed all plugins
   0.095 [id=205]	INFO	j.b.api.BouncyCastlePlugin#start: C:\Users\david\Desktop\david\logstash-plugin\target\tmp\j h17275337850903497631\plugins\bouncycastle-api\WEB-INF\optional-lib not found; for non RealJenkinsRule this is fine and can be ignored.
   0.106 [id=200]	INFO	j.plugins.logstash.PluginImpl#start: Logstash: a logstash agent to send jenkins logs to a logstash indexer.
   0.231 [id=206]	INFO	jenkins.InitReactorRunner$1#onAttained: Prepared all plugins
   0.232 [id=207]	INFO	jenkins.InitReactorRunner$1#onAttained: Started all plugins
   0.233 [id=207]	INFO	jenkins.InitReactorRunner$1#onAttained: Augmented all extensions
   1.373 [id=203]	INFO	jenkins.InitReactorRunner$1#onAttained: System config loaded
   1.384 [id=202]	INFO	jenkins.InitReactorRunner$1#onAttained: System config adapted
   1.384 [id=206]	INFO	jenkins.InitReactorRunner$1#onAttained: Loaded all jobs
   1.385 [id=202]	INFO	jenkins.InitReactorRunner$1#onAttained: Configuration for all jobs updated
   1.420 [id=206]	INFO	jenkins.InitReactorRunner$1#onAttained: Completed initialization
   5.327 [id=194]	WARNING	c.m.c.h.p.m.MaskPasswordsConfig#load: Unable to load Mask Passwords plugin configuration from com.michelin.cio.hudson.plugins.maskpasswords.MaskPasswordsConfig.xml
java.nio.file.NoSuchFileException: C:\Users\david\Desktop\david\logstash-plugin\target\tmp\j h17275337850903497631\com.michelin.cio.hudson.plugins.maskpasswords.MaskPasswordsConfig.xml
	at java.base/sun.nio.fs.WindowsException.translateToIOException(WindowsException.java:85)
	at java.base/sun.nio.fs.WindowsException.rethrowAsIOException(WindowsException.java:103)
	at java.base/sun.nio.fs.WindowsException.rethrowAsIOException(WindowsException.java:108)
	at java.base/sun.nio.fs.WindowsFileSystemProvider.newByteChannel(WindowsFileSystemProvider.java:234)
	at java.base/java.nio.file.Files.newByteChannel(Files.java:379)
	at java.base/java.nio.file.Files.newByteChannel(Files.java:431)
	at java.base/java.nio.file.spi.FileSystemProvider.newInputStream(FileSystemProvider.java:420)
	at java.base/java.nio.file.Files.newInputStream(Files.java:159)
	at hudson.XmlFile.read(XmlFile.java:164)
	at com.michelin.cio.hudson.plugins.maskpasswords.MaskPasswordsConfig.load(MaskPasswordsConfig.java:480)
	at com.michelin.cio.hudson.plugins.maskpasswords.MaskPasswordsConfig.getInstance(MaskPasswordsConfig.java:221)
	at com.michelin.cio.hudson.plugins.maskpasswords.MaskPasswordsBuildWrapper$DescriptorImpl.getConfig(MaskPasswordsBuildWrapper.java:420)
	at java.base/jdk.internal.reflect.DirectMethodHandleAccessor.invoke(DirectMethodHandleAccessor.java:103)
	at java.base/java.lang.reflect.Method.invoke(Method.java:580)
	at org.apache.commons.jexl.util.PropertyExecutor.execute(PropertyExecutor.java:125)
	at org.apache.commons.jexl.util.introspection.UberspectImpl$VelGetterImpl.invoke(UberspectImpl.java:314)
	at org.apache.commons.jexl.parser.ASTArrayAccess.evaluateExpr(ASTArrayAccess.java:185)
	at org.apache.commons.jexl.parser.ASTIdentifier.execute(ASTIdentifier.java:75)
	at org.apache.commons.jexl.parser.ASTReference.execute(ASTReference.java:83)
	at org.apache.commons.jexl.parser.ASTReference.value(ASTReference.java:57)
	at org.apache.commons.jexl.parser.ASTReferenceExpression.value(ASTReferenceExpression.java:51)
	at org.apache.commons.jexl.ExpressionImpl.evaluate(ExpressionImpl.java:80)
	at hudson.ExpressionFactory2$JexlExpression.evaluate(ExpressionFactory2.java:76)
	at org.kohsuke.stapler.jelly.CallTagLibScript.run(CallTagLibScript.java:58)
	at org.kohsuke.stapler.jelly.CallTagLibScript$1.run(CallTagLibScript.java:101)
	at org.apache.commons.jelly.tags.define.InvokeBodyTag.doTag(InvokeBodyTag.java:91)
	at org.apache.commons.jelly.impl.TagScript.run(TagScript.java:265)
	at org.kohsuke.stapler.jelly.ReallyStaticTagLibrary$1.run(ReallyStaticTagLibrary.java:101)
	at org.apache.commons.jelly.impl.ScriptBlock.run(ScriptBlock.java:95)
	at org.apache.commons.jelly.TagSupport.invokeBody(TagSupport.java:161)
	at org.apache.commons.jelly.tags.core.WhenTag.doTag(WhenTag.java:46)
	at org.apache.commons.jelly.impl.TagScript.run(TagScript.java:265)
	at org.apache.commons.jelly.impl.ScriptBlock.run(ScriptBlock.java:95)
	at org.apache.commons.jelly.TagSupport.invokeBody(TagSupport.java:161)
	at org.apache.commons.jelly.tags.core.ChooseTag.doTag(ChooseTag.java:38)
	at org.apache.commons.jelly.impl.TagScript.run(TagScript.java:265)
	at org.kohsuke.stapler.jelly.ReallyStaticTagLibrary$1.run(ReallyStaticTagLibrary.java:101)
	at org.apache.commons.jelly.impl.ScriptBlock.run(ScriptBlock.java:95)
	at org.apache.commons.jelly.tags.core.CoreTagLibrary$2.run(CoreTagLibrary.java:105)
	at org.kohsuke.stapler.jelly.CallTagLibScript.run(CallTagLibScript.java:122)
	at org.kohsuke.stapler.jelly.CallTagLibScript$1.run(CallTagLibScript.java:101)
	at org.apache.commons.jelly.tags.define.InvokeBodyTag.doTag(InvokeBodyTag.java:91)
	at org.apache.commons.jelly.impl.TagScript.run(TagScript.java:265)
	at org.apache.commons.jelly.impl.ScriptBlock.run(ScriptBlock.java:95)
	at org.kohsuke.stapler.jelly.ReallyStaticTagLibrary$1.run(ReallyStaticTagLibrary.java:101)
	at org.kohsuke.stapler.jelly.CallTagLibScript$1.run(CallTagLibScript.java:101)
	at org.apache.commons.jelly.tags.define.InvokeBodyTag.doTag(InvokeBodyTag.java:91)
	at org.apache.commons.jelly.impl.TagScript.run(TagScript.java:265)
	at org.apache.commons.jelly.impl.TagScript.getBodyText(TagScript.java:761)
	at org.apache.commons.jelly.tags.core.CoreTagLibrary$3.run(CoreTagLibrary.java:141)
	at org.apache.commons.jelly.impl.ScriptBlock.run(ScriptBlock.java:95)
	at org.apache.commons.jelly.tags.core.CoreTagLibrary$2.run(CoreTagLibrary.java:105)
	at org.kohsuke.stapler.jelly.CallTagLibScript.run(CallTagLibScript.java:122)
	at org.apache.commons.jelly.impl.ScriptBlock.run(ScriptBlock.java:95)
	at org.apache.commons.jelly.tags.core.CoreTagLibrary$2.run(CoreTagLibrary.java:105)
	at org.kohsuke.stapler.jelly.CallTagLibScript.run(CallTagLibScript.java:122)
	at org.apache.commons.jelly.impl.ScriptBlock.run(ScriptBlock.java:95)
	at org.apache.commons.jelly.tags.core.CoreTagLibrary$2.run(CoreTagLibrary.java:105)
	at org.kohsuke.stapler.jelly.JellyViewScript.run(JellyViewScript.java:99)
	at org.kohsuke.stapler.jelly.IncludeTag.doTag(IncludeTag.java:172)
	at org.apache.commons.jelly.impl.TagScript.run(TagScript.java:265)
	at org.kohsuke.stapler.jelly.CallTagLibScript$1.run(CallTagLibScript.java:101)
	at org.apache.commons.jelly.tags.define.InvokeBodyTag.doTag(InvokeBodyTag.java:91)
	at org.apache.commons.jelly.impl.TagScript.run(TagScript.java:265)
	at org.apache.commons.jelly.impl.TagScript.getBodyText(TagScript.java:761)
	at org.apache.commons.jelly.tags.core.CoreTagLibrary$3.run(CoreTagLibrary.java:141)
	at org.apache.commons.jelly.impl.ScriptBlock.run(ScriptBlock.java:95)
	at org.apache.commons.jelly.tags.core.CoreTagLibrary$2.run(CoreTagLibrary.java:105)
	at org.kohsuke.stapler.jelly.CallTagLibScript.run(CallTagLibScript.java:122)
	at org.apache.commons.jelly.impl.ScriptBlock.run(ScriptBlock.java:95)
	at org.apache.commons.jelly.TagSupport.invokeBody(TagSupport.java:161)
	at org.apache.commons.jelly.tags.core.ForEachTag.doTag(ForEachTag.java:150)
	at org.apache.commons.jelly.impl.TagScript.run(TagScript.java:265)
	at org.apache.commons.jelly.impl.ScriptBlock.run(ScriptBlock.java:95)
	at org.kohsuke.stapler.jelly.CallTagLibScript$1.run(CallTagLibScript.java:101)
	at org.apache.commons.jelly.tags.define.InvokeBodyTag.doTag(InvokeBodyTag.java:91)
	at org.apache.commons.jelly.impl.TagScript.run(TagScript.java:265)
	at org.kohsuke.stapler.jelly.ReallyStaticTagLibrary$1.run(ReallyStaticTagLibrary.java:101)
	at org.kohsuke.stapler.jelly.ReallyStaticTagLibrary$1.run(ReallyStaticTagLibrary.java:101)
	at org.apache.commons.jelly.impl.ScriptBlock.run(ScriptBlock.java:95)
	at org.apache.commons.jelly.tags.core.CoreTagLibrary$2.run(CoreTagLibrary.java:105)
	at org.kohsuke.stapler.jelly.CallTagLibScript.run(CallTagLibScript.java:122)
	at org.apache.commons.jelly.impl.ScriptBlock.run(ScriptBlock.java:95)
	at org.kohsuke.stapler.jelly.CallTagLibScript$1.run(CallTagLibScript.java:101)
	at org.apache.commons.jelly.tags.define.InvokeBodyTag.doTag(InvokeBodyTag.java:91)
	at org.apache.commons.jelly.impl.TagScript.run(TagScript.java:265)
	at org.apache.commons.jelly.impl.ScriptBlock.run(ScriptBlock.java:95)
	at org.apache.commons.jelly.tags.core.CoreTagLibrary$1.run(CoreTagLibrary.java:98)
	at org.apache.commons.jelly.impl.ScriptBlock.run(ScriptBlock.java:95)
	at org.apache.commons.jelly.tags.core.CoreTagLibrary$2.run(CoreTagLibrary.java:105)
	at org.kohsuke.stapler.jelly.CallTagLibScript.run(CallTagLibScript.java:122)
	at org.apache.commons.jelly.impl.ScriptBlock.run(ScriptBlock.java:95)
	at org.kohsuke.stapler.jelly.CallTagLibScript$1.run(CallTagLibScript.java:101)
	at org.apache.commons.jelly.tags.define.InvokeBodyTag.doTag(InvokeBodyTag.java:91)
	at org.apache.commons.jelly.impl.TagScript.run(TagScript.java:265)
	at org.apache.commons.jelly.impl.ScriptBlock.run(ScriptBlock.java:95)
	at org.kohsuke.stapler.jelly.ReallyStaticTagLibrary$1.run(ReallyStaticTagLibrary.java:101)
	at org.apache.commons.jelly.impl.ScriptBlock.run(ScriptBlock.java:95)
	at org.kohsuke.stapler.jelly.ReallyStaticTagLibrary$1.run(ReallyStaticTagLibrary.java:101)
	at org.apache.commons.jelly.impl.ScriptBlock.run(ScriptBlock.java:95)
	at org.kohsuke.stapler.jelly.ReallyStaticTagLibrary$1.run(ReallyStaticTagLibrary.java:101)
	at org.apache.commons.jelly.impl.ScriptBlock.run(ScriptBlock.java:95)
	at org.kohsuke.stapler.jelly.ReallyStaticTagLibrary$1.run(ReallyStaticTagLibrary.java:101)
	at org.apache.commons.jelly.impl.ScriptBlock.run(ScriptBlock.java:95)
	at org.kohsuke.stapler.jelly.CallTagLibScript$1.run(CallTagLibScript.java:101)
	at org.apache.commons.jelly.tags.define.InvokeBodyTag.doTag(InvokeBodyTag.java:91)
	at org.apache.commons.jelly.impl.TagScript.run(TagScript.java:265)
	at org.apache.commons.jelly.impl.ScriptBlock.run(ScriptBlock.java:95)
	at org.apache.commons.jelly.tags.core.CoreTagLibrary$2.run(CoreTagLibrary.java:105)
	at org.kohsuke.stapler.jelly.CallTagLibScript.run(CallTagLibScript.java:122)
	at org.apache.commons.jelly.impl.ScriptBlock.run(ScriptBlock.java:95)
	at org.apache.commons.jelly.tags.core.CoreTagLibrary$2.run(CoreTagLibrary.java:105)
	at org.kohsuke.stapler.jelly.CallTagLibScript.run(CallTagLibScript.java:122)
	at org.apache.commons.jelly.tags.core.CoreTagLibrary$2.run(CoreTagLibrary.java:105)
	at org.kohsuke.stapler.jelly.JellyViewScript.run(JellyViewScript.java:99)
	at org.kohsuke.stapler.jelly.DefaultScriptInvoker.invokeScript(DefaultScriptInvoker.java:66)
	at org.kohsuke.stapler.jelly.DefaultScriptInvoker.invokeScript(DefaultScriptInvoker.java:55)
	at org.kohsuke.stapler.jelly.ScriptInvoker.execute(ScriptInvoker.java:56)
	at org.kohsuke.stapler.jelly.ScriptInvoker.execute(ScriptInvoker.java:43)
	at org.kohsuke.stapler.Facet$1.dispatch(Facet.java:240)
	at org.kohsuke.stapler.Stapler.tryInvoke(Stapler.java:770)
	at org.kohsuke.stapler.Stapler.invoke(Stapler.java:900)
	at org.kohsuke.stapler.Stapler.invoke(Stapler.java:698)
	at org.kohsuke.stapler.Stapler.service(Stapler.java:248)
	at javax.servlet.http.HttpServlet.service(HttpServlet.java:584)
	at org.eclipse.jetty.servlet.ServletHolder.handle(ServletHolder.java:764)
	at org.eclipse.jetty.servlet.ServletHandler$ChainEnd.doFilter(ServletHandler.java:1665)
	at hudson.util.PluginServletFilter$1.doFilter(PluginServletFilter.java:157)
	at jenkins.telemetry.impl.UserLanguages$AcceptLanguageFilter.doFilter(UserLanguages.java:129)
	at hudson.util.PluginServletFilter$1.doFilter(PluginServletFilter.java:154)
	at jenkins.security.ResourceDomainFilter.doFilter(ResourceDomainFilter.java:81)
	at hudson.util.PluginServletFilter$1.doFilter(PluginServletFilter.java:154)
	at hudson.util.PluginServletFilter.doFilter(PluginServletFilter.java:160)
	at org.eclipse.jetty.servlet.FilterHolder.doFilter(FilterHolder.java:202)
	at org.eclipse.jetty.servlet.ServletHandler$Chain.doFilter(ServletHandler.java:1635)
	at hudson.security.csrf.CrumbFilter.doFilter(CrumbFilter.java:160)
	at org.eclipse.jetty.servlet.FilterHolder.doFilter(FilterHolder.java:202)
	at org.eclipse.jetty.servlet.ServletHandler$Chain.doFilter(ServletHandler.java:1635)
	at hudson.security.ChainedServletFilter$1.doFilter(ChainedServletFilter.java:94)
	at hudson.security.ChainedServletFilter.doFilter(ChainedServletFilter.java:111)
	at hudson.security.HudsonFilter.doFilter(HudsonFilter.java:172)
	at org.eclipse.jetty.servlet.FilterHolder.doFilter(FilterHolder.java:202)
	at org.eclipse.jetty.servlet.ServletHandler$Chain.doFilter(ServletHandler.java:1635)
	at org.kohsuke.stapler.compression.CompressionFilter.doFilter(CompressionFilter.java:53)
	at org.eclipse.jetty.servlet.FilterHolder.doFilter(FilterHolder.java:202)
	at org.eclipse.jetty.servlet.ServletHandler$Chain.doFilter(ServletHandler.java:1635)
	at hudson.util.CharacterEncodingFilter.doFilter(CharacterEncodingFilter.java:86)
	at org.eclipse.jetty.servlet.FilterHolder.doFilter(FilterHolder.java:202)
	at org.eclipse.jetty.servlet.ServletHandler$Chain.doFilter(ServletHandler.java:1635)
	at org.kohsuke.stapler.DiagnosticThreadNameFilter.doFilter(DiagnosticThreadNameFilter.java:30)
	at org.eclipse.jetty.servlet.FilterHolder.doFilter(FilterHolder.java:202)
	at org.eclipse.jetty.servlet.ServletHandler$Chain.doFilter(ServletHandler.java:1635)
	at jenkins.security.SuspiciousRequestFilter.doFilter(SuspiciousRequestFilter.java:38)
	at org.eclipse.jetty.servlet.FilterHolder.doFilter(FilterHolder.java:202)
	at org.eclipse.jetty.servlet.ServletHandler$Chain.doFilter(ServletHandler.java:1635)
	at org.eclipse.jetty.servlet.ServletHandler.doHandle(ServletHandler.java:527)
	at org.eclipse.jetty.server.handler.ScopedHandler.handle(ScopedHandler.java:131)
	at org.eclipse.jetty.security.SecurityHandler.handle(SecurityHandler.java:549)
	at org.eclipse.jetty.server.handler.HandlerWrapper.handle(HandlerWrapper.java:122)
	at org.eclipse.jetty.server.handler.ScopedHandler.nextHandle(ScopedHandler.java:223)
	at org.eclipse.jetty.server.session.SessionHandler.doHandle(SessionHandler.java:1570)
	at org.eclipse.jetty.server.handler.ScopedHandler.nextHandle(ScopedHandler.java:221)
	at org.eclipse.jetty.server.handler.ContextHandler.doHandle(ContextHandler.java:1384)
	at org.eclipse.jetty.server.handler.ScopedHandler.nextScope(ScopedHandler.java:176)
	at org.eclipse.jetty.servlet.ServletHandler.doScope(ServletHandler.java:484)
	at org.eclipse.jetty.server.session.SessionHandler.doScope(SessionHandler.java:1543)
	at org.eclipse.jetty.server.handler.ScopedHandler.nextScope(ScopedHandler.java:174)
	at org.eclipse.jetty.server.handler.ContextHandler.doScope(ContextHandler.java:1306)
	at org.eclipse.jetty.server.handler.ScopedHandler.handle(ScopedHandler.java:129)
	at org.eclipse.jetty.server.handler.HandlerWrapper.handle(HandlerWrapper.java:122)
	at org.eclipse.jetty.server.Server.handle(Server.java:563)
	at org.eclipse.jetty.server.HttpChannel.lambda$handle$0(HttpChannel.java:505)
	at org.eclipse.jetty.server.HttpChannel.dispatch(HttpChannel.java:762)
	at org.eclipse.jetty.server.HttpChannel.handle(HttpChannel.java:497)
	at org.eclipse.jetty.server.HttpConnection.onFillable(HttpConnection.java:282)
	at org.eclipse.jetty.io.AbstractConnection$ReadCallback.succeeded(AbstractConnection.java:314)
	at org.eclipse.jetty.io.FillInterest.fillable(FillInterest.java:100)
	at org.eclipse.jetty.io.SelectableChannelEndPoint$1.run(SelectableChannelEndPoint.java:53)
	at org.eclipse.jetty.util.thread.QueuedThreadPool.runJob(QueuedThreadPool.java:969)
	at org.eclipse.jetty.util.thread.QueuedThreadPool$Runner.doRunJob(QueuedThreadPool.java:1194)
	at org.eclipse.jetty.util.thread.QueuedThreadPool$Runner.run(QueuedThreadPool.java:1149)
	at java.base/java.lang.Thread.run(Thread.java:1583)
   9.588 [id=188]	WARNING	o.h.DefaultCssErrorHandler#error: CSS error: 'http://localhost:16233/jenkins/static/075dee93/jsbundles/styles.css' [1:134087] Error in pseudo class or element. (Invalid token ".". Was expecting one of: <S>, <NUMBER>, <IDENT>, <STRING>, "-", "+", <DIMENSION>.)
   9.589 [id=188]	WARNING	o.h.DefaultCssErrorHandler#warning: CSS warning: 'http://localhost:16233/jenkins/static/075dee93/jsbundles/styles.css' [1:134087] Ignoring the whole rule.
  15.896 [id=188]	WARNING	o.h.DefaultCssErrorHandler#error: CSS error: 'http://localhost:16233/jenkins/static/075dee93/jsbundles/styles.css' [1:134087] Error in pseudo class or element. (Invalid token ".". Was expecting one of: <S>, <NUMBER>, <IDENT>, <STRING>, "-", "+", <DIMENSION>.)
  15.897 [id=188]	WARNING	o.h.DefaultCssErrorHandler#warning: CSS warning: 'http://localhost:16233/jenkins/static/075dee93/jsbundles/styles.css' [1:134087] Ignoring the whole rule.
  16.651 [id=188]	INFO	hudson.lifecycle.Lifecycle#onStatusUpdate: Stopping Jenkins
  16.670 [id=188]	INFO	hudson.lifecycle.Lifecycle#onStatusUpdate: Jenkins stopped
  16.800 [id=188]	INFO	o.j.h.t.TemporaryDirectoryAllocator#dispose: deleting C:\Users\david\Desktop\david\logstash-plugin\target\tmp\j h17275337850903497631
]]></system-err>
  </testcase>
  <testcase name="disabled" classname="jenkins.plugins.logstash.LogstashConfigurationTest" time="1.137">
    <system-out><![CDATA[=== Starting disabled(jenkins.plugins.logstash.LogstashConfigurationTest)
]]></system-out>
    <system-err><![CDATA[   0.046 [id=242]	INFO	o.jvnet.hudson.test.JenkinsRule#createWebServer: Running on http://localhost:16237/jenkins/
   0.126 [id=255]	INFO	jenkins.InitReactorRunner$1#onAttained: Started initialization
   0.127 [id=256]	INFO	jenkins.InitReactorRunner$1#onAttained: Listed all plugins
   0.129 [id=255]	INFO	j.b.api.BouncyCastlePlugin#start: C:\Users\david\Desktop\david\logstash-plugin\target\tmp\j h15885670504418681763\plugins\bouncycastle-api\WEB-INF\optional-lib not found; for non RealJenkinsRule this is fine and can be ignored.
   0.149 [id=261]	INFO	j.plugins.logstash.PluginImpl#start: Logstash: a logstash agent to send jenkins logs to a logstash indexer.
   0.347 [id=254]	INFO	jenkins.InitReactorRunner$1#onAttained: Prepared all plugins
   0.350 [id=261]	INFO	jenkins.InitReactorRunner$1#onAttained: Started all plugins
   0.351 [id=259]	INFO	jenkins.InitReactorRunner$1#onAttained: Augmented all extensions
   0.933 [id=260]	INFO	jenkins.InitReactorRunner$1#onAttained: System config loaded
   0.947 [id=260]	INFO	jenkins.InitReactorRunner$1#onAttained: System config adapted
   0.948 [id=254]	INFO	jenkins.InitReactorRunner$1#onAttained: Loaded all jobs
   0.949 [id=258]	INFO	jenkins.InitReactorRunner$1#onAttained: Configuration for all jobs updated
   0.979 [id=255]	INFO	jenkins.InitReactorRunner$1#onAttained: Completed initialization
   1.003 [id=242]	INFO	hudson.lifecycle.Lifecycle#onStatusUpdate: Stopping Jenkins
   1.015 [id=242]	INFO	hudson.lifecycle.Lifecycle#onStatusUpdate: Jenkins stopped
   1.113 [id=242]	INFO	o.j.h.t.TemporaryDirectoryAllocator#dispose: deleting C:\Users\david\Desktop\david\logstash-plugin\target\tmp\j h15885670504418681763
]]></system-err>
  </testcase>
  <testcase name="unconfiguredWillReturnNull" classname="jenkins.plugins.logstash.LogstashConfigurationTest" time="1.655">
    <system-out><![CDATA[=== Starting unconfiguredWillReturnNull(jenkins.plugins.logstash.LogstashConfigurationTest)
]]></system-out>
    <system-err><![CDATA[   0.015 [id=279]	INFO	o.jvnet.hudson.test.JenkinsRule#createWebServer: Running on http://localhost:16240/jenkins/
   0.095 [id=292]	INFO	jenkins.InitReactorRunner$1#onAttained: Started initialization
   0.096 [id=296]	INFO	jenkins.InitReactorRunner$1#onAttained: Listed all plugins
   0.098 [id=297]	INFO	j.b.api.BouncyCastlePlugin#start: C:\Users\david\Desktop\david\logstash-plugin\target\tmp\j h3623932761858494588\plugins\bouncycastle-api\WEB-INF\optional-lib not found; for non RealJenkinsRule this is fine and can be ignored.
   0.110 [id=295]	INFO	j.plugins.logstash.PluginImpl#start: Logstash: a logstash agent to send jenkins logs to a logstash indexer.
   0.239 [id=295]	INFO	jenkins.InitReactorRunner$1#onAttained: Prepared all plugins
   0.241 [id=294]	INFO	jenkins.InitReactorRunner$1#onAttained: Started all plugins
   0.243 [id=291]	INFO	jenkins.InitReactorRunner$1#onAttained: Augmented all extensions
   1.457 [id=291]	INFO	jenkins.InitReactorRunner$1#onAttained: System config loaded
   1.466 [id=291]	INFO	jenkins.InitReactorRunner$1#onAttained: System config adapted
   1.467 [id=291]	INFO	jenkins.InitReactorRunner$1#onAttained: Loaded all jobs
   1.467 [id=291]	INFO	jenkins.InitReactorRunner$1#onAttained: Configuration for all jobs updated
   1.500 [id=292]	INFO	jenkins.InitReactorRunner$1#onAttained: Completed initialization
   1.524 [id=279]	INFO	hudson.lifecycle.Lifecycle#onStatusUpdate: Stopping Jenkins
   1.535 [id=279]	INFO	hudson.lifecycle.Lifecycle#onStatusUpdate: Jenkins stopped
   1.637 [id=279]	INFO	o.j.h.t.TemporaryDirectoryAllocator#dispose: deleting C:\Users\david\Desktop\david\logstash-plugin\target\tmp\j h3623932761858494588
]]></system-err>
  </testcase>
  <testcase name="programmaticConfigurationChangesActiveIndexer" classname="jenkins.plugins.logstash.LogstashConfigurationTest" time="1.212">
    <system-out><![CDATA[=== Starting programmaticConfigurationChangesActiveIndexer(jenkins.plugins.logstash.LogstashConfigurationTest)
]]></system-out>
    <system-err><![CDATA[   0.015 [id=316]	INFO	o.jvnet.hudson.test.JenkinsRule#createWebServer: Running on http://localhost:16243/jenkins/
   0.096 [id=329]	INFO	jenkins.InitReactorRunner$1#onAttained: Started initialization
   0.097 [id=329]	INFO	jenkins.InitReactorRunner$1#onAttained: Listed all plugins
   0.099 [id=332]	INFO	j.b.api.BouncyCastlePlugin#start: C:\Users\david\Desktop\david\logstash-plugin\target\tmp\j h12558429047972056025\plugins\bouncycastle-api\WEB-INF\optional-lib not found; for non RealJenkinsRule this is fine and can be ignored.
   0.111 [id=334]	INFO	j.plugins.logstash.PluginImpl#start: Logstash: a logstash agent to send jenkins logs to a logstash indexer.
   0.244 [id=334]	INFO	jenkins.InitReactorRunner$1#onAttained: Prepared all plugins
   0.246 [id=330]	INFO	jenkins.InitReactorRunner$1#onAttained: Started all plugins
   0.247 [id=333]	INFO	jenkins.InitReactorRunner$1#onAttained: Augmented all extensions
   0.988 [id=330]	INFO	jenkins.InitReactorRunner$1#onAttained: System config loaded
   1.006 [id=330]	INFO	jenkins.InitReactorRunner$1#onAttained: System config adapted
   1.006 [id=329]	INFO	jenkins.InitReactorRunner$1#onAttained: Loaded all jobs
   1.007 [id=331]	INFO	jenkins.InitReactorRunner$1#onAttained: Configuration for all jobs updated
   1.047 [id=333]	INFO	jenkins.InitReactorRunner$1#onAttained: Completed initialization
   1.080 [id=316]	INFO	hudson.lifecycle.Lifecycle#onStatusUpdate: Stopping Jenkins
   1.094 [id=316]	INFO	hudson.lifecycle.Lifecycle#onStatusUpdate: Jenkins stopped
   1.193 [id=316]	INFO	o.j.h.t.TemporaryDirectoryAllocator#dispose: deleting C:\Users\david\Desktop\david\logstash-plugin\target\tmp\j h12558429047972056025
]]></system-err>
  </testcase>
  <testcase name="milliSecondsConfigured" classname="jenkins.plugins.logstash.LogstashConfigurationTest" time="1.001">
    <system-out><![CDATA[=== Starting milliSecondsConfigured(jenkins.plugins.logstash.LogstashConfigurationTest)
]]></system-out>
    <system-err><![CDATA[   0.020 [id=353]	INFO	o.jvnet.hudson.test.JenkinsRule#createWebServer: Running on http://localhost:16246/jenkins/
   0.124 [id=366]	INFO	jenkins.InitReactorRunner$1#onAttained: Started initialization
   0.124 [id=367]	INFO	jenkins.InitReactorRunner$1#onAttained: Listed all plugins
   0.125 [id=365]	INFO	j.b.api.BouncyCastlePlugin#start: C:\Users\david\Desktop\david\logstash-plugin\target\tmp\j h15708266605390232627\plugins\bouncycastle-api\WEB-INF\optional-lib not found; for non RealJenkinsRule this is fine and can be ignored.
   0.136 [id=365]	INFO	j.plugins.logstash.PluginImpl#start: Logstash: a logstash agent to send jenkins logs to a logstash indexer.
   0.261 [id=365]	INFO	jenkins.InitReactorRunner$1#onAttained: Prepared all plugins
   0.262 [id=372]	INFO	jenkins.InitReactorRunner$1#onAttained: Started all plugins
   0.264 [id=369]	INFO	jenkins.InitReactorRunner$1#onAttained: Augmented all extensions
   0.748 [id=368]	INFO	jenkins.InitReactorRunner$1#onAttained: System config loaded
   0.762 [id=368]	INFO	jenkins.InitReactorRunner$1#onAttained: System config adapted
   0.763 [id=368]	INFO	jenkins.InitReactorRunner$1#onAttained: Loaded all jobs
   0.763 [id=367]	INFO	jenkins.InitReactorRunner$1#onAttained: Configuration for all jobs updated
   0.794 [id=369]	INFO	jenkins.InitReactorRunner$1#onAttained: Completed initialization
   0.858 [id=353]	INFO	hudson.lifecycle.Lifecycle#onStatusUpdate: Stopping Jenkins
   0.872 [id=353]	INFO	hudson.lifecycle.Lifecycle#onStatusUpdate: Jenkins stopped
   0.983 [id=353]	INFO	o.j.h.t.TemporaryDirectoryAllocator#dispose: deleting C:\Users\david\Desktop\david\logstash-plugin\target\tmp\j h15708266605390232627
]]></system-err>
  </testcase>
</testsuite>